#
# There is insufficient memory for the Java Runtime Environment to continue.
# Native memory allocation (malloc) failed to allocate 285296 bytes for Chunk::new
# Possible reasons:
#   The system is out of physical RAM or swap space
#   The process is running with CompressedOops enabled, and the Java Heap may be blocking the growth of the native heap
# Possible solutions:
#   Reduce memory load on the system
#   Increase physical memory or swap space
#   Check if swap backing store is full
#   Decrease Java heap size (-Xmx/-Xms)
#   Decrease number of Java threads
#   Decrease Java thread stack sizes (-Xss)
#   Set larger code cache with -XX:ReservedCodeCacheSize=
#   JVM is running with Unscaled Compressed Oops mode in which the Java heap is
#     placed in the first 4GB address space. The Java Heap base address is the
#     maximum limit for the native heap growth. Please use -XX:HeapBaseMinAddress
#     to set the Java Heap base and to place the Java Heap above 4GB virtual address.
# This output file may be truncated or incomplete.
#
#  Out of Memory Error (./src/hotspot/share/memory/arena.cpp:197), pid=1536, tid=5020
#
# JRE version: OpenJDK Runtime Environment (11.0.10) (build 11.0.10+0-b96-7249189)
# Java VM: OpenJDK 64-Bit Server VM (11.0.10+0-b96-7249189, mixed mode, tiered, compressed oops, g1 gc, windows-amd64)
# No core dump will be written. Minidumps are not enabled by default on client versions of Windows
#

---------------  S U M M A R Y ------------

Command Line: --add-opens=java.base/java.util=ALL-UNNAMED --add-opens=java.base/java.lang=ALL-UNNAMED --add-opens=java.base/java.lang.invoke=ALL-UNNAMED --add-opens=java.prefs/java.util.prefs=ALL-UNNAMED -XX:MaxMetaspaceSize=256m -XX:+HeapDumpOnOutOfMemoryError -Xms256m -Xmx512m -Dfile.encoding=windows-1252 -Duser.country=IN -Duser.language=en -Duser.variant org.gradle.launcher.daemon.bootstrap.GradleDaemon 6.9

Host: Intel(R) Core(TM) i3-2328M CPU @ 2.20GHz, 4 cores, 7G,  Windows 10 , 64 bit Build 19041 (10.0.19041.1)
Time: Wed Feb  9 02:41:51 2022 India Standard Time elapsed time: 160.149975 seconds (0d 0h 2m 40s)

---------------  T H R E A D  ---------------

Current thread (0x0000017ba57f1800):  JavaThread "C2 CompilerThread0" daemon [_thread_in_native, id=5020, stack(0x00000065a9900000,0x00000065a9a00000)]


Current CompileTask:
C2: 160150 12650       4       org.gradle.internal.logging.text.AbstractLineChoppingStyledTextOutput::doAppend (43 bytes)

Stack: [0x00000065a9900000,0x00000065a9a00000]
Native frames: (J=compiled Java code, j=interpreted, Vv=VM code, C=native code)
V  [jvm.dll+0x5ecfaa]
V  [jvm.dll+0x722bd5]
V  [jvm.dll+0x72412d]
V  [jvm.dll+0x7247e3]
V  [jvm.dll+0x242928]
V  [jvm.dll+0xbc4fc]
V  [jvm.dll+0xbca0c]
V  [jvm.dll+0x2b4fd4]
V  [jvm.dll+0x506028]
V  [jvm.dll+0x1fc985]
V  [jvm.dll+0x1fa77f]
V  [jvm.dll+0x18354c]
V  [jvm.dll+0x208ee7]
V  [jvm.dll+0x207731]
V  [jvm.dll+0x6eb1cf]
V  [jvm.dll+0x6e3d45]
V  [jvm.dll+0x5ebe96]
C  [ucrtbase.dll+0x21542]
C  [KERNEL32.DLL+0x16fd4]
C  [ntdll.dll+0x4cf31]


---------------  P R O C E S S  ---------------

Threads class SMR info:
_java_thread_list=0x0000017ba818b940, length=43, elements={
0x0000017b8edbb000, 0x0000017ba57d2000, 0x0000017ba57d3000, 0x0000017ba6153800,
0x0000017ba6156800, 0x0000017ba615a800, 0x0000017ba57f1800, 0x0000017ba57f6800,
0x0000017ba57f8000, 0x0000017ba62cd000, 0x0000017ba6d55800, 0x0000017ba650b000,
0x0000017ba7c16800, 0x0000017ba6e26000, 0x0000017ba6d48800, 0x0000017ba79e9800,
0x0000017ba7211000, 0x0000017ba8817000, 0x0000017ba880e800, 0x0000017ba880b000,
0x0000017ba880d800, 0x0000017ba880f000, 0x0000017ba8810000, 0x0000017ba8811800,
0x0000017ba8810800, 0x0000017ba880c000, 0x0000017ba880c800, 0x0000017bab5e7000,
0x0000017bab5e5800, 0x0000017bab5e8000, 0x0000017bab5e9000, 0x0000017bab5e4800,
0x0000017bab5ed800, 0x0000017babdd7000, 0x0000017bad40a000, 0x0000017bad407000,
0x0000017bad40d800, 0x0000017bad40b000, 0x0000017bad40e000, 0x0000017bad408800,
0x0000017bad409800, 0x0000017bad40f000, 0x0000017bb0142800
}

Java Threads: ( => current thread )
  0x0000017b8edbb000 JavaThread "main" [_thread_blocked, id=4060, stack(0x00000065a8d00000,0x00000065a8e00000)]
  0x0000017ba57d2000 JavaThread "Reference Handler" daemon [_thread_blocked, id=9004, stack(0x00000065a9400000,0x00000065a9500000)]
  0x0000017ba57d3000 JavaThread "Finalizer" daemon [_thread_blocked, id=15052, stack(0x00000065a9500000,0x00000065a9600000)]
  0x0000017ba6153800 JavaThread "Signal Dispatcher" daemon [_thread_blocked, id=14428, stack(0x00000065a9600000,0x00000065a9700000)]
  0x0000017ba6156800 JavaThread "Attach Listener" daemon [_thread_blocked, id=8728, stack(0x00000065a9700000,0x00000065a9800000)]
  0x0000017ba615a800 JavaThread "Service Thread" daemon [_thread_blocked, id=11280, stack(0x00000065a9800000,0x00000065a9900000)]
=>0x0000017ba57f1800 JavaThread "C2 CompilerThread0" daemon [_thread_in_native, id=5020, stack(0x00000065a9900000,0x00000065a9a00000)]
  0x0000017ba57f6800 JavaThread "C1 CompilerThread0" daemon [_thread_blocked, id=6568, stack(0x00000065a9a00000,0x00000065a9b00000)]
  0x0000017ba57f8000 JavaThread "Sweeper thread" daemon [_thread_blocked, id=12104, stack(0x00000065a9b00000,0x00000065a9c00000)]
  0x0000017ba62cd000 JavaThread "Common-Cleaner" daemon [_thread_blocked, id=15056, stack(0x00000065a9c00000,0x00000065a9d00000)]
  0x0000017ba6d55800 JavaThread "Daemon health stats" [_thread_blocked, id=5196, stack(0x00000065aa200000,0x00000065aa300000)]
  0x0000017ba650b000 JavaThread "Incoming local TCP Connector on port 65219" [_thread_in_native, id=4440, stack(0x00000065a9e00000,0x00000065a9f00000)]
  0x0000017ba7c16800 JavaThread "Daemon periodic checks" [_thread_blocked, id=6004, stack(0x00000065aa300000,0x00000065aa400000)]
  0x0000017ba6e26000 JavaThread "Daemon" [_thread_blocked, id=4688, stack(0x00000065aa400000,0x00000065aa500000)]
  0x0000017ba6d48800 JavaThread "Handler for socket connection from /127.0.0.1:65219 to /127.0.0.1:65220" [_thread_in_native, id=14104, stack(0x00000065aa500000,0x00000065aa600000)]
  0x0000017ba79e9800 JavaThread "Cancel handler" [_thread_blocked, id=9280, stack(0x00000065aa600000,0x00000065aa700000)]
  0x0000017ba7211000 JavaThread "Daemon worker" [_thread_blocked, id=6036, stack(0x00000065aa700000,0x00000065aa800000)]
  0x0000017ba8817000 JavaThread "Asynchronous log dispatcher for DefaultDaemonConnection: socket connection from /127.0.0.1:65219 to /127.0.0.1:65220" [_thread_blocked, id=9572, stack(0x00000065aa800000,0x00000065aa900000)]
  0x0000017ba880e800 JavaThread "Daemon client event forwarder" [_thread_blocked, id=11220, stack(0x00000065aaa00000,0x00000065aab00000)]
  0x0000017ba880b000 JavaThread "Cache worker for file hash cache (C:\Users\pc\.gradle\caches\6.9\fileHashes)" [_thread_blocked, id=7652, stack(0x00000065aab00000,0x00000065aac00000)]
  0x0000017ba880d800 JavaThread "File lock request listener" [_thread_in_native, id=5760, stack(0x00000065aac00000,0x00000065aad00000)]
  0x0000017ba880f000 JavaThread "Cache worker for journal cache (C:\Users\pc\.gradle\caches\journal-1)" [_thread_blocked, id=3036, stack(0x00000065aad00000,0x00000065aae00000)]
  0x0000017ba8810000 JavaThread "Cache worker for file hash cache (D:\New folder\MainICICI\android\.gradle\6.9\fileHashes)" [_thread_blocked, id=5600, stack(0x00000065aaf00000,0x00000065ab000000)]
  0x0000017ba8811800 JavaThread "Cache worker for checksums cache (D:\New folder\MainICICI\android\.gradle\checksums)" [_thread_blocked, id=2724, stack(0x00000065aae00000,0x00000065aaf00000)]
  0x0000017ba8810800 JavaThread "Cache worker for cache directory md-supplier (C:\Users\pc\.gradle\caches\6.9\md-supplier)" [_thread_blocked, id=2028, stack(0x00000065ab000000,0x00000065ab100000)]
  0x0000017ba880c000 JavaThread "Cache worker for cache directory md-rule (C:\Users\pc\.gradle\caches\6.9\md-rule)" [_thread_blocked, id=13544, stack(0x00000065ab200000,0x00000065ab300000)]
  0x0000017ba880c800 JavaThread "Cache worker for execution history cache (C:\Users\pc\.gradle\caches\6.9\executionHistory)" [_thread_blocked, id=3944, stack(0x00000065ab300000,0x00000065ab400000)]
  0x0000017bab5e7000 JavaThread "Cache worker for file content cache (C:\Users\pc\.gradle\caches\6.9\fileContent)" [_thread_blocked, id=9684, stack(0x00000065ab500000,0x00000065ab600000)]
  0x0000017bab5e5800 JavaThread "Cache worker for Build Output Cleanup Cache (D:\New folder\MainICICI\android\.gradle\buildOutputCleanup)" [_thread_blocked, id=13520, stack(0x00000065ab800000,0x00000065ab900000)]
  0x0000017bab5e8000 JavaThread "Build operations" [_thread_blocked, id=3772, stack(0x00000065ab900000,0x00000065aba00000)]
  0x0000017bab5e9000 JavaThread "Build operations Thread 2" [_thread_blocked, id=13956, stack(0x00000065aba00000,0x00000065abb00000)]
  0x0000017bab5e4800 JavaThread "Build operations Thread 3" [_thread_blocked, id=12760, stack(0x00000065abb00000,0x00000065abc00000)]
  0x0000017bab5ed800 JavaThread "Build operations Thread 4" [_thread_blocked, id=12488, stack(0x00000065abc00000,0x00000065abd00000)]
  0x0000017babdd7000 JavaThread "Memory manager" [_thread_blocked, id=2312, stack(0x00000065b1d00000,0x00000065b1e00000)]
  0x0000017bad40a000 JavaThread "build event listener" [_thread_blocked, id=6648, stack(0x00000065b3b00000,0x00000065b3c00000)]
  0x0000017bad407000 JavaThread "build event listener" [_thread_blocked, id=12292, stack(0x00000065b3c00000,0x00000065b3d00000)]
  0x0000017bad40d800 JavaThread "Execution worker for ':'" [_thread_blocked, id=8800, stack(0x00000065b3d00000,0x00000065b3e00000)]
  0x0000017bad40b000 JavaThread "Execution worker for ':' Thread 2" [_thread_blocked, id=2636, stack(0x00000065b3e00000,0x00000065b3f00000)]
  0x0000017bad40e000 JavaThread "Execution worker for ':' Thread 3" [_thread_blocked, id=14620, stack(0x00000065b3f00000,0x00000065b4000000)]
  0x0000017bad408800 JavaThread "Cache worker for execution history cache (D:\New folder\MainICICI\android\.gradle\6.9\executionHistory)" [_thread_blocked, id=13664, stack(0x00000065b4000000,0x00000065b4100000)]
  0x0000017bad409800 JavaThread "Exec process" [_thread_in_native, id=13160, stack(0x00000065b4100000,0x00000065b4200000)]
  0x0000017bad40f000 JavaThread "Exec process Thread 2" [_thread_in_native, id=8536, stack(0x00000065b4200000,0x00000065b4300000)]
  0x0000017bb0142800 JavaThread "Exec process Thread 3" [_thread_in_native, id=14080, stack(0x00000065b4300000,0x00000065b4400000)]

Other Threads:
  0x0000017ba57ab800 VMThread "VM Thread" [stack: 0x00000065a9300000,0x00000065a9400000] [id=4668]
  0x0000017ba62fc000 WatcherThread [stack: 0x00000065a9d00000,0x00000065a9e00000] [id=7648]
  0x0000017b8edd5800 GCTaskThread "GC Thread#0" [stack: 0x00000065a8e00000,0x00000065a8f00000] [id=5056]
  0x0000017ba6630800 GCTaskThread "GC Thread#1" [stack: 0x00000065a9f00000,0x00000065aa000000] [id=2184]
  0x0000017ba6633000 GCTaskThread "GC Thread#2" [stack: 0x00000065aa000000,0x00000065aa100000] [id=9536]
  0x0000017ba6aed800 GCTaskThread "GC Thread#3" [stack: 0x00000065aa100000,0x00000065aa200000] [id=14880]
  0x0000017b8ede6800 ConcurrentGCThread "G1 Main Marker" [stack: 0x00000065a8f00000,0x00000065a9000000] [id=11764]
  0x0000017b8ede9800 ConcurrentGCThread "G1 Conc#0" [stack: 0x00000065a9000000,0x00000065a9100000] [id=560]
  0x0000017b8ee9d800 ConcurrentGCThread "G1 Refine#0" [stack: 0x00000065a9100000,0x00000065a9200000] [id=1748]
  0x0000017ba564a800 ConcurrentGCThread "G1 Young RemSet Sampling" [stack: 0x00000065a9200000,0x00000065a9300000] [id=10232]

Threads with active compile tasks:
C2 CompilerThread0 160220 12650       4       org.gradle.internal.logging.text.AbstractLineChoppingStyledTextOutput::doAppend (43 bytes)

VM state:not at safepoint (normal execution)

VM Mutex/Monitor currently owned by a thread: None

Heap address: 0x00000000e0000000, size: 512 MB, Compressed Oops mode: 32-bit
Narrow klass base: 0x0000000000000000, Narrow klass shift: 3
Compressed class space size: 260046848 Address: 0x0000000100000000

Heap:
 garbage-first heap   total 262144K, used 163465K [0x00000000e0000000, 0x0000000100000000)
  region size 1024K, 13 young (13312K), 6 survivors (6144K)
 Metaspace       used 90731K, capacity 94122K, committed 94412K, reserved 335872K
  class space    used 11718K, capacity 12967K, committed 13056K, reserved 253952K
Heap Regions: E=young(eden), S=young(survivor), O=old, HS=humongous(starts), HC=humongous(continues), CS=collection set, F=free, A=archive, TAMS=top-at-mark-start (previous, next)
|   0|0x00000000e0000000, 0x00000000e0100000, 0x00000000e0100000|100%| O|  |TAMS 0x00000000e0100000, 0x00000000e0000000| Untracked 
|   1|0x00000000e0100000, 0x00000000e0200000, 0x00000000e0200000|100%| O|  |TAMS 0x00000000e0200000, 0x00000000e0100000| Untracked 
|   2|0x00000000e0200000, 0x00000000e0300000, 0x00000000e0300000|100%| O|  |TAMS 0x00000000e0300000, 0x00000000e0200000| Untracked 
|   3|0x00000000e0300000, 0x00000000e0400000, 0x00000000e0400000|100%|HS|  |TAMS 0x00000000e0400000, 0x00000000e0300000| Complete 
|   4|0x00000000e0400000, 0x00000000e0500000, 0x00000000e0500000|100%|HC|  |TAMS 0x00000000e0500000, 0x00000000e0400000| Complete 
|   5|0x00000000e0500000, 0x00000000e0600000, 0x00000000e0600000|100%|HC|  |TAMS 0x00000000e0600000, 0x00000000e0500000| Complete 
|   6|0x00000000e0600000, 0x00000000e0700000, 0x00000000e0700000|100%| O|  |TAMS 0x00000000e0700000, 0x00000000e0600000| Untracked 
|   7|0x00000000e0700000, 0x00000000e0800000, 0x00000000e0800000|100%| O|  |TAMS 0x00000000e0800000, 0x00000000e0700000| Untracked 
|   8|0x00000000e0800000, 0x00000000e0900000, 0x00000000e0900000|100%| O|  |TAMS 0x00000000e0900000, 0x00000000e0800000| Untracked 
|   9|0x00000000e0900000, 0x00000000e0a00000, 0x00000000e0a00000|100%| O|  |TAMS 0x00000000e0a00000, 0x00000000e0900000| Untracked 
|  10|0x00000000e0a00000, 0x00000000e0b00000, 0x00000000e0b00000|100%| O|  |TAMS 0x00000000e0b00000, 0x00000000e0a00000| Untracked 
|  11|0x00000000e0b00000, 0x00000000e0c00000, 0x00000000e0c00000|100%| O|  |TAMS 0x00000000e0c00000, 0x00000000e0b00000| Untracked 
|  12|0x00000000e0c00000, 0x00000000e0d00000, 0x00000000e0d00000|100%| O|  |TAMS 0x00000000e0d00000, 0x00000000e0c00000| Untracked 
|  13|0x00000000e0d00000, 0x00000000e0e00000, 0x00000000e0e00000|100%| O|  |TAMS 0x00000000e0e00000, 0x00000000e0d00000| Untracked 
|  14|0x00000000e0e00000, 0x00000000e0f00000, 0x00000000e0f00000|100%|HS|  |TAMS 0x00000000e0f00000, 0x00000000e0e00000| Complete 
|  15|0x00000000e0f00000, 0x00000000e1000000, 0x00000000e1000000|100%|HS|  |TAMS 0x00000000e1000000, 0x00000000e0f00000| Complete 
|  16|0x00000000e1000000, 0x00000000e1100000, 0x00000000e1100000|100%|HC|  |TAMS 0x00000000e1100000, 0x00000000e1000000| Complete 
|  17|0x00000000e1100000, 0x00000000e1200000, 0x00000000e1200000|100%| O|  |TAMS 0x00000000e1200000, 0x00000000e1100000| Untracked 
|  18|0x00000000e1200000, 0x00000000e1300000, 0x00000000e1300000|100%| O|  |TAMS 0x00000000e1300000, 0x00000000e1200000| Untracked 
|  19|0x00000000e1300000, 0x00000000e1400000, 0x00000000e1400000|100%| O|  |TAMS 0x00000000e1400000, 0x00000000e1300000| Untracked 
|  20|0x00000000e1400000, 0x00000000e1500000, 0x00000000e1500000|100%| O|  |TAMS 0x00000000e1500000, 0x00000000e1400000| Untracked 
|  21|0x00000000e1500000, 0x00000000e1600000, 0x00000000e1600000|100%| O|  |TAMS 0x00000000e1600000, 0x00000000e1500000| Untracked 
|  22|0x00000000e1600000, 0x00000000e1700000, 0x00000000e1700000|100%| O|  |TAMS 0x00000000e1700000, 0x00000000e1600000| Untracked 
|  23|0x00000000e1700000, 0x00000000e1800000, 0x00000000e1800000|100%| O|  |TAMS 0x00000000e1800000, 0x00000000e1700000| Untracked 
|  24|0x00000000e1800000, 0x00000000e1900000, 0x00000000e1900000|100%| O|  |TAMS 0x00000000e1900000, 0x00000000e1800000| Untracked 
|  25|0x00000000e1900000, 0x00000000e1a00000, 0x00000000e1a00000|100%| O|  |TAMS 0x00000000e1a00000, 0x00000000e1900000| Untracked 
|  26|0x00000000e1a00000, 0x00000000e1b00000, 0x00000000e1b00000|100%| O|  |TAMS 0x00000000e1b00000, 0x00000000e1a00000| Untracked 
|  27|0x00000000e1b00000, 0x00000000e1c00000, 0x00000000e1c00000|100%| O|  |TAMS 0x00000000e1c00000, 0x00000000e1b00000| Untracked 
|  28|0x00000000e1c00000, 0x00000000e1d00000, 0x00000000e1d00000|100%| O|  |TAMS 0x00000000e1d00000, 0x00000000e1c00000| Untracked 
|  29|0x00000000e1d00000, 0x00000000e1e00000, 0x00000000e1e00000|100%| O|  |TAMS 0x00000000e1e00000, 0x00000000e1d00000| Untracked 
|  30|0x00000000e1e00000, 0x00000000e1f00000, 0x00000000e1f00000|100%| O|  |TAMS 0x00000000e1f00000, 0x00000000e1e00000| Untracked 
|  31|0x00000000e1f00000, 0x00000000e2000000, 0x00000000e2000000|100%| O|  |TAMS 0x00000000e2000000, 0x00000000e1f00000| Untracked 
|  32|0x00000000e2000000, 0x00000000e2100000, 0x00000000e2100000|100%| O|  |TAMS 0x00000000e2100000, 0x00000000e2000000| Untracked 
|  33|0x00000000e2100000, 0x00000000e2200000, 0x00000000e2200000|100%| O|  |TAMS 0x00000000e2200000, 0x00000000e2100000| Untracked 
|  34|0x00000000e2200000, 0x00000000e2300000, 0x00000000e2300000|100%| O|  |TAMS 0x00000000e2300000, 0x00000000e2200000| Untracked 
|  35|0x00000000e2300000, 0x00000000e2400000, 0x00000000e2400000|100%| O|  |TAMS 0x00000000e2400000, 0x00000000e2300000| Untracked 
|  36|0x00000000e2400000, 0x00000000e2500000, 0x00000000e2500000|100%| O|  |TAMS 0x00000000e2500000, 0x00000000e2400000| Untracked 
|  37|0x00000000e2500000, 0x00000000e2600000, 0x00000000e2600000|100%| O|  |TAMS 0x00000000e2600000, 0x00000000e2500000| Untracked 
|  38|0x00000000e2600000, 0x00000000e2700000, 0x00000000e2700000|100%| O|  |TAMS 0x00000000e2700000, 0x00000000e2600000| Untracked 
|  39|0x00000000e2700000, 0x00000000e2800000, 0x00000000e2800000|100%| O|  |TAMS 0x00000000e2800000, 0x00000000e2700000| Untracked 
|  40|0x00000000e2800000, 0x00000000e2900000, 0x00000000e2900000|100%| O|  |TAMS 0x00000000e2900000, 0x00000000e2800000| Untracked 
|  41|0x00000000e2900000, 0x00000000e2a00000, 0x00000000e2a00000|100%| O|  |TAMS 0x00000000e2a00000, 0x00000000e2900000| Untracked 
|  42|0x00000000e2a00000, 0x00000000e2b00000, 0x00000000e2b00000|100%| O|  |TAMS 0x00000000e2b00000, 0x00000000e2a00000| Untracked 
|  43|0x00000000e2b00000, 0x00000000e2c00000, 0x00000000e2c00000|100%| O|  |TAMS 0x00000000e2c00000, 0x00000000e2b00000| Untracked 
|  44|0x00000000e2c00000, 0x00000000e2d00000, 0x00000000e2d00000|100%| O|  |TAMS 0x00000000e2d00000, 0x00000000e2c00000| Untracked 
|  45|0x00000000e2d00000, 0x00000000e2e00000, 0x00000000e2e00000|100%| O|  |TAMS 0x00000000e2e00000, 0x00000000e2d00000| Untracked 
|  46|0x00000000e2e00000, 0x00000000e2f00000, 0x00000000e2f00000|100%| O|  |TAMS 0x00000000e2f00000, 0x00000000e2e00000| Untracked 
|  47|0x00000000e2f00000, 0x00000000e3000000, 0x00000000e3000000|100%| O|  |TAMS 0x00000000e3000000, 0x00000000e2f00000| Untracked 
|  48|0x00000000e3000000, 0x00000000e3100000, 0x00000000e3100000|100%| O|  |TAMS 0x00000000e3100000, 0x00000000e3000000| Untracked 
|  49|0x00000000e3100000, 0x00000000e3200000, 0x00000000e3200000|100%| O|  |TAMS 0x00000000e3200000, 0x00000000e3100000| Untracked 
|  50|0x00000000e3200000, 0x00000000e3300000, 0x00000000e3300000|100%| O|  |TAMS 0x00000000e3300000, 0x00000000e3200000| Untracked 
|  51|0x00000000e3300000, 0x00000000e3400000, 0x00000000e3400000|100%| O|  |TAMS 0x00000000e3400000, 0x00000000e3300000| Untracked 
|  52|0x00000000e3400000, 0x00000000e3500000, 0x00000000e3500000|100%|HS|  |TAMS 0x00000000e3500000, 0x00000000e3400000| Complete 
|  53|0x00000000e3500000, 0x00000000e3600000, 0x00000000e3600000|100%|HS|  |TAMS 0x00000000e3600000, 0x00000000e3500000| Complete 
|  54|0x00000000e3600000, 0x00000000e3700000, 0x00000000e3700000|100%|HC|  |TAMS 0x00000000e3700000, 0x00000000e3600000| Complete 
|  55|0x00000000e3700000, 0x00000000e3800000, 0x00000000e3800000|100%|HC|  |TAMS 0x00000000e3800000, 0x00000000e3700000| Complete 
|  56|0x00000000e3800000, 0x00000000e3900000, 0x00000000e3900000|100%|HS|  |TAMS 0x00000000e3900000, 0x00000000e3800000| Complete 
|  57|0x00000000e3900000, 0x00000000e3a00000, 0x00000000e3a00000|100%|HC|  |TAMS 0x00000000e3a00000, 0x00000000e3900000| Complete 
|  58|0x00000000e3a00000, 0x00000000e3b00000, 0x00000000e3b00000|100%|HC|  |TAMS 0x00000000e3b00000, 0x00000000e3a00000| Complete 
|  59|0x00000000e3b00000, 0x00000000e3c00000, 0x00000000e3c00000|100%| O|  |TAMS 0x00000000e3c00000, 0x00000000e3b00000| Untracked 
|  60|0x00000000e3c00000, 0x00000000e3d00000, 0x00000000e3d00000|100%| O|  |TAMS 0x00000000e3d00000, 0x00000000e3c00000| Untracked 
|  61|0x00000000e3d00000, 0x00000000e3e00000, 0x00000000e3e00000|100%| O|  |TAMS 0x00000000e3e00000, 0x00000000e3d00000| Untracked 
|  62|0x00000000e3e00000, 0x00000000e3f00000, 0x00000000e3f00000|100%| O|  |TAMS 0x00000000e3f00000, 0x00000000e3e00000| Untracked 
|  63|0x00000000e3f00000, 0x00000000e4000000, 0x00000000e4000000|100%| O|  |TAMS 0x00000000e4000000, 0x00000000e3f00000| Untracked 
|  64|0x00000000e4000000, 0x00000000e4100000, 0x00000000e4100000|100%| O|  |TAMS 0x00000000e4100000, 0x00000000e4000000| Untracked 
|  65|0x00000000e4100000, 0x00000000e4200000, 0x00000000e4200000|100%| O|  |TAMS 0x00000000e4200000, 0x00000000e4100000| Untracked 
|  66|0x00000000e4200000, 0x00000000e4300000, 0x00000000e4300000|100%| O|  |TAMS 0x00000000e4300000, 0x00000000e4200000| Untracked 
|  67|0x00000000e4300000, 0x00000000e4400000, 0x00000000e4400000|100%| O|  |TAMS 0x00000000e4400000, 0x00000000e4300000| Untracked 
|  68|0x00000000e4400000, 0x00000000e4500000, 0x00000000e4500000|100%| O|  |TAMS 0x00000000e4500000, 0x00000000e4400000| Untracked 
|  69|0x00000000e4500000, 0x00000000e4600000, 0x00000000e4600000|100%| O|  |TAMS 0x00000000e4600000, 0x00000000e4500000| Untracked 
|  70|0x00000000e4600000, 0x00000000e4700000, 0x00000000e4700000|100%| O|  |TAMS 0x00000000e4700000, 0x00000000e4600000| Untracked 
|  71|0x00000000e4700000, 0x00000000e4800000, 0x00000000e4800000|100%| O|  |TAMS 0x00000000e4800000, 0x00000000e4700000| Untracked 
|  72|0x00000000e4800000, 0x00000000e4900000, 0x00000000e4900000|100%| O|  |TAMS 0x00000000e4900000, 0x00000000e4800000| Untracked 
|  73|0x00000000e4900000, 0x00000000e4a00000, 0x00000000e4a00000|100%| O|  |TAMS 0x00000000e4a00000, 0x00000000e4900000| Untracked 
|  74|0x00000000e4a00000, 0x00000000e4b00000, 0x00000000e4b00000|100%| O|  |TAMS 0x00000000e4b00000, 0x00000000e4a00000| Untracked 
|  75|0x00000000e4b00000, 0x00000000e4c00000, 0x00000000e4c00000|100%| O|  |TAMS 0x00000000e4c00000, 0x00000000e4b00000| Untracked 
|  76|0x00000000e4c00000, 0x00000000e4d00000, 0x00000000e4d00000|100%| O|  |TAMS 0x00000000e4d00000, 0x00000000e4c00000| Untracked 
|  77|0x00000000e4d00000, 0x00000000e4e00000, 0x00000000e4e00000|100%| O|  |TAMS 0x00000000e4e00000, 0x00000000e4d00000| Untracked 
|  78|0x00000000e4e00000, 0x00000000e4f00000, 0x00000000e4f00000|100%| O|  |TAMS 0x00000000e4f00000, 0x00000000e4e00000| Untracked 
|  79|0x00000000e4f00000, 0x00000000e5000000, 0x00000000e5000000|100%| O|  |TAMS 0x00000000e5000000, 0x00000000e4f00000| Untracked 
|  80|0x00000000e5000000, 0x00000000e5100000, 0x00000000e5100000|100%| O|  |TAMS 0x00000000e5100000, 0x00000000e5000000| Untracked 
|  81|0x00000000e5100000, 0x00000000e5200000, 0x00000000e5200000|100%| O|  |TAMS 0x00000000e5200000, 0x00000000e5100000| Untracked 
|  82|0x00000000e5200000, 0x00000000e5300000, 0x00000000e5300000|100%| O|  |TAMS 0x00000000e5300000, 0x00000000e5200000| Untracked 
|  83|0x00000000e5300000, 0x00000000e5400000, 0x00000000e5400000|100%| O|  |TAMS 0x00000000e5400000, 0x00000000e5300000| Untracked 
|  84|0x00000000e5400000, 0x00000000e5500000, 0x00000000e5500000|100%| O|  |TAMS 0x00000000e5500000, 0x00000000e5400000| Untracked 
|  85|0x00000000e5500000, 0x00000000e5600000, 0x00000000e5600000|100%| O|  |TAMS 0x00000000e5600000, 0x00000000e5500000| Untracked 
|  86|0x00000000e5600000, 0x00000000e5700000, 0x00000000e5700000|100%| O|  |TAMS 0x00000000e5700000, 0x00000000e5600000| Untracked 
|  87|0x00000000e5700000, 0x00000000e5800000, 0x00000000e5800000|100%| O|  |TAMS 0x00000000e5800000, 0x00000000e5700000| Untracked 
|  88|0x00000000e5800000, 0x00000000e5900000, 0x00000000e5900000|100%| O|  |TAMS 0x00000000e5900000, 0x00000000e5800000| Untracked 
|  89|0x00000000e5900000, 0x00000000e5a00000, 0x00000000e5a00000|100%| O|  |TAMS 0x00000000e5a00000, 0x00000000e5900000| Untracked 
|  90|0x00000000e5a00000, 0x00000000e5b00000, 0x00000000e5b00000|100%| O|  |TAMS 0x00000000e5b00000, 0x00000000e5a00000| Untracked 
|  91|0x00000000e5b00000, 0x00000000e5c00000, 0x00000000e5c00000|100%| O|  |TAMS 0x00000000e5c00000, 0x00000000e5b00000| Untracked 
|  92|0x00000000e5c00000, 0x00000000e5d00000, 0x00000000e5d00000|100%| O|  |TAMS 0x00000000e5d00000, 0x00000000e5c00000| Untracked 
|  93|0x00000000e5d00000, 0x00000000e5e00000, 0x00000000e5e00000|100%| O|  |TAMS 0x00000000e5e00000, 0x00000000e5d00000| Untracked 
|  94|0x00000000e5e00000, 0x00000000e5f00000, 0x00000000e5f00000|100%| O|  |TAMS 0x00000000e5f00000, 0x00000000e5e00000| Untracked 
|  95|0x00000000e5f00000, 0x00000000e6000000, 0x00000000e6000000|100%| O|  |TAMS 0x00000000e6000000, 0x00000000e5f00000| Untracked 
|  96|0x00000000e6000000, 0x00000000e6100000, 0x00000000e6100000|100%| O|  |TAMS 0x00000000e6100000, 0x00000000e6000000| Untracked 
|  97|0x00000000e6100000, 0x00000000e6200000, 0x00000000e6200000|100%| O|  |TAMS 0x00000000e6200000, 0x00000000e6100000| Untracked 
|  98|0x00000000e6200000, 0x00000000e6300000, 0x00000000e6300000|100%| O|  |TAMS 0x00000000e6300000, 0x00000000e6200000| Untracked 
|  99|0x00000000e6300000, 0x00000000e6400000, 0x00000000e6400000|100%| O|  |TAMS 0x00000000e6400000, 0x00000000e6300000| Untracked 
| 100|0x00000000e6400000, 0x00000000e6500000, 0x00000000e6500000|100%| O|  |TAMS 0x00000000e6500000, 0x00000000e6400000| Untracked 
| 101|0x00000000e6500000, 0x00000000e6600000, 0x00000000e6600000|100%| O|  |TAMS 0x00000000e6600000, 0x00000000e6500000| Untracked 
| 102|0x00000000e6600000, 0x00000000e6700000, 0x00000000e6700000|100%| O|  |TAMS 0x00000000e6700000, 0x00000000e6600000| Untracked 
| 103|0x00000000e6700000, 0x00000000e6800000, 0x00000000e6800000|100%| O|  |TAMS 0x00000000e6800000, 0x00000000e6700000| Untracked 
| 104|0x00000000e6800000, 0x00000000e6900000, 0x00000000e6900000|100%| O|  |TAMS 0x00000000e6900000, 0x00000000e6800000| Untracked 
| 105|0x00000000e6900000, 0x00000000e6a00000, 0x00000000e6a00000|100%| O|  |TAMS 0x00000000e6a00000, 0x00000000e6900000| Untracked 
| 106|0x00000000e6a00000, 0x00000000e6b00000, 0x00000000e6b00000|100%| O|  |TAMS 0x00000000e6b00000, 0x00000000e6a00000| Untracked 
| 107|0x00000000e6b00000, 0x00000000e6c00000, 0x00000000e6c00000|100%| O|  |TAMS 0x00000000e6c00000, 0x00000000e6b00000| Untracked 
| 108|0x00000000e6c00000, 0x00000000e6d00000, 0x00000000e6d00000|100%| O|  |TAMS 0x00000000e6d00000, 0x00000000e6c00000| Untracked 
| 109|0x00000000e6d00000, 0x00000000e6e00000, 0x00000000e6e00000|100%| O|  |TAMS 0x00000000e6e00000, 0x00000000e6d00000| Untracked 
| 110|0x00000000e6e00000, 0x00000000e6f00000, 0x00000000e6f00000|100%| O|  |TAMS 0x00000000e6f00000, 0x00000000e6e00000| Untracked 
| 111|0x00000000e6f00000, 0x00000000e7000000, 0x00000000e7000000|100%| O|  |TAMS 0x00000000e7000000, 0x00000000e6f00000| Untracked 
| 112|0x00000000e7000000, 0x00000000e7100000, 0x00000000e7100000|100%| O|  |TAMS 0x00000000e7100000, 0x00000000e7000000| Untracked 
| 113|0x00000000e7100000, 0x00000000e7200000, 0x00000000e7200000|100%| O|  |TAMS 0x00000000e7200000, 0x00000000e7100000| Untracked 
| 114|0x00000000e7200000, 0x00000000e7300000, 0x00000000e7300000|100%| O|  |TAMS 0x00000000e7300000, 0x00000000e7200000| Untracked 
| 115|0x00000000e7300000, 0x00000000e7400000, 0x00000000e7400000|100%| O|  |TAMS 0x00000000e7400000, 0x00000000e7300000| Untracked 
| 116|0x00000000e7400000, 0x00000000e7500000, 0x00000000e7500000|100%| O|  |TAMS 0x00000000e7500000, 0x00000000e7400000| Untracked 
| 117|0x00000000e7500000, 0x00000000e7600000, 0x00000000e7600000|100%| O|  |TAMS 0x00000000e7600000, 0x00000000e7500000| Untracked 
| 118|0x00000000e7600000, 0x00000000e7700000, 0x00000000e7700000|100%| O|  |TAMS 0x00000000e7700000, 0x00000000e7600000| Untracked 
| 119|0x00000000e7700000, 0x00000000e7800000, 0x00000000e7800000|100%| O|  |TAMS 0x00000000e7800000, 0x00000000e7700000| Untracked 
| 120|0x00000000e7800000, 0x00000000e7900000, 0x00000000e7900000|100%| O|  |TAMS 0x00000000e7900000, 0x00000000e7800000| Untracked 
| 121|0x00000000e7900000, 0x00000000e7a00000, 0x00000000e7a00000|100%| O|  |TAMS 0x00000000e7a00000, 0x00000000e7900000| Untracked 
| 122|0x00000000e7a00000, 0x00000000e7b00000, 0x00000000e7b00000|100%| O|  |TAMS 0x00000000e7b00000, 0x00000000e7a00000| Untracked 
| 123|0x00000000e7b00000, 0x00000000e7c00000, 0x00000000e7c00000|100%| O|  |TAMS 0x00000000e7c00000, 0x00000000e7b00000| Untracked 
| 124|0x00000000e7c00000, 0x00000000e7d00000, 0x00000000e7d00000|100%| O|  |TAMS 0x00000000e7d00000, 0x00000000e7c00000| Untracked 
| 125|0x00000000e7d00000, 0x00000000e7e00000, 0x00000000e7e00000|100%| O|  |TAMS 0x00000000e7e00000, 0x00000000e7d00000| Untracked 
| 126|0x00000000e7e00000, 0x00000000e7f00000, 0x00000000e7f00000|100%| O|  |TAMS 0x00000000e7f00000, 0x00000000e7e00000| Untracked 
| 127|0x00000000e7f00000, 0x00000000e8000000, 0x00000000e8000000|100%| O|  |TAMS 0x00000000e8000000, 0x00000000e7f00000| Untracked 
| 128|0x00000000e8000000, 0x00000000e8100000, 0x00000000e8100000|100%| O|  |TAMS 0x00000000e8100000, 0x00000000e8000000| Untracked 
| 129|0x00000000e8100000, 0x00000000e8200000, 0x00000000e8200000|100%| O|  |TAMS 0x00000000e8200000, 0x00000000e8100000| Untracked 
| 130|0x00000000e8200000, 0x00000000e8300000, 0x00000000e8300000|100%| O|  |TAMS 0x00000000e8300000, 0x00000000e8200000| Untracked 
| 131|0x00000000e8300000, 0x00000000e8400000, 0x00000000e8400000|100%| O|  |TAMS 0x00000000e8400000, 0x00000000e8300000| Untracked 
| 132|0x00000000e8400000, 0x00000000e8500000, 0x00000000e8500000|100%| O|  |TAMS 0x00000000e8500000, 0x00000000e8400000| Untracked 
| 133|0x00000000e8500000, 0x00000000e8600000, 0x00000000e8600000|100%| O|  |TAMS 0x00000000e8600000, 0x00000000e8500000| Untracked 
| 134|0x00000000e8600000, 0x00000000e8700000, 0x00000000e8700000|100%| O|  |TAMS 0x00000000e8700000, 0x00000000e8600000| Untracked 
| 135|0x00000000e8700000, 0x00000000e8800000, 0x00000000e8800000|100%| O|  |TAMS 0x00000000e8800000, 0x00000000e8700000| Untracked 
| 136|0x00000000e8800000, 0x00000000e8900000, 0x00000000e8900000|100%| O|  |TAMS 0x00000000e8900000, 0x00000000e8800000| Untracked 
| 137|0x00000000e8900000, 0x00000000e8a00000, 0x00000000e8a00000|100%| O|  |TAMS 0x00000000e8a00000, 0x00000000e8900000| Untracked 
| 138|0x00000000e8a00000, 0x00000000e8b00000, 0x00000000e8b00000|100%| O|  |TAMS 0x00000000e8b00000, 0x00000000e8a00000| Untracked 
| 139|0x00000000e8b00000, 0x00000000e8c00000, 0x00000000e8c00000|100%| O|  |TAMS 0x00000000e8c00000, 0x00000000e8b00000| Untracked 
| 140|0x00000000e8c00000, 0x00000000e8d00000, 0x00000000e8d00000|100%| O|  |TAMS 0x00000000e8d00000, 0x00000000e8c00000| Untracked 
| 141|0x00000000e8d00000, 0x00000000e8e00000, 0x00000000e8e00000|100%| O|  |TAMS 0x00000000e8e00000, 0x00000000e8d00000| Untracked 
| 142|0x00000000e8e00000, 0x00000000e8f00000, 0x00000000e8f00000|100%| O|  |TAMS 0x00000000e8f00000, 0x00000000e8e00000| Untracked 
| 143|0x00000000e8f00000, 0x00000000e9000000, 0x00000000e9000000|100%| O|  |TAMS 0x00000000e9000000, 0x00000000e8f00000| Untracked 
| 144|0x00000000e9000000, 0x00000000e9100000, 0x00000000e9100000|100%| O|  |TAMS 0x00000000e9100000, 0x00000000e9000000| Untracked 
| 145|0x00000000e9100000, 0x00000000e9200000, 0x00000000e9200000|100%| O|  |TAMS 0x00000000e9200000, 0x00000000e9100000| Untracked 
| 146|0x00000000e9200000, 0x00000000e92b7c00, 0x00000000e9300000| 71%| O|  |TAMS 0x00000000e92b7c00, 0x00000000e9200000| Untracked 
| 147|0x00000000e9300000, 0x00000000e9400000, 0x00000000e9400000|100%|HS|  |TAMS 0x00000000e9300000, 0x00000000e9300000| Complete 
| 148|0x00000000e9400000, 0x00000000e9400000, 0x00000000e9500000|  0%| F|  |TAMS 0x00000000e9400000, 0x00000000e9400000| Untracked 
| 149|0x00000000e9500000, 0x00000000e9500000, 0x00000000e9600000|  0%| F|  |TAMS 0x00000000e9500000, 0x00000000e9500000| Untracked 
| 150|0x00000000e9600000, 0x00000000e9600000, 0x00000000e9700000|  0%| F|  |TAMS 0x00000000e9600000, 0x00000000e9600000| Untracked 
| 151|0x00000000e9700000, 0x00000000e9700000, 0x00000000e9800000|  0%| F|  |TAMS 0x00000000e9700000, 0x00000000e9700000| Untracked 
| 152|0x00000000e9800000, 0x00000000e9800000, 0x00000000e9900000|  0%| F|  |TAMS 0x00000000e9800000, 0x00000000e9800000| Untracked 
| 153|0x00000000e9900000, 0x00000000e9900000, 0x00000000e9a00000|  0%| F|  |TAMS 0x00000000e9900000, 0x00000000e9900000| Untracked 
| 154|0x00000000e9a00000, 0x00000000e9a00000, 0x00000000e9b00000|  0%| F|  |TAMS 0x00000000e9a00000, 0x00000000e9a00000| Untracked 
| 155|0x00000000e9b00000, 0x00000000e9b00000, 0x00000000e9c00000|  0%| F|  |TAMS 0x00000000e9b00000, 0x00000000e9b00000| Untracked 
| 156|0x00000000e9c00000, 0x00000000e9c00000, 0x00000000e9d00000|  0%| F|  |TAMS 0x00000000e9c00000, 0x00000000e9c00000| Untracked 
| 157|0x00000000e9d00000, 0x00000000e9d00000, 0x00000000e9e00000|  0%| F|  |TAMS 0x00000000e9d00000, 0x00000000e9d00000| Untracked 
| 158|0x00000000e9e00000, 0x00000000e9e00000, 0x00000000e9f00000|  0%| F|  |TAMS 0x00000000e9e00000, 0x00000000e9e00000| Untracked 
| 159|0x00000000e9f00000, 0x00000000e9f00000, 0x00000000ea000000|  0%| F|  |TAMS 0x00000000e9f00000, 0x00000000e9f00000| Untracked 
| 160|0x00000000ea000000, 0x00000000ea000000, 0x00000000ea100000|  0%| F|  |TAMS 0x00000000ea000000, 0x00000000ea000000| Untracked 
| 161|0x00000000ea100000, 0x00000000ea100000, 0x00000000ea200000|  0%| F|  |TAMS 0x00000000ea100000, 0x00000000ea100000| Untracked 
| 162|0x00000000ea200000, 0x00000000ea200000, 0x00000000ea300000|  0%| F|  |TAMS 0x00000000ea200000, 0x00000000ea200000| Untracked 
| 163|0x00000000ea300000, 0x00000000ea300000, 0x00000000ea400000|  0%| F|  |TAMS 0x00000000ea300000, 0x00000000ea300000| Untracked 
| 164|0x00000000ea400000, 0x00000000ea400000, 0x00000000ea500000|  0%| F|  |TAMS 0x00000000ea400000, 0x00000000ea400000| Untracked 
| 165|0x00000000ea500000, 0x00000000ea500000, 0x00000000ea600000|  0%| F|  |TAMS 0x00000000ea500000, 0x00000000ea500000| Untracked 
| 166|0x00000000ea600000, 0x00000000ea600000, 0x00000000ea700000|  0%| F|  |TAMS 0x00000000ea600000, 0x00000000ea600000| Untracked 
| 167|0x00000000ea700000, 0x00000000ea700000, 0x00000000ea800000|  0%| F|  |TAMS 0x00000000ea700000, 0x00000000ea700000| Untracked 
| 168|0x00000000ea800000, 0x00000000ea800000, 0x00000000ea900000|  0%| F|  |TAMS 0x00000000ea800000, 0x00000000ea800000| Untracked 
| 169|0x00000000ea900000, 0x00000000ea900000, 0x00000000eaa00000|  0%| F|  |TAMS 0x00000000ea900000, 0x00000000ea900000| Untracked 
| 170|0x00000000eaa00000, 0x00000000eaa00000, 0x00000000eab00000|  0%| F|  |TAMS 0x00000000eaa00000, 0x00000000eaa00000| Untracked 
| 171|0x00000000eab00000, 0x00000000eab00000, 0x00000000eac00000|  0%| F|  |TAMS 0x00000000eab00000, 0x00000000eab00000| Untracked 
| 172|0x00000000eac00000, 0x00000000eac00000, 0x00000000ead00000|  0%| F|  |TAMS 0x00000000eac00000, 0x00000000eac00000| Untracked 
| 173|0x00000000ead00000, 0x00000000ead00000, 0x00000000eae00000|  0%| F|  |TAMS 0x00000000ead00000, 0x00000000ead00000| Untracked 
| 174|0x00000000eae00000, 0x00000000eae00000, 0x00000000eaf00000|  0%| F|  |TAMS 0x00000000eae00000, 0x00000000eae00000| Untracked 
| 175|0x00000000eaf00000, 0x00000000eaf00000, 0x00000000eb000000|  0%| F|  |TAMS 0x00000000eaf00000, 0x00000000eaf00000| Untracked 
| 176|0x00000000eb000000, 0x00000000eb000000, 0x00000000eb100000|  0%| F|  |TAMS 0x00000000eb000000, 0x00000000eb000000| Untracked 
| 177|0x00000000eb100000, 0x00000000eb100000, 0x00000000eb200000|  0%| F|  |TAMS 0x00000000eb100000, 0x00000000eb100000| Untracked 
| 178|0x00000000eb200000, 0x00000000eb200000, 0x00000000eb300000|  0%| F|  |TAMS 0x00000000eb200000, 0x00000000eb200000| Untracked 
| 179|0x00000000eb300000, 0x00000000eb300000, 0x00000000eb400000|  0%| F|  |TAMS 0x00000000eb300000, 0x00000000eb300000| Untracked 
| 180|0x00000000eb400000, 0x00000000eb400000, 0x00000000eb500000|  0%| F|  |TAMS 0x00000000eb400000, 0x00000000eb400000| Untracked 
| 181|0x00000000eb500000, 0x00000000eb500000, 0x00000000eb600000|  0%| F|  |TAMS 0x00000000eb500000, 0x00000000eb500000| Untracked 
| 182|0x00000000eb600000, 0x00000000eb600000, 0x00000000eb700000|  0%| F|  |TAMS 0x00000000eb600000, 0x00000000eb600000| Untracked 
| 183|0x00000000eb700000, 0x00000000eb700000, 0x00000000eb800000|  0%| F|  |TAMS 0x00000000eb700000, 0x00000000eb700000| Untracked 
| 184|0x00000000eb800000, 0x00000000eb800000, 0x00000000eb900000|  0%| F|  |TAMS 0x00000000eb800000, 0x00000000eb800000| Untracked 
| 185|0x00000000eb900000, 0x00000000eb900000, 0x00000000eba00000|  0%| F|  |TAMS 0x00000000eb900000, 0x00000000eb900000| Untracked 
| 186|0x00000000eba00000, 0x00000000eba00000, 0x00000000ebb00000|  0%| F|  |TAMS 0x00000000eba00000, 0x00000000eba00000| Untracked 
| 187|0x00000000ebb00000, 0x00000000ebb00000, 0x00000000ebc00000|  0%| F|  |TAMS 0x00000000ebb00000, 0x00000000ebb00000| Untracked 
| 188|0x00000000ebc00000, 0x00000000ebc00000, 0x00000000ebd00000|  0%| F|  |TAMS 0x00000000ebc00000, 0x00000000ebc00000| Untracked 
| 189|0x00000000ebd00000, 0x00000000ebd00000, 0x00000000ebe00000|  0%| F|  |TAMS 0x00000000ebd00000, 0x00000000ebd00000| Untracked 
| 190|0x00000000ebe00000, 0x00000000ebe00000, 0x00000000ebf00000|  0%| F|  |TAMS 0x00000000ebe00000, 0x00000000ebe00000| Untracked 
| 191|0x00000000ebf00000, 0x00000000ebf00000, 0x00000000ec000000|  0%| F|  |TAMS 0x00000000ebf00000, 0x00000000ebf00000| Untracked 
| 192|0x00000000ec000000, 0x00000000ec000000, 0x00000000ec100000|  0%| F|  |TAMS 0x00000000ec000000, 0x00000000ec000000| Untracked 
| 193|0x00000000ec100000, 0x00000000ec100000, 0x00000000ec200000|  0%| F|  |TAMS 0x00000000ec100000, 0x00000000ec100000| Untracked 
| 194|0x00000000ec200000, 0x00000000ec200000, 0x00000000ec300000|  0%| F|  |TAMS 0x00000000ec200000, 0x00000000ec200000| Untracked 
| 195|0x00000000ec300000, 0x00000000ec300000, 0x00000000ec400000|  0%| F|  |TAMS 0x00000000ec300000, 0x00000000ec300000| Untracked 
| 196|0x00000000ec400000, 0x00000000ec400000, 0x00000000ec500000|  0%| F|  |TAMS 0x00000000ec400000, 0x00000000ec400000| Untracked 
| 197|0x00000000ec500000, 0x00000000ec5ea940, 0x00000000ec600000| 91%| S|CS|TAMS 0x00000000ec500000, 0x00000000ec500000| Complete 
| 198|0x00000000ec600000, 0x00000000ec700000, 0x00000000ec700000|100%| S|CS|TAMS 0x00000000ec600000, 0x00000000ec600000| Complete 
| 199|0x00000000ec700000, 0x00000000ec800000, 0x00000000ec800000|100%| S|CS|TAMS 0x00000000ec700000, 0x00000000ec700000| Complete 
| 200|0x00000000ec800000, 0x00000000ec900000, 0x00000000ec900000|100%| S|CS|TAMS 0x00000000ec800000, 0x00000000ec800000| Complete 
| 201|0x00000000ec900000, 0x00000000eca00000, 0x00000000eca00000|100%| S|CS|TAMS 0x00000000ec900000, 0x00000000ec900000| Complete 
| 202|0x00000000eca00000, 0x00000000ecb00000, 0x00000000ecb00000|100%| S|CS|TAMS 0x00000000eca00000, 0x00000000eca00000| Complete 
| 203|0x00000000ecb00000, 0x00000000ecb00000, 0x00000000ecc00000|  0%| F|  |TAMS 0x00000000ecb00000, 0x00000000ecb00000| Untracked 
| 204|0x00000000ecc00000, 0x00000000ecc00000, 0x00000000ecd00000|  0%| F|  |TAMS 0x00000000ecc00000, 0x00000000ecc00000| Untracked 
| 205|0x00000000ecd00000, 0x00000000ecd00000, 0x00000000ece00000|  0%| F|  |TAMS 0x00000000ecd00000, 0x00000000ecd00000| Untracked 
| 206|0x00000000ece00000, 0x00000000ece00000, 0x00000000ecf00000|  0%| F|  |TAMS 0x00000000ece00000, 0x00000000ece00000| Untracked 
| 207|0x00000000ecf00000, 0x00000000ecf00000, 0x00000000ed000000|  0%| F|  |TAMS 0x00000000ecf00000, 0x00000000ecf00000| Untracked 
| 208|0x00000000ed000000, 0x00000000ed000000, 0x00000000ed100000|  0%| F|  |TAMS 0x00000000ed000000, 0x00000000ed000000| Untracked 
| 209|0x00000000ed100000, 0x00000000ed100000, 0x00000000ed200000|  0%| F|  |TAMS 0x00000000ed100000, 0x00000000ed100000| Untracked 
| 210|0x00000000ed200000, 0x00000000ed200000, 0x00000000ed300000|  0%| F|  |TAMS 0x00000000ed200000, 0x00000000ed200000| Untracked 
| 211|0x00000000ed300000, 0x00000000ed300000, 0x00000000ed400000|  0%| F|  |TAMS 0x00000000ed300000, 0x00000000ed300000| Untracked 
| 212|0x00000000ed400000, 0x00000000ed400000, 0x00000000ed500000|  0%| F|  |TAMS 0x00000000ed400000, 0x00000000ed400000| Untracked 
| 213|0x00000000ed500000, 0x00000000ed500000, 0x00000000ed600000|  0%| F|  |TAMS 0x00000000ed500000, 0x00000000ed500000| Untracked 
| 214|0x00000000ed600000, 0x00000000ed600000, 0x00000000ed700000|  0%| F|  |TAMS 0x00000000ed600000, 0x00000000ed600000| Untracked 
| 215|0x00000000ed700000, 0x00000000ed700000, 0x00000000ed800000|  0%| F|  |TAMS 0x00000000ed700000, 0x00000000ed700000| Untracked 
| 216|0x00000000ed800000, 0x00000000ed800000, 0x00000000ed900000|  0%| F|  |TAMS 0x00000000ed800000, 0x00000000ed800000| Untracked 
| 217|0x00000000ed900000, 0x00000000ed900000, 0x00000000eda00000|  0%| F|  |TAMS 0x00000000ed900000, 0x00000000ed900000| Untracked 
| 218|0x00000000eda00000, 0x00000000eda00000, 0x00000000edb00000|  0%| F|  |TAMS 0x00000000eda00000, 0x00000000eda00000| Untracked 
| 219|0x00000000edb00000, 0x00000000edb00000, 0x00000000edc00000|  0%| F|  |TAMS 0x00000000edb00000, 0x00000000edb00000| Untracked 
| 220|0x00000000edc00000, 0x00000000edc00000, 0x00000000edd00000|  0%| F|  |TAMS 0x00000000edc00000, 0x00000000edc00000| Untracked 
| 221|0x00000000edd00000, 0x00000000edd00000, 0x00000000ede00000|  0%| F|  |TAMS 0x00000000edd00000, 0x00000000edd00000| Untracked 
| 222|0x00000000ede00000, 0x00000000ede00000, 0x00000000edf00000|  0%| F|  |TAMS 0x00000000ede00000, 0x00000000ede00000| Untracked 
| 223|0x00000000edf00000, 0x00000000edf00000, 0x00000000ee000000|  0%| F|  |TAMS 0x00000000edf00000, 0x00000000edf00000| Untracked 
| 224|0x00000000ee000000, 0x00000000ee000000, 0x00000000ee100000|  0%| F|  |TAMS 0x00000000ee000000, 0x00000000ee000000| Untracked 
| 225|0x00000000ee100000, 0x00000000ee100000, 0x00000000ee200000|  0%| F|  |TAMS 0x00000000ee100000, 0x00000000ee100000| Untracked 
| 226|0x00000000ee200000, 0x00000000ee200000, 0x00000000ee300000|  0%| F|  |TAMS 0x00000000ee200000, 0x00000000ee200000| Untracked 
| 227|0x00000000ee300000, 0x00000000ee300000, 0x00000000ee400000|  0%| F|  |TAMS 0x00000000ee300000, 0x00000000ee300000| Untracked 
| 228|0x00000000ee400000, 0x00000000ee400000, 0x00000000ee500000|  0%| F|  |TAMS 0x00000000ee400000, 0x00000000ee400000| Untracked 
| 229|0x00000000ee500000, 0x00000000ee500000, 0x00000000ee600000|  0%| F|  |TAMS 0x00000000ee500000, 0x00000000ee500000| Untracked 
| 230|0x00000000ee600000, 0x00000000ee600000, 0x00000000ee700000|  0%| F|  |TAMS 0x00000000ee600000, 0x00000000ee600000| Untracked 
| 231|0x00000000ee700000, 0x00000000ee700000, 0x00000000ee800000|  0%| F|  |TAMS 0x00000000ee700000, 0x00000000ee700000| Untracked 
| 232|0x00000000ee800000, 0x00000000ee800000, 0x00000000ee900000|  0%| F|  |TAMS 0x00000000ee800000, 0x00000000ee800000| Untracked 
| 233|0x00000000ee900000, 0x00000000ee900000, 0x00000000eea00000|  0%| F|  |TAMS 0x00000000ee900000, 0x00000000ee900000| Untracked 
| 234|0x00000000eea00000, 0x00000000eea00000, 0x00000000eeb00000|  0%| F|  |TAMS 0x00000000eea00000, 0x00000000eea00000| Untracked 
| 235|0x00000000eeb00000, 0x00000000eeb00000, 0x00000000eec00000|  0%| F|  |TAMS 0x00000000eeb00000, 0x00000000eeb00000| Untracked 
| 236|0x00000000eec00000, 0x00000000eec00000, 0x00000000eed00000|  0%| F|  |TAMS 0x00000000eec00000, 0x00000000eec00000| Untracked 
| 237|0x00000000eed00000, 0x00000000eed00000, 0x00000000eee00000|  0%| F|  |TAMS 0x00000000eed00000, 0x00000000eed00000| Untracked 
| 238|0x00000000eee00000, 0x00000000eee00000, 0x00000000eef00000|  0%| F|  |TAMS 0x00000000eee00000, 0x00000000eee00000| Untracked 
| 239|0x00000000eef00000, 0x00000000eef00000, 0x00000000ef000000|  0%| F|  |TAMS 0x00000000eef00000, 0x00000000eef00000| Untracked 
| 240|0x00000000ef000000, 0x00000000ef000000, 0x00000000ef100000|  0%| F|  |TAMS 0x00000000ef000000, 0x00000000ef000000| Untracked 
| 241|0x00000000ef100000, 0x00000000ef100000, 0x00000000ef200000|  0%| F|  |TAMS 0x00000000ef100000, 0x00000000ef100000| Untracked 
| 242|0x00000000ef200000, 0x00000000ef200000, 0x00000000ef300000|  0%| F|  |TAMS 0x00000000ef200000, 0x00000000ef200000| Untracked 
| 243|0x00000000ef300000, 0x00000000ef300000, 0x00000000ef400000|  0%| F|  |TAMS 0x00000000ef300000, 0x00000000ef300000| Untracked 
| 244|0x00000000ef400000, 0x00000000ef400000, 0x00000000ef500000|  0%| F|  |TAMS 0x00000000ef400000, 0x00000000ef400000| Untracked 
| 245|0x00000000ef500000, 0x00000000ef500000, 0x00000000ef600000|  0%| F|  |TAMS 0x00000000ef500000, 0x00000000ef500000| Untracked 
| 246|0x00000000ef600000, 0x00000000ef600000, 0x00000000ef700000|  0%| F|  |TAMS 0x00000000ef600000, 0x00000000ef600000| Untracked 
| 247|0x00000000ef700000, 0x00000000ef700000, 0x00000000ef800000|  0%| F|  |TAMS 0x00000000ef700000, 0x00000000ef700000| Untracked 
| 248|0x00000000ef800000, 0x00000000ef800000, 0x00000000ef900000|  0%| F|  |TAMS 0x00000000ef800000, 0x00000000ef800000| Untracked 
| 249|0x00000000ef900000, 0x00000000ef900800, 0x00000000efa00000|  0%| E|  |TAMS 0x00000000ef900000, 0x00000000ef900000| Complete 
| 250|0x00000000efa00000, 0x00000000efb00000, 0x00000000efb00000|100%| E|CS|TAMS 0x00000000efa00000, 0x00000000efa00000| Complete 
| 251|0x00000000efb00000, 0x00000000efc00000, 0x00000000efc00000|100%| E|CS|TAMS 0x00000000efb00000, 0x00000000efb00000| Complete 
| 252|0x00000000efc00000, 0x00000000efd00000, 0x00000000efd00000|100%| E|CS|TAMS 0x00000000efc00000, 0x00000000efc00000| Complete 
| 253|0x00000000efd00000, 0x00000000efe00000, 0x00000000efe00000|100%| E|CS|TAMS 0x00000000efd00000, 0x00000000efd00000| Complete 
| 254|0x00000000efe00000, 0x00000000eff00000, 0x00000000eff00000|100%| E|CS|TAMS 0x00000000efe00000, 0x00000000efe00000| Complete 
| 255|0x00000000eff00000, 0x00000000f0000000, 0x00000000f0000000|100%| E|CS|TAMS 0x00000000eff00000, 0x00000000eff00000| Complete 

Card table byte_map: [0x0000017ba1fd0000,0x0000017ba20d0000] _byte_map_base: 0x0000017ba18d0000

Marking Bits (Prev, Next): (CMBitMap*) 0x0000017b8ede3a48, (CMBitMap*) 0x0000017b8ede3a80
 Prev Bits: [0x0000017ba21d0000, 0x0000017ba29d0000)
 Next Bits: [0x0000017ba29d0000, 0x0000017ba31d0000)

Polling page: 0x0000017b8d450000

Metaspace:

Usage:
  Non-class:     79.25 MB capacity,    77.16 MB ( 97%) used,     1.84 MB (  2%) free+waste,   261.88 KB ( <1%) overhead. 
      Class:     12.66 MB capacity,    11.44 MB ( 90%) used,     1.10 MB (  9%) free+waste,   121.31 KB ( <1%) overhead. 
       Both:     91.92 MB capacity,    88.61 MB ( 96%) used,     2.94 MB (  3%) free+waste,   383.19 KB ( <1%) overhead. 

Virtual space:
  Non-class space:       80.00 MB reserved,      79.45 MB (>99%) committed 
      Class space:      248.00 MB reserved,      12.75 MB (  5%) committed 
             Both:      328.00 MB reserved,      92.20 MB ( 28%) committed 

Chunk freelists:
   Non-Class:  73.00 KB
       Class:  25.00 KB
        Both:  98.00 KB

MaxMetaspaceSize: 256.00 MB
CompressedClassSpaceSize: 248.00 MB

CodeHeap 'non-profiled nmethods': size=120064Kb used=7819Kb max_used=7819Kb free=112244Kb
 bounds [0x0000017b9a370000, 0x0000017b9ab20000, 0x0000017ba18b0000]
CodeHeap 'profiled nmethods': size=120000Kb used=26424Kb max_used=26424Kb free=93575Kb
 bounds [0x0000017b92e40000, 0x0000017b94810000, 0x0000017b9a370000]
CodeHeap 'non-nmethods': size=5696Kb used=2268Kb max_used=2338Kb free=3427Kb
 bounds [0x0000017b928b0000, 0x0000017b92b20000, 0x0000017b92e40000]
 total_blobs=13358 nmethods=12492 adapters=776
 compilation: enabled
              stopped_count=0, restarted_count=0
 full_count=0

Compilation events (20 events):
Event: 144.298 Thread 0x0000017ba57f6800 12641       3       java.lang.management.MemoryUsage::<init> (170 bytes)
Event: 144.299 Thread 0x0000017ba57f6800 nmethod 12641 0x0000017b94803410 code [0x0000017b948036c0, 0x0000017b94804118]
Event: 144.300 Thread 0x0000017ba57f1800 nmethod 12640 0x0000017b9ab12510 code [0x0000017b9ab126c0, 0x0000017b9ab12798]
Event: 144.429 Thread 0x0000017ba57f6800 12642   !   3       java.util.Formatter$FormatSpecifier::width (64 bytes)
Event: 144.429 Thread 0x0000017ba57f6800 nmethod 12642 0x0000017b94804590 code [0x0000017b94804760, 0x0000017b948049f8]
Event: 144.429 Thread 0x0000017ba57f6800 12643   !   3       java.util.Formatter$FormatSpecifier::precision (66 bytes)
Event: 144.430 Thread 0x0000017ba57f6800 nmethod 12643 0x0000017b94804b90 code [0x0000017b94804d60, 0x0000017b94804ff8]
Event: 154.470 Thread 0x0000017ba57f6800 12645       3       java.util.Formatter$FormatSpecifier::conversion (90 bytes)
Event: 154.471 Thread 0x0000017ba57f6800 nmethod 12645 0x0000017b94805190 code [0x0000017b94805420, 0x0000017b94805d38]
Event: 160.132 Thread 0x0000017ba57f6800 12646       3       org.gradle.internal.io.LineBufferingOutputStream::write (59 bytes)
Event: 160.133 Thread 0x0000017ba57f1800 12650       4       org.gradle.internal.logging.text.AbstractLineChoppingStyledTextOutput::doAppend (43 bytes)
Event: 160.134 Thread 0x0000017ba57f6800 nmethod 12646 0x0000017b94806010 code [0x0000017b948062c0, 0x0000017b94807018]
Event: 160.134 Thread 0x0000017ba57f6800 12649       3       org.gradle.internal.io.LineBufferingOutputStream::endsWithLineSeparator (27 bytes)
Event: 160.135 Thread 0x0000017ba57f6800 nmethod 12649 0x0000017b94807510 code [0x0000017b948076c0, 0x0000017b94807858]
Event: 160.135 Thread 0x0000017ba57f6800 12647       3       org.gradle.internal.io.StreamByteBuffer$StreamByteBufferOutputStream::write (22 bytes)
Event: 160.135 Thread 0x0000017ba57f6800 nmethod 12647 0x0000017b94807910 code [0x0000017b94807ae0, 0x0000017b94807d48]
Event: 160.135 Thread 0x0000017ba57f6800 12648       3       org.gradle.internal.io.StreamByteBuffer$StreamByteBufferChunk::write (32 bytes)
Event: 160.135 Thread 0x0000017ba57f6800 nmethod 12648 0x0000017b94807f10 code [0x0000017b948080c0, 0x0000017b94808258]
Event: 160.135 Thread 0x0000017ba57f6800 12651       3       java.nio.CharBuffer::<init> (22 bytes)
Event: 160.136 Thread 0x0000017ba57f6800 nmethod 12651 0x0000017b94808310 code [0x0000017b948084c0, 0x0000017b94808668]

GC Heap History (20 events):
Event: 73.703 GC heap before
{Heap before GC invocations=17 (full 0):
 garbage-first heap   total 262144K, used 178412K [0x00000000e0000000, 0x0000000100000000)
  region size 1024K, 106 young (108544K), 13 survivors (13312K)
 Metaspace       used 81432K, capacity 84633K, committed 84812K, reserved 327680K
  class space    used 10699K, capacity 11818K, committed 11904K, reserved 253952K
}
Event: 73.755 GC heap after
{Heap after GC invocations=18 (full 0):
 garbage-first heap   total 262144K, used 96256K [0x00000000e0000000, 0x0000000100000000)
  region size 1024K, 12 young (12288K), 12 survivors (12288K)
 Metaspace       used 81432K, capacity 84633K, committed 84812K, reserved 327680K
  class space    used 10699K, capacity 11818K, committed 11904K, reserved 253952K
}
Event: 76.267 GC heap before
{Heap before GC invocations=18 (full 0):
 garbage-first heap   total 262144K, used 187392K [0x00000000e0000000, 0x0000000100000000)
  region size 1024K, 101 young (103424K), 12 survivors (12288K)
 Metaspace       used 87099K, capacity 90434K, committed 90700K, reserved 333824K
  class space    used 11351K, capacity 12558K, committed 12672K, reserved 253952K
}
Event: 76.329 GC heap after
{Heap after GC invocations=19 (full 0):
 garbage-first heap   total 262144K, used 105391K [0x00000000e0000000, 0x0000000100000000)
  region size 1024K, 10 young (10240K), 10 survivors (10240K)
 Metaspace       used 87099K, capacity 90434K, committed 90700K, reserved 333824K
  class space    used 11351K, capacity 12558K, committed 12672K, reserved 253952K
}
Event: 78.772 GC heap before
{Heap before GC invocations=19 (full 0):
 garbage-first heap   total 262144K, used 192431K [0x00000000e0000000, 0x0000000100000000)
  region size 1024K, 96 young (98304K), 10 survivors (10240K)
 Metaspace       used 87746K, capacity 91082K, committed 91212K, reserved 333824K
  class space    used 11355K, capacity 12562K, committed 12672K, reserved 253952K
}
Event: 78.808 GC heap after
{Heap after GC invocations=20 (full 0):
 garbage-first heap   total 262144K, used 111607K [0x00000000e0000000, 0x0000000100000000)
  region size 1024K, 6 young (6144K), 6 survivors (6144K)
 Metaspace       used 87746K, capacity 91082K, committed 91212K, reserved 333824K
  class space    used 11355K, capacity 12562K, committed 12672K, reserved 253952K
}
Event: 80.617 GC heap before
{Heap before GC invocations=20 (full 0):
 garbage-first heap   total 262144K, used 162807K [0x00000000e0000000, 0x0000000100000000)
  region size 1024K, 46 young (47104K), 6 survivors (6144K)
 Metaspace       used 90546K, capacity 94000K, committed 94156K, reserved 335872K
  class space    used 11701K, capacity 12953K, committed 13056K, reserved 253952K
}
Event: 80.643 GC heap after
{Heap after GC invocations=21 (full 0):
 garbage-first heap   total 262144K, used 127946K [0x00000000e0000000, 0x0000000100000000)
  region size 1024K, 10 young (10240K), 10 survivors (10240K)
 Metaspace       used 90546K, capacity 94000K, committed 94156K, reserved 335872K
  class space    used 11701K, capacity 12953K, committed 13056K, reserved 253952K
}
Event: 82.381 GC heap before
{Heap before GC invocations=22 (full 0):
 garbage-first heap   total 262144K, used 200650K [0x00000000e0000000, 0x0000000100000000)
  region size 1024K, 80 young (81920K), 10 survivors (10240K)
 Metaspace       used 90521K, capacity 93926K, committed 94156K, reserved 335872K
  class space    used 11687K, capacity 12926K, committed 13056K, reserved 253952K
}
Event: 82.431 GC heap after
{Heap after GC invocations=23 (full 0):
 garbage-first heap   total 262144K, used 128576K [0x00000000e0000000, 0x0000000100000000)
  region size 1024K, 10 young (10240K), 10 survivors (10240K)
 Metaspace       used 90521K, capacity 93926K, committed 94156K, reserved 335872K
  class space    used 11687K, capacity 12926K, committed 13056K, reserved 253952K
}
Event: 83.309 GC heap before
{Heap before GC invocations=23 (full 0):
 garbage-first heap   total 262144K, used 198208K [0x00000000e0000000, 0x0000000100000000)
  region size 1024K, 78 young (79872K), 10 survivors (10240K)
 Metaspace       used 90521K, capacity 93926K, committed 94156K, reserved 335872K
  class space    used 11687K, capacity 12926K, committed 13056K, reserved 253952K
}
Event: 83.370 GC heap after
{Heap after GC invocations=24 (full 0):
 garbage-first heap   total 262144K, used 134720K [0x00000000e0000000, 0x0000000100000000)
  region size 1024K, 6 young (6144K), 6 survivors (6144K)
 Metaspace       used 90521K, capacity 93926K, committed 94156K, reserved 335872K
  class space    used 11687K, capacity 12926K, committed 13056K, reserved 253952K
}
Event: 84.560 GC heap before
{Heap before GC invocations=25 (full 0):
 garbage-first heap   total 262144K, used 204352K [0x00000000e0000000, 0x0000000100000000)
  region size 1024K, 74 young (75776K), 6 survivors (6144K)
 Metaspace       used 90521K, capacity 93926K, committed 94156K, reserved 335872K
  class space    used 11687K, capacity 12926K, committed 13056K, reserved 253952K
}
Event: 84.588 GC heap after
{Heap after GC invocations=26 (full 0):
 garbage-first heap   total 262144K, used 140533K [0x00000000e0000000, 0x0000000100000000)
  region size 1024K, 6 young (6144K), 6 survivors (6144K)
 Metaspace       used 90521K, capacity 93926K, committed 94156K, reserved 335872K
  class space    used 11687K, capacity 12926K, committed 13056K, reserved 253952K
}
Event: 85.313 GC heap before
{Heap before GC invocations=26 (full 0):
 garbage-first heap   total 262144K, used 209141K [0x00000000e0000000, 0x0000000100000000)
  region size 1024K, 73 young (74752K), 6 survivors (6144K)
 Metaspace       used 90521K, capacity 93926K, committed 94156K, reserved 335872K
  class space    used 11687K, capacity 12926K, committed 13056K, reserved 253952K
}
Event: 85.339 GC heap after
{Heap after GC invocations=27 (full 0):
 garbage-first heap   total 262144K, used 145132K [0x00000000e0000000, 0x0000000100000000)
  region size 1024K, 10 young (10240K), 10 survivors (10240K)
 Metaspace       used 90521K, capacity 93926K, committed 94156K, reserved 335872K
  class space    used 11687K, capacity 12926K, committed 13056K, reserved 253952K
}
Event: 86.406 GC heap before
{Heap before GC invocations=28 (full 0):
 garbage-first heap   total 262144K, used 212716K [0x00000000e0000000, 0x0000000100000000)
  region size 1024K, 76 young (77824K), 10 survivors (10240K)
 Metaspace       used 90519K, capacity 93923K, committed 94156K, reserved 335872K
  class space    used 11686K, capacity 12925K, committed 13056K, reserved 253952K
}
Event: 86.445 GC heap after
{Heap after GC invocations=29 (full 0):
 garbage-first heap   total 262144K, used 149939K [0x00000000e0000000, 0x0000000100000000)
  region size 1024K, 10 young (10240K), 10 survivors (10240K)
 Metaspace       used 90519K, capacity 93923K, committed 94156K, reserved 335872K
  class space    used 11686K, capacity 12925K, committed 13056K, reserved 253952K
}
Event: 86.912 GC heap before
{Heap before GC invocations=29 (full 0):
 garbage-first heap   total 262144K, used 203187K [0x00000000e0000000, 0x0000000100000000)
  region size 1024K, 63 young (64512K), 10 survivors (10240K)
 Metaspace       used 90531K, capacity 93928K, committed 94156K, reserved 335872K
  class space    used 11687K, capacity 12926K, committed 13056K, reserved 253952K
}
Event: 86.950 GC heap after
{Heap after GC invocations=30 (full 0):
 garbage-first heap   total 262144K, used 156297K [0x00000000e0000000, 0x0000000100000000)
  region size 1024K, 6 young (6144K), 6 survivors (6144K)
 Metaspace       used 90531K, capacity 93928K, committed 94156K, reserved 335872K
  class space    used 11687K, capacity 12926K, committed 13056K, reserved 253952K
}

Deoptimization events (20 events):
Event: 87.049 Thread 0x0000017bad40b000 Uncommon trap: trap_request=0xffffffde fr.pc=0x0000017b9a93b8b8 relative=0x0000000000000738
Event: 87.049 Thread 0x0000017bad40b000 Uncommon trap: reason=class_check action=maybe_recompile pc=0x0000017b9a93b8b8 method=org.gradle.internal.snapshot.ChildMap$Entry.handleAncestorDescendantOrExactMatch(Lorg/gradle/internal/snapshot/VfsRelativePath;Lorg/gradle/internal/snapshot/CaseSensitiv
Event: 87.049 Thread 0x0000017bad40b000 DEOPT PACKING pc=0x0000017b9a93b8b8 sp=0x00000065b3efaca0
Event: 87.049 Thread 0x0000017bad40b000 DEOPT UNPACKING pc=0x0000017b928d782f sp=0x00000065b3efac90 mode 2
Event: 95.062 Thread 0x0000017bb0142800 Uncommon trap: trap_request=0xffffffc6 fr.pc=0x0000017b9a876f98 relative=0x0000000000000398
Event: 95.062 Thread 0x0000017bb0142800 Uncommon trap: reason=bimorphic_or_optimized_type_check action=maybe_recompile pc=0x0000017b9a876f98 method=org.gradle.internal.logging.sink.OutputEventRenderer.onOutput(Lorg/gradle/internal/logging/events/OutputEvent;)V @ 1 c2
Event: 95.062 Thread 0x0000017bb0142800 DEOPT PACKING pc=0x0000017b9a876f98 sp=0x00000065b43fece0
Event: 95.062 Thread 0x0000017bb0142800 DEOPT UNPACKING pc=0x0000017b928d782f sp=0x00000065b43fec38 mode 2
Event: 95.063 Thread 0x0000017bb0142800 Uncommon trap: trap_request=0xffffffc6 fr.pc=0x0000017b9a876f98 relative=0x0000000000000398
Event: 95.063 Thread 0x0000017bb0142800 Uncommon trap: reason=bimorphic_or_optimized_type_check action=maybe_recompile pc=0x0000017b9a876f98 method=org.gradle.internal.logging.sink.OutputEventRenderer.onOutput(Lorg/gradle/internal/logging/events/OutputEvent;)V @ 1 c2
Event: 95.063 Thread 0x0000017bb0142800 DEOPT PACKING pc=0x0000017b9a876f98 sp=0x00000065b43feb90
Event: 95.063 Thread 0x0000017bb0142800 DEOPT UNPACKING pc=0x0000017b928d782f sp=0x00000065b43feae8 mode 2
Event: 96.474 Thread 0x0000017bb0142800 Uncommon trap: trap_request=0xffffffc6 fr.pc=0x0000017b9a876f98 relative=0x0000000000000398
Event: 96.474 Thread 0x0000017bb0142800 Uncommon trap: reason=bimorphic_or_optimized_type_check action=maybe_recompile pc=0x0000017b9a876f98 method=org.gradle.internal.logging.sink.OutputEventRenderer.onOutput(Lorg/gradle/internal/logging/events/OutputEvent;)V @ 1 c2
Event: 96.474 Thread 0x0000017bb0142800 DEOPT PACKING pc=0x0000017b9a876f98 sp=0x00000065b43feb90
Event: 96.474 Thread 0x0000017bb0142800 DEOPT UNPACKING pc=0x0000017b928d782f sp=0x00000065b43feae8 mode 2
Event: 96.474 Thread 0x0000017bb0142800 Uncommon trap: trap_request=0xffffffc6 fr.pc=0x0000017b9a876f98 relative=0x0000000000000398
Event: 96.474 Thread 0x0000017bb0142800 Uncommon trap: reason=bimorphic_or_optimized_type_check action=maybe_recompile pc=0x0000017b9a876f98 method=org.gradle.internal.logging.sink.OutputEventRenderer.onOutput(Lorg/gradle/internal/logging/events/OutputEvent;)V @ 1 c2
Event: 96.474 Thread 0x0000017bb0142800 DEOPT PACKING pc=0x0000017b9a876f98 sp=0x00000065b43feb90
Event: 96.474 Thread 0x0000017bb0142800 DEOPT UNPACKING pc=0x0000017b928d782f sp=0x00000065b43feae8 mode 2

Classes redefined (0 events):
No events

Internal exceptions (20 events):
Event: 79.089 Thread 0x0000017ba7211000 Exception <a 'java/lang/NoSuchMethodError'{0x00000000ef4195f0}: <clinit>> (0x00000000ef4195f0) thrown at [./src/hotspot/share/prims/jni.cpp, line 1362]
Event: 79.107 Thread 0x0000017ba7211000 Exception <a 'java/lang/NoSuchMethodError'{0x00000000ef46cb50}: <clinit>> (0x00000000ef46cb50) thrown at [./src/hotspot/share/prims/jni.cpp, line 1362]
Event: 79.338 Thread 0x0000017ba880e800 Exception <a 'java/lang/NoSuchMethodError'{0x00000000eedcd700}: <clinit>> (0x00000000eedcd700) thrown at [./src/hotspot/share/prims/jni.cpp, line 1362]
Event: 79.339 Thread 0x0000017ba880e800 Exception <a 'java/lang/NoSuchMethodError'{0x00000000eede76d0}: <clinit>> (0x00000000eede76d0) thrown at [./src/hotspot/share/prims/jni.cpp, line 1362]
Event: 79.391 Thread 0x0000017bad40e000 Exception <a 'java/lang/ClassNotFoundException'{0x00000000eebcc8a0}: groovy/util/FileTreeBuilderBeanInfo> (0x00000000eebcc8a0) thrown at [./src/hotspot/share/classfile/systemDictionary.cpp, line 231]
Event: 79.392 Thread 0x0000017bad40e000 Exception <a 'java/lang/ClassNotFoundException'{0x00000000eebeaad8}: groovy/util/FileTreeBuilderCustomizer> (0x00000000eebeaad8) thrown at [./src/hotspot/share/classfile/systemDictionary.cpp, line 231]
Event: 79.407 Thread 0x0000017bad40e000 Exception <a 'java/lang/ClassNotFoundException'{0x00000000eea3b588}: java/io/BufferedWriterBeanInfo> (0x00000000eea3b588) thrown at [./src/hotspot/share/classfile/systemDictionary.cpp, line 231]
Event: 79.407 Thread 0x0000017bad40e000 Exception <a 'java/lang/ClassNotFoundException'{0x00000000eea40b10}: java/io/WriterBeanInfo> (0x00000000eea40b10) thrown at [./src/hotspot/share/classfile/systemDictionary.cpp, line 231]
Event: 79.408 Thread 0x0000017bad40e000 Exception <a 'java/lang/ClassNotFoundException'{0x00000000eea463e0}: java/io/WriterCustomizer> (0x00000000eea463e0) thrown at [./src/hotspot/share/classfile/systemDictionary.cpp, line 231]
Event: 79.409 Thread 0x0000017bad40e000 Exception <a 'java/lang/ClassNotFoundException'{0x00000000eea53620}: java/io/BufferedWriterCustomizer> (0x00000000eea53620) thrown at [./src/hotspot/share/classfile/systemDictionary.cpp, line 231]
Event: 79.441 Thread 0x0000017ba880e800 Exception <a 'java/lang/NoSuchMethodError'{0x00000000ee946608}: <clinit>> (0x00000000ee946608) thrown at [./src/hotspot/share/prims/jni.cpp, line 1362]
Event: 79.443 Thread 0x0000017ba880e800 Exception <a 'java/lang/NoSuchMethodError'{0x00000000ee989e18}: <clinit>> (0x00000000ee989e18) thrown at [./src/hotspot/share/prims/jni.cpp, line 1362]
Event: 79.443 Thread 0x0000017ba880e800 Exception <a 'java/lang/NoSuchMethodError'{0x00000000ee98b340}: <clinit>> (0x00000000ee98b340) thrown at [./src/hotspot/share/prims/jni.cpp, line 1362]
Event: 79.447 Thread 0x0000017ba880e800 Exception <a 'java/lang/NoSuchMethodError'{0x00000000ee9c5348}: <clinit>> (0x00000000ee9c5348) thrown at [./src/hotspot/share/prims/jni.cpp, line 1362]
Event: 79.499 Thread 0x0000017bad40a000 Exception <a 'java/lang/NoSuchMethodError'{0x00000000ee8f5708}: <clinit>> (0x00000000ee8f5708) thrown at [./src/hotspot/share/prims/jni.cpp, line 1362]
Event: 79.508 Thread 0x0000017bad40a000 Exception <a 'java/lang/NoSuchMethodError'{0x00000000ee7221f8}: <clinit>> (0x00000000ee7221f8) thrown at [./src/hotspot/share/prims/jni.cpp, line 1362]
Event: 79.696 Thread 0x0000017ba880e800 Exception <a 'java/lang/NoSuchMethodError'{0x00000000ee5cb2d0}: <clinit>> (0x00000000ee5cb2d0) thrown at [./src/hotspot/share/prims/jni.cpp, line 1362]
Event: 79.991 Thread 0x0000017bad40e000 Exception <a 'java/lang/NoSuchMethodError'{0x00000000ee215500}: 'int java.lang.invoke.DirectMethodHandle$Holder.invokeSpecial(java.lang.Object, java.lang.Object, java.lang.Object, java.lang.Object, java.lang.Object)'> (0x00000000ee215500) thrown at [./src/hotspot/share/interpreter/linkResolver.cpp, line 773]
Event: 85.586 Thread 0x0000017bad40b000 Implicit null exception at 0x0000017b9aaa5e44 to 0x0000017b9aaa6198
Event: 85.588 Thread 0x0000017bad40b000 Implicit null exception at 0x0000017b9aaa7dc4 to 0x0000017b9aaa8110

Events (20 events):
Event: 130.359 Thread 0x0000017babdd4800 Thread exited: 0x0000017babdd4800
Event: 130.359 Thread 0x0000017bab5f1000 Thread exited: 0x0000017bab5f1000
Event: 130.359 Thread 0x0000017bab5ee800 Thread exited: 0x0000017bab5ee800
Event: 130.359 Thread 0x0000017bab5eb000 Thread exited: 0x0000017bab5eb000
Event: 130.359 Thread 0x0000017bab5ec000 Thread exited: 0x0000017bab5ec000
Event: 130.359 Thread 0x0000017bab5ed000 Thread exited: 0x0000017bab5ed000
Event: 130.360 Thread 0x0000017bab5f2000 Thread exited: 0x0000017bab5f2000
Event: 130.360 Thread 0x0000017bab5ef800 Thread exited: 0x0000017bab5ef800
Event: 130.360 Thread 0x0000017ba9af1000 Thread exited: 0x0000017ba9af1000
Event: 130.360 Thread 0x0000017ba9aec000 Thread exited: 0x0000017ba9aec000
Event: 130.360 Thread 0x0000017ba9aee000 Thread exited: 0x0000017ba9aee000
Event: 130.360 Thread 0x0000017ba9af2800 Thread exited: 0x0000017ba9af2800
Event: 130.360 Thread 0x0000017ba9aee800 Thread exited: 0x0000017ba9aee800
Event: 130.360 Thread 0x0000017ba9aef800 Thread exited: 0x0000017ba9aef800
Event: 130.360 Thread 0x0000017ba9af6000 Thread exited: 0x0000017ba9af6000
Event: 130.361 Thread 0x0000017ba9aed000 Thread exited: 0x0000017ba9aed000
Event: 130.361 Thread 0x0000017ba9af0800 Thread exited: 0x0000017ba9af0800
Event: 130.361 Thread 0x0000017ba9af3800 Thread exited: 0x0000017ba9af3800
Event: 130.361 Thread 0x0000017ba9af4800 Thread exited: 0x0000017ba9af4800
Event: 131.671 Thread 0x0000017bad405000 Thread exited: 0x0000017bad405000


Dynamic libraries:
0x00007ff7c95a0000 - 0x00007ff7c95aa000 	C:\Program Files\Android\Android Studio\jre\bin\java.exe
0x00007ffc27a10000 - 0x00007ffc27c04000 	C:\WINDOWS\SYSTEM32\ntdll.dll
0x00007ffc26150000 - 0x00007ffc2620d000 	C:\WINDOWS\System32\KERNEL32.DLL
0x00007ffc25150000 - 0x00007ffc25417000 	C:\WINDOWS\System32\KERNELBASE.dll
0x00007ffc25970000 - 0x00007ffc25a70000 	C:\WINDOWS\System32\ucrtbase.dll
0x00007ffc1aee0000 - 0x00007ffc1aef7000 	C:\Program Files\Android\Android Studio\jre\bin\VCRUNTIME140.dll
0x00007ffc22680000 - 0x00007ffc22699000 	C:\Program Files\Android\Android Studio\jre\bin\jli.dll
0x00007ffc26760000 - 0x00007ffc26900000 	C:\WINDOWS\System32\USER32.dll
0x00007ffc25630000 - 0x00007ffc25652000 	C:\WINDOWS\System32\win32u.dll
0x00007ffc153a0000 - 0x00007ffc1563a000 	C:\WINDOWS\WinSxS\amd64_microsoft.windows.common-controls_6595b64144ccf1df_6.0.19041.1_none_b555e41d4684ddec\COMCTL32.dll
0x00007ffc26510000 - 0x00007ffc2653a000 	C:\WINDOWS\System32\GDI32.dll
0x00007ffc27640000 - 0x00007ffc276de000 	C:\WINDOWS\System32\msvcrt.dll
0x00007ffc25520000 - 0x00007ffc2562a000 	C:\WINDOWS\System32\gdi32full.dll
0x00007ffc25480000 - 0x00007ffc2551d000 	C:\WINDOWS\System32\msvcp_win.dll
0x00007ffc26540000 - 0x00007ffc26570000 	C:\WINDOWS\System32\IMM32.DLL
0x00007ffc00060000 - 0x00007ffc000fd000 	C:\Program Files\Android\Android Studio\jre\bin\msvcp140.dll
0x00007ffbe3310000 - 0x00007ffbe3ddf000 	C:\Program Files\Android\Android Studio\jre\bin\server\jvm.dll
0x00007ffc26210000 - 0x00007ffc262ba000 	C:\WINDOWS\System32\ADVAPI32.dll
0x00007ffc26340000 - 0x00007ffc263db000 	C:\WINDOWS\System32\sechost.dll
0x00007ffc26630000 - 0x00007ffc26753000 	C:\WINDOWS\System32\RPCRT4.dll
0x00007ffc26620000 - 0x00007ffc26628000 	C:\WINDOWS\System32\PSAPI.DLL
0x00007ffc20b10000 - 0x00007ffc20b19000 	C:\WINDOWS\SYSTEM32\WSOCK32.dll
0x00007ffc14440000 - 0x00007ffc14467000 	C:\WINDOWS\SYSTEM32\WINMM.dll
0x00007ffc23960000 - 0x00007ffc2396a000 	C:\WINDOWS\SYSTEM32\VERSION.dll
0x00007ffc260e0000 - 0x00007ffc2614b000 	C:\WINDOWS\System32\WS2_32.dll
0x00007ffc23ab0000 - 0x00007ffc23ac3000 	C:\WINDOWS\SYSTEM32\kernel.appcore.dll
0x00007ffc0f8e0000 - 0x00007ffc0f8f1000 	C:\Program Files\Android\Android Studio\jre\bin\verify.dll
0x00007ffc1c6e0000 - 0x00007ffc1c8c4000 	C:\WINDOWS\SYSTEM32\DBGHELP.DLL
0x00007ffc1c650000 - 0x00007ffc1c67c000 	C:\WINDOWS\SYSTEM32\dbgcore.DLL
0x00007ffc25760000 - 0x00007ffc257df000 	C:\WINDOWS\System32\bcryptPrimitives.dll
0x00007ffc0cf90000 - 0x00007ffc0cfb9000 	C:\Program Files\Android\Android Studio\jre\bin\java.dll
0x00007ffc1ce20000 - 0x00007ffc1ce2b000 	C:\Program Files\Android\Android Studio\jre\bin\jimage.dll
0x00007ffc0dc50000 - 0x00007ffc0dc68000 	C:\Program Files\Android\Android Studio\jre\bin\zip.dll
0x00007ffc26de0000 - 0x00007ffc27511000 	C:\WINDOWS\System32\SHELL32.dll
0x00007ffc23120000 - 0x00007ffc238aa000 	C:\WINDOWS\SYSTEM32\windows.storage.dll
0x00007ffc26960000 - 0x00007ffc26cb4000 	C:\WINDOWS\System32\combase.dll
0x00007ffc24b00000 - 0x00007ffc24b2b000 	C:\WINDOWS\SYSTEM32\Wldp.dll
0x00007ffc26570000 - 0x00007ffc2661e000 	C:\WINDOWS\System32\SHCORE.dll
0x00007ffc27970000 - 0x00007ffc279c5000 	C:\WINDOWS\System32\shlwapi.dll
0x00007ffc25090000 - 0x00007ffc250af000 	C:\WINDOWS\SYSTEM32\profapi.dll
0x00007ffc0cb70000 - 0x00007ffc0cb8a000 	C:\Program Files\Android\Android Studio\jre\bin\net.dll
0x00007ffc17ab0000 - 0x00007ffc17bb2000 	C:\WINDOWS\SYSTEM32\WINHTTP.dll
0x00007ffc24880000 - 0x00007ffc248ea000 	C:\WINDOWS\system32\mswsock.dll
0x00007ffc0c930000 - 0x00007ffc0c944000 	C:\Program Files\Android\Android Studio\jre\bin\nio.dll
0x00007ffc19f50000 - 0x00007ffc19f77000 	C:\Users\pc\.gradle\native\49d0259a56938c7f99b2704e745ce422c4f750a7a20b539a32ccef96729676b1\windows-amd64\native-platform.dll
0x00007ffbe13c0000 - 0x00007ffbe1556000 	C:\Users\pc\.gradle\native\12488b8bf47d2d4c9fbf2f6322a914ad602e24e48041cd04a747c6da556b65c4\windows-amd64\native-platform-file-events.dll
0x00007ffc1b900000 - 0x00007ffc1b90a000 	C:\Program Files\Android\Android Studio\jre\bin\management.dll
0x00007ffc1b830000 - 0x00007ffc1b83c000 	C:\Program Files\Android\Android Studio\jre\bin\management_ext.dll
0x00007ffc24a50000 - 0x00007ffc24a68000 	C:\WINDOWS\SYSTEM32\CRYPTSP.dll
0x00007ffc24210000 - 0x00007ffc24244000 	C:\WINDOWS\system32\rsaenh.dll
0x00007ffc257e0000 - 0x00007ffc25807000 	C:\WINDOWS\System32\bcrypt.dll
0x00007ffc25050000 - 0x00007ffc2507e000 	C:\WINDOWS\SYSTEM32\USERENV.dll
0x00007ffc24a70000 - 0x00007ffc24a7c000 	C:\WINDOWS\SYSTEM32\CRYPTBASE.dll
0x00007ffc24570000 - 0x00007ffc245ab000 	C:\WINDOWS\SYSTEM32\IPHLPAPI.DLL
0x00007ffc25c00000 - 0x00007ffc25c09000 	C:\WINDOWS\System32\NSI.dll
0x00007ffc1d000000 - 0x00007ffc1d017000 	C:\WINDOWS\SYSTEM32\dhcpcsvc6.DLL
0x00007ffc1e0f0000 - 0x00007ffc1e10d000 	C:\WINDOWS\SYSTEM32\dhcpcsvc.DLL
0x00007ffc245b0000 - 0x00007ffc2467a000 	C:\WINDOWS\SYSTEM32\DNSAPI.dll

dbghelp: loaded successfully - version: 4.0.5 - missing functions: none
symbol engine: initialized successfully - sym options: 0x614 - pdb path: .;C:\Program Files\Android\Android Studio\jre\bin;C:\WINDOWS\SYSTEM32;C:\WINDOWS\WinSxS\amd64_microsoft.windows.common-controls_6595b64144ccf1df_6.0.19041.1_none_b555e41d4684ddec;C:\Program Files\Android\Android Studio\jre\bin\server;C:\Users\pc\.gradle\native\49d0259a56938c7f99b2704e745ce422c4f750a7a20b539a32ccef96729676b1\windows-amd64;C:\Users\pc\.gradle\native\12488b8bf47d2d4c9fbf2f6322a914ad602e24e48041cd04a747c6da556b65c4\windows-amd64

VM Arguments:
jvm_args: --add-opens=java.base/java.util=ALL-UNNAMED --add-opens=java.base/java.lang=ALL-UNNAMED --add-opens=java.base/java.lang.invoke=ALL-UNNAMED --add-opens=java.prefs/java.util.prefs=ALL-UNNAMED -XX:MaxMetaspaceSize=256m -XX:+HeapDumpOnOutOfMemoryError -Xms256m -Xmx512m -Dfile.encoding=windows-1252 -Duser.country=IN -Duser.language=en -Duser.variant 
java_command: org.gradle.launcher.daemon.bootstrap.GradleDaemon 6.9
java_class_path (initial): C:\Users\pc\.gradle\wrapper\dists\gradle-6.9-all\dooywd8nv05k16orzxge2b1bs\gradle-6.9\lib\gradle-launcher-6.9.jar
Launcher Type: SUN_STANDARD

[Global flags]
     intx CICompilerCount                          = 3                                         {product} {ergonomic}
   size_t CompressedClassSpaceSize                 = 260046848                                 {product} {ergonomic}
     uint ConcGCThreads                            = 1                                         {product} {ergonomic}
     uint G1ConcRefinementThreads                  = 4                                         {product} {ergonomic}
   size_t G1HeapRegionSize                         = 1048576                                   {product} {ergonomic}
    uintx GCDrainStackTargetSize                   = 64                                        {product} {ergonomic}
     bool HeapDumpOnOutOfMemoryError               = true                                   {manageable} {command line}
   size_t InitialHeapSize                          = 268435456                                 {product} {command line}
   size_t MarkStackSize                            = 4194304                                   {product} {ergonomic}
   size_t MaxHeapSize                              = 536870912                                 {product} {command line}
   size_t MaxMetaspaceSize                         = 268435456                                 {product} {command line}
   size_t MaxNewSize                               = 321912832                                 {product} {ergonomic}
   size_t MinHeapDeltaBytes                        = 1048576                                   {product} {ergonomic}
    uintx NonNMethodCodeHeapSize                   = 5830732                                {pd product} {ergonomic}
    uintx NonProfiledCodeHeapSize                  = 122913754                              {pd product} {ergonomic}
    uintx ProfiledCodeHeapSize                     = 122913754                              {pd product} {ergonomic}
    uintx ReservedCodeCacheSize                    = 251658240                              {pd product} {ergonomic}
     bool SegmentedCodeCache                       = true                                      {product} {ergonomic}
     bool UseCompressedClassPointers               = true                                 {lp64_product} {ergonomic}
     bool UseCompressedOops                        = true                                 {lp64_product} {ergonomic}
     bool UseG1GC                                  = true                                      {product} {ergonomic}
     bool UseLargePagesIndividualAllocation        = false                                  {pd product} {ergonomic}

Logging:
Log output configuration:
 #0: stdout all=warning uptime,level,tags
 #1: stderr all=off uptime,level,tags

Environment Variables:
JAVA_HOME=C:\Program Files\Java\jdk1.8.0_211
PATH=C:\Program Files (x86)\Common Files\Oracle\Java\javapath;C:\WINDOWS\system32;C:\WINDOWS;C:\WINDOWS\System32\Wbem;C:\WINDOWS\System32\WindowsPowerShell\v1.0\;C:\WINDOWS\System32\OpenSSH\;C:\Users\pc\AppData\Local\Android\Sdk\platform-tools;C:\Program Files\nodejs\;C:\Program Files\Git\cmd;C:\Users\pc\AppData\Local\Microsoft\WindowsApps;C:\Users\pc\AppData\Roaming\npm;C:\Users\pc\AppData\Local\Programs\Microsoft VS Code\bin;
USERNAME=pc
OS=Windows_NT
PROCESSOR_IDENTIFIER=Intel64 Family 6 Model 42 Stepping 7, GenuineIntel



---------------  S Y S T E M  ---------------

OS: Windows 10 , 64 bit Build 19041 (10.0.19041.1)
OS uptime: 4 days 9:05 hours

CPU:total 4 (initial active 4) (2 cores per cpu, 2 threads per core) family 6 model 42 stepping 7 microcode 0x2f, cmov, cx8, fxsr, mmx, sse, sse2, sse3, ssse3, sse4.1, sse4.2, popcnt, avx, clmul, ht, tsc, tscinvbit

Memory: 4k page, system-wide physical 7765M (730M free)
TotalPageFile size 14015M (AvailPageFile size 271M)
current process WorkingSet (physical memory assigned to process): 492M, peak: 529M
current process commit charge ("private bytes"): 527M, peak: 569M

vm_info: OpenJDK 64-Bit Server VM (11.0.10+0-b96-7249189) for windows-amd64 JRE (11.0.10+0-b96-7249189), built on Mar 31 2021 21:44:00 by "builder" with MS VC++ 14.0 (VS2015)

END.
