#
# There is insufficient memory for the Java Runtime Environment to continue.
# Native memory allocation (malloc) failed to allocate 2677616 bytes for Chunk::new
# Possible reasons:
#   The system is out of physical RAM or swap space
#   The process is running with CompressedOops enabled, and the Java Heap may be blocking the growth of the native heap
# Possible solutions:
#   Reduce memory load on the system
#   Increase physical memory or swap space
#   Check if swap backing store is full
#   Decrease Java heap size (-Xmx/-Xms)
#   Decrease number of Java threads
#   Decrease Java thread stack sizes (-Xss)
#   Set larger code cache with -XX:ReservedCodeCacheSize=
#   JVM is running with Unscaled Compressed Oops mode in which the Java heap is
#     placed in the first 4GB address space. The Java Heap base address is the
#     maximum limit for the native heap growth. Please use -XX:HeapBaseMinAddress
#     to set the Java Heap base and to place the Java Heap above 4GB virtual address.
# This output file may be truncated or incomplete.
#
#  Out of Memory Error (./src/hotspot/share/memory/arena.cpp:197), pid=10244, tid=6592
#
# JRE version: OpenJDK Runtime Environment (11.0.10) (build 11.0.10+0-b96-7249189)
# Java VM: OpenJDK 64-Bit Server VM (11.0.10+0-b96-7249189, mixed mode, tiered, compressed oops, g1 gc, windows-amd64)
# No core dump will be written. Minidumps are not enabled by default on client versions of Windows
#

---------------  S U M M A R Y ------------

Command Line: --add-opens=java.base/java.util=ALL-UNNAMED --add-opens=java.base/java.lang=ALL-UNNAMED --add-opens=java.base/java.lang.invoke=ALL-UNNAMED --add-opens=java.prefs/java.util.prefs=ALL-UNNAMED -XX:MaxMetaspaceSize=256m -XX:+HeapDumpOnOutOfMemoryError -Xms256m -Xmx512m -Dfile.encoding=windows-1252 -Duser.country=IN -Duser.language=en -Duser.variant org.gradle.launcher.daemon.bootstrap.GradleDaemon 6.9

Host: Intel(R) Core(TM) i3-2328M CPU @ 2.20GHz, 4 cores, 7G,  Windows 10 , 64 bit Build 19041 (10.0.19041.1)
Time: Wed Feb  9 02:38:54 2022 India Standard Time elapsed time: 554.543488 seconds (0d 0h 9m 14s)

---------------  T H R E A D  ---------------

Current thread (0x00000268d8f16800):  JavaThread "C2 CompilerThread0" daemon [_thread_in_native, id=6592, stack(0x0000009bccb00000,0x0000009bccc00000)]


Current CompileTask:
C2: 554543 31118       4       com.android.tools.r8.ir.regalloc.a::a (4001 bytes)

Stack: [0x0000009bccb00000,0x0000009bccc00000]
Native frames: (J=compiled Java code, j=interpreted, Vv=VM code, C=native code)
V  [jvm.dll+0x5ecfaa]
V  [jvm.dll+0x722bd5]
V  [jvm.dll+0x72412d]
V  [jvm.dll+0x7247e3]
V  [jvm.dll+0x242928]
V  [jvm.dll+0xbc4fc]
V  [jvm.dll+0xbca0c]
V  [jvm.dll+0x352d3b]
V  [jvm.dll+0x320ad3]
V  [jvm.dll+0x31ffca]
V  [jvm.dll+0x1fb602]
V  [jvm.dll+0x1fa7f4]
V  [jvm.dll+0x18354c]
V  [jvm.dll+0x208ee7]
V  [jvm.dll+0x207731]
V  [jvm.dll+0x6eb1cf]
V  [jvm.dll+0x6e3d45]
V  [jvm.dll+0x5ebe96]
C  [ucrtbase.dll+0x21542]
C  [KERNEL32.DLL+0x16fd4]
C  [ntdll.dll+0x4cf31]


---------------  P R O C E S S  ---------------

Threads class SMR info:
_java_thread_list=0x00000268e9a855b0, length=58, elements={
0x00000268c0cc8000, 0x00000268d8eef000, 0x00000268d8ef0000, 0x00000268d8f0e000,
0x00000268d8f11800, 0x00000268d8f14800, 0x00000268d8f16800, 0x00000268d8f1e000,
0x00000268d8f27800, 0x00000268d99c8000, 0x00000268db338800, 0x00000268da9e5800,
0x00000268dbf90800, 0x00000268db6be000, 0x00000268daf55000, 0x00000268daf23000,
0x00000268da20f800, 0x00000268db8fc000, 0x00000268dac0c000, 0x00000268dac0b000,
0x00000268dac09800, 0x00000268dc35b800, 0x00000268dc360000, 0x00000268dc35f800,
0x00000268dc35e800, 0x00000268dc361000, 0x00000268dc362000, 0x00000268dc362800,
0x00000268dc35d800, 0x00000268dc366000, 0x00000268dc364000, 0x00000268dc365000,
0x00000268dc366800, 0x00000268dda64800, 0x00000268e0129000, 0x00000268e0123000,
0x00000268e0129800, 0x00000268e0126800, 0x00000268e0124000, 0x00000268e012a800,
0x00000268dda61800, 0x00000268dda64000, 0x00000268dda62000, 0x00000268dda5e000,
0x00000268dda5f000, 0x00000268dda63000, 0x00000268dda65800, 0x00000268dda5f800,
0x00000268dda68000, 0x00000268dda68800, 0x00000268dda69800, 0x00000268dda67000,
0x00000268dda6a800, 0x00000268dda6b000, 0x00000268dda66000, 0x00000268dda6d000,
0x00000268e012b000, 0x00000268e0128000
}

Java Threads: ( => current thread )
  0x00000268c0cc8000 JavaThread "main" [_thread_blocked, id=1080, stack(0x0000009bcbf00000,0x0000009bcc000000)]
  0x00000268d8eef000 JavaThread "Reference Handler" daemon [_thread_blocked, id=12692, stack(0x0000009bcc600000,0x0000009bcc700000)]
  0x00000268d8ef0000 JavaThread "Finalizer" daemon [_thread_blocked, id=7160, stack(0x0000009bcc700000,0x0000009bcc800000)]
  0x00000268d8f0e000 JavaThread "Signal Dispatcher" daemon [_thread_blocked, id=14536, stack(0x0000009bcc800000,0x0000009bcc900000)]
  0x00000268d8f11800 JavaThread "Attach Listener" daemon [_thread_blocked, id=5288, stack(0x0000009bcc900000,0x0000009bcca00000)]
  0x00000268d8f14800 JavaThread "Service Thread" daemon [_thread_blocked, id=7480, stack(0x0000009bcca00000,0x0000009bccb00000)]
=>0x00000268d8f16800 JavaThread "C2 CompilerThread0" daemon [_thread_in_native, id=6592, stack(0x0000009bccb00000,0x0000009bccc00000)]
  0x00000268d8f1e000 JavaThread "C1 CompilerThread0" daemon [_thread_blocked, id=10320, stack(0x0000009bccc00000,0x0000009bccd00000)]
  0x00000268d8f27800 JavaThread "Sweeper thread" daemon [_thread_blocked, id=6396, stack(0x0000009bccd00000,0x0000009bcce00000)]
  0x00000268d99c8000 JavaThread "Common-Cleaner" daemon [_thread_blocked, id=11700, stack(0x0000009bcce00000,0x0000009bccf00000)]
  0x00000268db338800 JavaThread "Daemon health stats" [_thread_blocked, id=8028, stack(0x0000009bcd400000,0x0000009bcd500000)]
  0x00000268da9e5800 JavaThread "Incoming local TCP Connector on port 60332" [_thread_in_native, id=15248, stack(0x0000009bcd000000,0x0000009bcd100000)]
  0x00000268dbf90800 JavaThread "Daemon periodic checks" [_thread_blocked, id=8840, stack(0x0000009bcd500000,0x0000009bcd600000)]
  0x00000268db6be000 JavaThread "Daemon" [_thread_blocked, id=8584, stack(0x0000009bcd600000,0x0000009bcd700000)]
  0x00000268daf55000 JavaThread "Handler for socket connection from /127.0.0.1:60332 to /127.0.0.1:60333" [_thread_in_native, id=10576, stack(0x0000009bcd700000,0x0000009bcd800000)]
  0x00000268daf23000 JavaThread "Cancel handler" [_thread_blocked, id=3124, stack(0x0000009bcd800000,0x0000009bcd900000)]
  0x00000268da20f800 JavaThread "Daemon worker" [_thread_blocked, id=11232, stack(0x0000009bcd900000,0x0000009bcda00000)]
  0x00000268db8fc000 JavaThread "Asynchronous log dispatcher for DefaultDaemonConnection: socket connection from /127.0.0.1:60332 to /127.0.0.1:60333" [_thread_blocked, id=2036, stack(0x0000009bcda00000,0x0000009bcdb00000)]
  0x00000268dac0c000 JavaThread "Daemon client event forwarder" [_thread_blocked, id=5272, stack(0x0000009bcdc00000,0x0000009bcdd00000)]
  0x00000268dac0b000 JavaThread "Cache worker for file hash cache (C:\Users\pc\.gradle\caches\6.9\fileHashes)" [_thread_blocked, id=7376, stack(0x0000009bcdd00000,0x0000009bcde00000)]
  0x00000268dac09800 JavaThread "File lock request listener" [_thread_in_native, id=2428, stack(0x0000009bcde00000,0x0000009bcdf00000)]
  0x00000268dc35b800 JavaThread "Cache worker for journal cache (C:\Users\pc\.gradle\caches\journal-1)" [_thread_blocked, id=7724, stack(0x0000009bcdf00000,0x0000009bce000000)]
  0x00000268dc360000 JavaThread "Cache worker for file hash cache (D:\New folder\MainICICI\android\.gradle\6.9\fileHashes)" [_thread_blocked, id=3172, stack(0x0000009bce100000,0x0000009bce200000)]
  0x00000268dc35f800 JavaThread "Cache worker for checksums cache (D:\New folder\MainICICI\android\.gradle\checksums)" [_thread_blocked, id=6084, stack(0x0000009bce200000,0x0000009bce300000)]
  0x00000268dc35e800 JavaThread "Cache worker for cache directory md-supplier (C:\Users\pc\.gradle\caches\6.9\md-supplier)" [_thread_blocked, id=120, stack(0x0000009bce300000,0x0000009bce400000)]
  0x00000268dc361000 JavaThread "Cache worker for cache directory md-rule (C:\Users\pc\.gradle\caches\6.9\md-rule)" [_thread_blocked, id=14100, stack(0x0000009bce400000,0x0000009bce500000)]
  0x00000268dc362000 JavaThread "Cache worker for execution history cache (C:\Users\pc\.gradle\caches\6.9\executionHistory)" [_thread_blocked, id=3428, stack(0x0000009bce500000,0x0000009bce600000)]
  0x00000268dc362800 JavaThread "Cache worker for file content cache (C:\Users\pc\.gradle\caches\6.9\fileContent)" [_thread_blocked, id=14856, stack(0x0000009bce700000,0x0000009bce800000)]
  0x00000268dc35d800 JavaThread "Cache worker for Build Output Cleanup Cache (D:\New folder\MainICICI\android\.gradle\buildOutputCleanup)" [_thread_blocked, id=11144, stack(0x0000009bce900000,0x0000009bcea00000)]
  0x00000268dc366000 JavaThread "Build operations" [_thread_blocked, id=11600, stack(0x0000009bcea00000,0x0000009bceb00000)]
  0x00000268dc364000 JavaThread "Build operations Thread 2" [_thread_in_Java, id=14456, stack(0x0000009bceb00000,0x0000009bcec00000)]
  0x00000268dc365000 JavaThread "Build operations Thread 3" [_thread_blocked, id=1120, stack(0x0000009bcec00000,0x0000009bced00000)]
  0x00000268dc366800 JavaThread "Build operations Thread 4" [_thread_blocked, id=3840, stack(0x0000009bced00000,0x0000009bcee00000)]
  0x00000268dda64800 JavaThread "Memory manager" [_thread_blocked, id=744, stack(0x0000009bd4e00000,0x0000009bd4f00000)]
  0x00000268e0129000 JavaThread "build event listener" [_thread_blocked, id=2200, stack(0x0000009bd6d00000,0x0000009bd6e00000)]
  0x00000268e0123000 JavaThread "build event listener" [_thread_blocked, id=4392, stack(0x0000009bd6e00000,0x0000009bd6f00000)]
  0x00000268e0129800 JavaThread "Execution worker for ':'" [_thread_blocked, id=2308, stack(0x0000009bd6f00000,0x0000009bd7000000)]
  0x00000268e0126800 JavaThread "Execution worker for ':' Thread 2" [_thread_blocked, id=5412, stack(0x0000009bd7000000,0x0000009bd7100000)]
  0x00000268e0124000 JavaThread "Execution worker for ':' Thread 3" [_thread_blocked, id=14752, stack(0x0000009bd7100000,0x0000009bd7200000)]
  0x00000268e012a800 JavaThread "Cache worker for execution history cache (D:\New folder\MainICICI\android\.gradle\6.9\executionHistory)" [_thread_blocked, id=14944, stack(0x0000009bd7200000,0x0000009bd7300000)]
  0x00000268dda61800 JavaThread "WorkerExecutor Queue Thread 2" [_thread_blocked, id=5848, stack(0x0000009bcdb00000,0x0000009bcdc00000)]
  0x00000268dda64000 JavaThread "WorkerExecutor Queue Thread 3" [_thread_blocked, id=9656, stack(0x0000009bce000000,0x0000009bce100000)]
  0x00000268dda62000 JavaThread "WorkerExecutor Queue Thread 4" [_thread_blocked, id=6172, stack(0x0000009bce600000,0x0000009bce700000)]
  0x00000268dda5e000 JavaThread "pool-4-thread-1" [_thread_blocked, id=10936, stack(0x0000009bce800000,0x0000009bce900000)]
  0x00000268dda5f000 JavaThread "stderr" [_thread_in_native, id=15028, stack(0x0000009bcee00000,0x0000009bcef00000)]
  0x00000268dda63000 JavaThread "stdout" [_thread_in_native, id=10156, stack(0x0000009bcef00000,0x0000009bcf000000)]
  0x00000268dda65800 JavaThread "stderr" [_thread_in_native, id=13024, stack(0x0000009bcf000000,0x0000009bcf100000)]
  0x00000268dda5f800 JavaThread "stdout" [_thread_in_native, id=6712, stack(0x0000009bcf100000,0x0000009bcf200000)]
  0x00000268dda68000 JavaThread "stderr" [_thread_in_native, id=12548, stack(0x0000009bcf200000,0x0000009bcf300000)]
  0x00000268dda68800 JavaThread "stdout" [_thread_in_native, id=4776, stack(0x0000009bcf300000,0x0000009bcf400000)]
  0x00000268dda69800 JavaThread "RMI Scheduler(0)" daemon [_thread_blocked, id=12732, stack(0x0000009bcbd00000,0x0000009bcbe00000)]
  0x00000268dda67000 JavaThread "RMI GC Daemon" daemon [_thread_blocked, id=12028, stack(0x0000009bcf500000,0x0000009bcf600000)]
  0x00000268dda6a800 JavaThread "RMI TCP Accept-0" daemon [_thread_in_native, id=13048, stack(0x0000009bcf700000,0x0000009bcf800000)]
  0x00000268dda6b000 JavaThread "RMI Reaper" [_thread_blocked, id=1412, stack(0x0000009bcf800000,0x0000009bcf900000)]
  0x00000268dda66000 JavaThread "Cache worker for Java compile cache (C:\Users\pc\.gradle\caches\6.9\javaCompile)" [_thread_blocked, id=6412, stack(0x0000009bcf400000,0x0000009bcf500000)]
  0x00000268dda6d000 JavaThread "Cache worker for Java compile cache (D:\New folder\MainICICI\android\.gradle\6.9\javaCompile)" [_thread_blocked, id=8884, stack(0x0000009bcf600000,0x0000009bcf700000)]
  0x00000268e012b000 JavaThread "C2 CompilerThread1" daemon [_thread_in_native, id=2096, stack(0x0000009bcbc00000,0x0000009bcbd00000)]
  0x00000268e0128000 JavaThread "WorkerExecutor Queue Thread 6" [_thread_blocked, id=7664, stack(0x0000009bcfc00000,0x0000009bcfd00000)]

Other Threads:
  0x00000268d8ec8000 VMThread "VM Thread" [stack: 0x0000009bcc500000,0x0000009bcc600000] [id=32]
  0x00000268d9a0d000 WatcherThread [stack: 0x0000009bccf00000,0x0000009bcd000000] [id=2872]
  0x00000268c0ce1800 GCTaskThread "GC Thread#0" [stack: 0x0000009bcc000000,0x0000009bcc100000] [id=13456]
  0x00000268da131800 GCTaskThread "GC Thread#1" [stack: 0x0000009bcd100000,0x0000009bcd200000] [id=4556]
  0x00000268da15a800 GCTaskThread "GC Thread#2" [stack: 0x0000009bcd200000,0x0000009bcd300000] [id=14436]
  0x00000268da15b000 GCTaskThread "GC Thread#3" [stack: 0x0000009bcd300000,0x0000009bcd400000] [id=12164]
  0x00000268c0cf2800 ConcurrentGCThread "G1 Main Marker" [stack: 0x0000009bcc100000,0x0000009bcc200000] [id=7676]
  0x00000268c0cf5800 ConcurrentGCThread "G1 Conc#0" [stack: 0x0000009bcc200000,0x0000009bcc300000] [id=7760]
  0x00000268c0dae800 ConcurrentGCThread "G1 Refine#0" [stack: 0x0000009bcc300000,0x0000009bcc400000] [id=14408]
  0x00000268da1ff800 ConcurrentGCThread "G1 Refine#1" [stack: 0x0000009bcfa00000,0x0000009bcfb00000] [id=2056]
  0x00000268d8d63000 ConcurrentGCThread "G1 Young RemSet Sampling" [stack: 0x0000009bcc400000,0x0000009bcc500000] [id=7976]

Threads with active compile tasks:
C2 CompilerThread0 554630 31118       4       com.android.tools.r8.ir.regalloc.a::a (4001 bytes)
C2 CompilerThread1 554631 31160       4       com.android.tools.r8.ir.conversion.o::a (333 bytes)

VM state:not at safepoint (normal execution)

VM Mutex/Monitor currently owned by a thread: None

Heap address: 0x00000000e0000000, size: 512 MB, Compressed Oops mode: 32-bit
Narrow klass base: 0x0000000000000000, Narrow klass shift: 3
Compressed class space size: 260046848 Address: 0x0000000100000000

Heap:
 garbage-first heap   total 413696K, used 286407K [0x00000000e0000000, 0x0000000100000000)
  region size 1024K, 25 young (25600K), 8 survivors (8192K)
 Metaspace       used 183387K, capacity 188666K, committed 188792K, reserved 419840K
  class space    used 22362K, capacity 24251K, committed 24268K, reserved 253952K
Heap Regions: E=young(eden), S=young(survivor), O=old, HS=humongous(starts), HC=humongous(continues), CS=collection set, F=free, A=archive, TAMS=top-at-mark-start (previous, next)
|   0|0x00000000e0000000, 0x00000000e0100000, 0x00000000e0100000|100%| O|  |TAMS 0x00000000e0100000, 0x00000000e0000000| Untracked 
|   1|0x00000000e0100000, 0x00000000e0200000, 0x00000000e0200000|100%| O|  |TAMS 0x00000000e0200000, 0x00000000e0100000| Untracked 
|   2|0x00000000e0200000, 0x00000000e0300000, 0x00000000e0300000|100%| O|  |TAMS 0x00000000e0300000, 0x00000000e0200000| Untracked 
|   3|0x00000000e0300000, 0x00000000e0400000, 0x00000000e0400000|100%|HS|  |TAMS 0x00000000e0400000, 0x00000000e0300000| Complete 
|   4|0x00000000e0400000, 0x00000000e0500000, 0x00000000e0500000|100%|HC|  |TAMS 0x00000000e0500000, 0x00000000e0400000| Complete 
|   5|0x00000000e0500000, 0x00000000e0600000, 0x00000000e0600000|100%|HC|  |TAMS 0x00000000e0600000, 0x00000000e0500000| Complete 
|   6|0x00000000e0600000, 0x00000000e0700000, 0x00000000e0700000|100%| O|  |TAMS 0x00000000e0700000, 0x00000000e0600000| Untracked 
|   7|0x00000000e0700000, 0x00000000e0800000, 0x00000000e0800000|100%| O|  |TAMS 0x00000000e0800000, 0x00000000e0700000| Untracked 
|   8|0x00000000e0800000, 0x00000000e0900000, 0x00000000e0900000|100%| O|  |TAMS 0x00000000e0900000, 0x00000000e0800000| Untracked 
|   9|0x00000000e0900000, 0x00000000e0a00000, 0x00000000e0a00000|100%| O|  |TAMS 0x00000000e0a00000, 0x00000000e0900000| Untracked 
|  10|0x00000000e0a00000, 0x00000000e0b00000, 0x00000000e0b00000|100%| O|  |TAMS 0x00000000e0b00000, 0x00000000e0a00000| Untracked 
|  11|0x00000000e0b00000, 0x00000000e0c00000, 0x00000000e0c00000|100%| O|  |TAMS 0x00000000e0c00000, 0x00000000e0b00000| Untracked 
|  12|0x00000000e0c00000, 0x00000000e0d00000, 0x00000000e0d00000|100%| O|  |TAMS 0x00000000e0d00000, 0x00000000e0c00000| Untracked 
|  13|0x00000000e0d00000, 0x00000000e0e00000, 0x00000000e0e00000|100%|HS|  |TAMS 0x00000000e0e00000, 0x00000000e0d00000| Complete 
|  14|0x00000000e0e00000, 0x00000000e0f00000, 0x00000000e0f00000|100%|HS|  |TAMS 0x00000000e0f00000, 0x00000000e0e00000| Complete 
|  15|0x00000000e0f00000, 0x00000000e1000000, 0x00000000e1000000|100%|HC|  |TAMS 0x00000000e1000000, 0x00000000e0f00000| Complete 
|  16|0x00000000e1000000, 0x00000000e1100000, 0x00000000e1100000|100%| O|  |TAMS 0x00000000e1100000, 0x00000000e1000000| Untracked 
|  17|0x00000000e1100000, 0x00000000e11ffff8, 0x00000000e1200000| 99%| O|  |TAMS 0x00000000e11ffff8, 0x00000000e1100000| Untracked 
|  18|0x00000000e1200000, 0x00000000e1300000, 0x00000000e1300000|100%| O|  |TAMS 0x00000000e1300000, 0x00000000e1200000| Untracked 
|  19|0x00000000e1300000, 0x00000000e1400000, 0x00000000e1400000|100%| O|  |TAMS 0x00000000e1400000, 0x00000000e1300000| Untracked 
|  20|0x00000000e1400000, 0x00000000e1500000, 0x00000000e1500000|100%| O|  |TAMS 0x00000000e1500000, 0x00000000e1400000| Untracked 
|  21|0x00000000e1500000, 0x00000000e1600000, 0x00000000e1600000|100%| O|  |TAMS 0x00000000e1600000, 0x00000000e1500000| Untracked 
|  22|0x00000000e1600000, 0x00000000e1700000, 0x00000000e1700000|100%| O|  |TAMS 0x00000000e1700000, 0x00000000e1600000| Untracked 
|  23|0x00000000e1700000, 0x00000000e1800000, 0x00000000e1800000|100%| O|  |TAMS 0x00000000e1800000, 0x00000000e1700000| Untracked 
|  24|0x00000000e1800000, 0x00000000e1900000, 0x00000000e1900000|100%|HS|  |TAMS 0x00000000e1900000, 0x00000000e1800000| Complete 
|  25|0x00000000e1900000, 0x00000000e1a00000, 0x00000000e1a00000|100%| O|  |TAMS 0x00000000e1a00000, 0x00000000e1900000| Untracked 
|  26|0x00000000e1a00000, 0x00000000e1b00000, 0x00000000e1b00000|100%| O|  |TAMS 0x00000000e1b00000, 0x00000000e1a00000| Untracked 
|  27|0x00000000e1b00000, 0x00000000e1c00000, 0x00000000e1c00000|100%| O|  |TAMS 0x00000000e1c00000, 0x00000000e1b00000| Untracked 
|  28|0x00000000e1c00000, 0x00000000e1d00000, 0x00000000e1d00000|100%| O|  |TAMS 0x00000000e1d00000, 0x00000000e1c00000| Untracked 
|  29|0x00000000e1d00000, 0x00000000e1e00000, 0x00000000e1e00000|100%| O|  |TAMS 0x00000000e1e00000, 0x00000000e1d00000| Untracked 
|  30|0x00000000e1e00000, 0x00000000e1f00000, 0x00000000e1f00000|100%| O|  |TAMS 0x00000000e1f00000, 0x00000000e1e00000| Untracked 
|  31|0x00000000e1f00000, 0x00000000e2000000, 0x00000000e2000000|100%| O|  |TAMS 0x00000000e2000000, 0x00000000e1f00000| Untracked 
|  32|0x00000000e2000000, 0x00000000e2100000, 0x00000000e2100000|100%| O|  |TAMS 0x00000000e2100000, 0x00000000e2000000| Untracked 
|  33|0x00000000e2100000, 0x00000000e2200000, 0x00000000e2200000|100%| O|  |TAMS 0x00000000e2200000, 0x00000000e2100000| Untracked 
|  34|0x00000000e2200000, 0x00000000e2300000, 0x00000000e2300000|100%| O|  |TAMS 0x00000000e2300000, 0x00000000e2200000| Untracked 
|  35|0x00000000e2300000, 0x00000000e2400000, 0x00000000e2400000|100%| O|  |TAMS 0x00000000e2400000, 0x00000000e2300000| Untracked 
|  36|0x00000000e2400000, 0x00000000e2500000, 0x00000000e2500000|100%| O|  |TAMS 0x00000000e2500000, 0x00000000e2400000| Untracked 
|  37|0x00000000e2500000, 0x00000000e2600000, 0x00000000e2600000|100%| O|  |TAMS 0x00000000e2500000, 0x00000000e2500000| Untracked 
|  38|0x00000000e2600000, 0x00000000e2700000, 0x00000000e2700000|100%| O|  |TAMS 0x00000000e2700000, 0x00000000e2600000| Untracked 
|  39|0x00000000e2700000, 0x00000000e2800000, 0x00000000e2800000|100%| O|  |TAMS 0x00000000e2800000, 0x00000000e2700000| Untracked 
|  40|0x00000000e2800000, 0x00000000e2900000, 0x00000000e2900000|100%| O|  |TAMS 0x00000000e2900000, 0x00000000e2800000| Untracked 
|  41|0x00000000e2900000, 0x00000000e2a00000, 0x00000000e2a00000|100%| O|  |TAMS 0x00000000e2a00000, 0x00000000e2900000| Untracked 
|  42|0x00000000e2a00000, 0x00000000e2b00000, 0x00000000e2b00000|100%| O|  |TAMS 0x00000000e2b00000, 0x00000000e2a00000| Untracked 
|  43|0x00000000e2b00000, 0x00000000e2c00000, 0x00000000e2c00000|100%| O|  |TAMS 0x00000000e2c00000, 0x00000000e2b00000| Untracked 
|  44|0x00000000e2c00000, 0x00000000e2d00000, 0x00000000e2d00000|100%|HS|  |TAMS 0x00000000e2d00000, 0x00000000e2c00000| Complete 
|  45|0x00000000e2d00000, 0x00000000e2e00000, 0x00000000e2e00000|100%|HC|  |TAMS 0x00000000e2e00000, 0x00000000e2d00000| Complete 
|  46|0x00000000e2e00000, 0x00000000e2f00000, 0x00000000e2f00000|100%|HC|  |TAMS 0x00000000e2f00000, 0x00000000e2e00000| Complete 
|  47|0x00000000e2f00000, 0x00000000e3000000, 0x00000000e3000000|100%|HS|  |TAMS 0x00000000e3000000, 0x00000000e2f00000| Complete 
|  48|0x00000000e3000000, 0x00000000e3100000, 0x00000000e3100000|100%|HC|  |TAMS 0x00000000e3100000, 0x00000000e3000000| Complete 
|  49|0x00000000e3100000, 0x00000000e3200000, 0x00000000e3200000|100%|HC|  |TAMS 0x00000000e3200000, 0x00000000e3100000| Complete 
|  50|0x00000000e3200000, 0x00000000e3300000, 0x00000000e3300000|100%| O|  |TAMS 0x00000000e3300000, 0x00000000e3200000| Untracked 
|  51|0x00000000e3300000, 0x00000000e3400000, 0x00000000e3400000|100%| O|  |TAMS 0x00000000e3400000, 0x00000000e3300000| Untracked 
|  52|0x00000000e3400000, 0x00000000e3500000, 0x00000000e3500000|100%| O|  |TAMS 0x00000000e3500000, 0x00000000e3400000| Untracked 
|  53|0x00000000e3500000, 0x00000000e3600000, 0x00000000e3600000|100%| O|  |TAMS 0x00000000e3600000, 0x00000000e3500000| Untracked 
|  54|0x00000000e3600000, 0x00000000e3700000, 0x00000000e3700000|100%| O|  |TAMS 0x00000000e3700000, 0x00000000e3600000| Untracked 
|  55|0x00000000e3700000, 0x00000000e3800000, 0x00000000e3800000|100%| O|  |TAMS 0x00000000e3800000, 0x00000000e3700000| Untracked 
|  56|0x00000000e3800000, 0x00000000e3900000, 0x00000000e3900000|100%| O|  |TAMS 0x00000000e3800000, 0x00000000e3800000| Untracked 
|  57|0x00000000e3900000, 0x00000000e3a00000, 0x00000000e3a00000|100%| O|  |TAMS 0x00000000e3a00000, 0x00000000e3900000| Untracked 
|  58|0x00000000e3a00000, 0x00000000e3b00000, 0x00000000e3b00000|100%| O|  |TAMS 0x00000000e3a00000, 0x00000000e3a00000| Untracked 
|  59|0x00000000e3b00000, 0x00000000e3c00000, 0x00000000e3c00000|100%| O|  |TAMS 0x00000000e3c00000, 0x00000000e3b00000| Untracked 
|  60|0x00000000e3c00000, 0x00000000e3d00000, 0x00000000e3d00000|100%| O|  |TAMS 0x00000000e3d00000, 0x00000000e3c00000| Untracked 
|  61|0x00000000e3d00000, 0x00000000e3e00000, 0x00000000e3e00000|100%| O|  |TAMS 0x00000000e3e00000, 0x00000000e3d00000| Untracked 
|  62|0x00000000e3e00000, 0x00000000e3f00000, 0x00000000e3f00000|100%| O|  |TAMS 0x00000000e3f00000, 0x00000000e3e00000| Untracked 
|  63|0x00000000e3f00000, 0x00000000e4000000, 0x00000000e4000000|100%| O|  |TAMS 0x00000000e4000000, 0x00000000e3f00000| Untracked 
|  64|0x00000000e4000000, 0x00000000e4100000, 0x00000000e4100000|100%| O|  |TAMS 0x00000000e4100000, 0x00000000e4000000| Untracked 
|  65|0x00000000e4100000, 0x00000000e4200000, 0x00000000e4200000|100%| O|  |TAMS 0x00000000e4200000, 0x00000000e4100000| Untracked 
|  66|0x00000000e4200000, 0x00000000e4300000, 0x00000000e4300000|100%| O|  |TAMS 0x00000000e4300000, 0x00000000e4200000| Untracked 
|  67|0x00000000e4300000, 0x00000000e4400000, 0x00000000e4400000|100%| O|  |TAMS 0x00000000e4400000, 0x00000000e4300000| Untracked 
|  68|0x00000000e4400000, 0x00000000e4500000, 0x00000000e4500000|100%| O|  |TAMS 0x00000000e4500000, 0x00000000e4400000| Untracked 
|  69|0x00000000e4500000, 0x00000000e4600000, 0x00000000e4600000|100%| O|  |TAMS 0x00000000e4600000, 0x00000000e4500000| Untracked 
|  70|0x00000000e4600000, 0x00000000e4700000, 0x00000000e4700000|100%| O|  |TAMS 0x00000000e4700000, 0x00000000e4600000| Untracked 
|  71|0x00000000e4700000, 0x00000000e4800000, 0x00000000e4800000|100%| O|  |TAMS 0x00000000e4800000, 0x00000000e4700000| Untracked 
|  72|0x00000000e4800000, 0x00000000e4900000, 0x00000000e4900000|100%| O|  |TAMS 0x00000000e4900000, 0x00000000e4800000| Untracked 
|  73|0x00000000e4900000, 0x00000000e4a00000, 0x00000000e4a00000|100%| O|  |TAMS 0x00000000e4a00000, 0x00000000e4900000| Untracked 
|  74|0x00000000e4a00000, 0x00000000e4b00000, 0x00000000e4b00000|100%| O|  |TAMS 0x00000000e4b00000, 0x00000000e4a00000| Untracked 
|  75|0x00000000e4b00000, 0x00000000e4c00000, 0x00000000e4c00000|100%| O|  |TAMS 0x00000000e4c00000, 0x00000000e4b00000| Untracked 
|  76|0x00000000e4c00000, 0x00000000e4d00000, 0x00000000e4d00000|100%| O|  |TAMS 0x00000000e4d00000, 0x00000000e4c00000| Untracked 
|  77|0x00000000e4d00000, 0x00000000e4e00000, 0x00000000e4e00000|100%| O|  |TAMS 0x00000000e4e00000, 0x00000000e4d00000| Untracked 
|  78|0x00000000e4e00000, 0x00000000e4f00000, 0x00000000e4f00000|100%| O|  |TAMS 0x00000000e4f00000, 0x00000000e4e00000| Untracked 
|  79|0x00000000e4f00000, 0x00000000e5000000, 0x00000000e5000000|100%| O|  |TAMS 0x00000000e4f00000, 0x00000000e4f00000| Untracked 
|  80|0x00000000e5000000, 0x00000000e5100000, 0x00000000e5100000|100%| O|  |TAMS 0x00000000e5100000, 0x00000000e5000000| Untracked 
|  81|0x00000000e5100000, 0x00000000e5200000, 0x00000000e5200000|100%| O|  |TAMS 0x00000000e5200000, 0x00000000e5100000| Untracked 
|  82|0x00000000e5200000, 0x00000000e5300000, 0x00000000e5300000|100%| O|  |TAMS 0x00000000e5300000, 0x00000000e5200000| Untracked 
|  83|0x00000000e5300000, 0x00000000e5400000, 0x00000000e5400000|100%| O|  |TAMS 0x00000000e5400000, 0x00000000e5300000| Untracked 
|  84|0x00000000e5400000, 0x00000000e5500000, 0x00000000e5500000|100%| O|  |TAMS 0x00000000e5500000, 0x00000000e5400000| Untracked 
|  85|0x00000000e5500000, 0x00000000e5600000, 0x00000000e5600000|100%| O|  |TAMS 0x00000000e5600000, 0x00000000e5500000| Untracked 
|  86|0x00000000e5600000, 0x00000000e5700000, 0x00000000e5700000|100%| O|  |TAMS 0x00000000e5700000, 0x00000000e5600000| Untracked 
|  87|0x00000000e5700000, 0x00000000e57e3200, 0x00000000e5800000| 88%| O|  |TAMS 0x00000000e5700000, 0x00000000e5700000| Untracked 
|  88|0x00000000e5800000, 0x00000000e5900000, 0x00000000e5900000|100%| O|  |TAMS 0x00000000e5900000, 0x00000000e5800000| Untracked 
|  89|0x00000000e5900000, 0x00000000e5a00000, 0x00000000e5a00000|100%| O|  |TAMS 0x00000000e5a00000, 0x00000000e5900000| Untracked 
|  90|0x00000000e5a00000, 0x00000000e5b00000, 0x00000000e5b00000|100%| O|  |TAMS 0x00000000e5b00000, 0x00000000e5a00000| Untracked 
|  91|0x00000000e5b00000, 0x00000000e5c00000, 0x00000000e5c00000|100%| O|  |TAMS 0x00000000e5c00000, 0x00000000e5b00000| Untracked 
|  92|0x00000000e5c00000, 0x00000000e5c00000, 0x00000000e5d00000|  0%| F|  |TAMS 0x00000000e5c00000, 0x00000000e5c00000| Untracked 
|  93|0x00000000e5d00000, 0x00000000e5e00000, 0x00000000e5e00000|100%| O|  |TAMS 0x00000000e5e00000, 0x00000000e5d00000| Untracked 
|  94|0x00000000e5e00000, 0x00000000e5f00000, 0x00000000e5f00000|100%| O|  |TAMS 0x00000000e5f00000, 0x00000000e5e00000| Untracked 
|  95|0x00000000e5f00000, 0x00000000e6000000, 0x00000000e6000000|100%| O|  |TAMS 0x00000000e6000000, 0x00000000e5f00000| Untracked 
|  96|0x00000000e6000000, 0x00000000e6100000, 0x00000000e6100000|100%| O|  |TAMS 0x00000000e6100000, 0x00000000e6000000| Untracked 
|  97|0x00000000e6100000, 0x00000000e6200000, 0x00000000e6200000|100%| O|  |TAMS 0x00000000e6200000, 0x00000000e6100000| Untracked 
|  98|0x00000000e6200000, 0x00000000e6300000, 0x00000000e6300000|100%| O|  |TAMS 0x00000000e6300000, 0x00000000e6200000| Untracked 
|  99|0x00000000e6300000, 0x00000000e6300000, 0x00000000e6400000|  0%| F|  |TAMS 0x00000000e6300000, 0x00000000e6300000| Untracked 
| 100|0x00000000e6400000, 0x00000000e6500000, 0x00000000e6500000|100%| O|  |TAMS 0x00000000e6500000, 0x00000000e6400000| Untracked 
| 101|0x00000000e6500000, 0x00000000e6500000, 0x00000000e6600000|  0%| F|  |TAMS 0x00000000e6500000, 0x00000000e6500000| Untracked 
| 102|0x00000000e6600000, 0x00000000e6700000, 0x00000000e6700000|100%| O|  |TAMS 0x00000000e6700000, 0x00000000e6600000| Untracked 
| 103|0x00000000e6700000, 0x00000000e6800000, 0x00000000e6800000|100%| O|  |TAMS 0x00000000e6800000, 0x00000000e6700000| Untracked 
| 104|0x00000000e6800000, 0x00000000e6800000, 0x00000000e6900000|  0%| F|  |TAMS 0x00000000e6800000, 0x00000000e6800000| Untracked 
| 105|0x00000000e6900000, 0x00000000e6a00000, 0x00000000e6a00000|100%| O|  |TAMS 0x00000000e6a00000, 0x00000000e6900000| Untracked 
| 106|0x00000000e6a00000, 0x00000000e6a00000, 0x00000000e6b00000|  0%| F|  |TAMS 0x00000000e6a00000, 0x00000000e6a00000| Untracked 
| 107|0x00000000e6b00000, 0x00000000e6b00000, 0x00000000e6c00000|  0%| F|  |TAMS 0x00000000e6b00000, 0x00000000e6b00000| Untracked 
| 108|0x00000000e6c00000, 0x00000000e6d00000, 0x00000000e6d00000|100%| O|  |TAMS 0x00000000e6d00000, 0x00000000e6c00000| Untracked 
| 109|0x00000000e6d00000, 0x00000000e6e00000, 0x00000000e6e00000|100%| O|  |TAMS 0x00000000e6e00000, 0x00000000e6d00000| Untracked 
| 110|0x00000000e6e00000, 0x00000000e6f00000, 0x00000000e6f00000|100%| O|  |TAMS 0x00000000e6f00000, 0x00000000e6e00000| Untracked 
| 111|0x00000000e6f00000, 0x00000000e7000000, 0x00000000e7000000|100%| O|  |TAMS 0x00000000e7000000, 0x00000000e6f00000| Untracked 
| 112|0x00000000e7000000, 0x00000000e7100000, 0x00000000e7100000|100%| O|  |TAMS 0x00000000e7100000, 0x00000000e7000000| Untracked 
| 113|0x00000000e7100000, 0x00000000e7100000, 0x00000000e7200000|  0%| F|  |TAMS 0x00000000e7100000, 0x00000000e7100000| Untracked 
| 114|0x00000000e7200000, 0x00000000e7300000, 0x00000000e7300000|100%| O|  |TAMS 0x00000000e7300000, 0x00000000e7200000| Untracked 
| 115|0x00000000e7300000, 0x00000000e7400000, 0x00000000e7400000|100%| O|  |TAMS 0x00000000e7400000, 0x00000000e7300000| Untracked 
| 116|0x00000000e7400000, 0x00000000e7500000, 0x00000000e7500000|100%| O|  |TAMS 0x00000000e7500000, 0x00000000e7400000| Untracked 
| 117|0x00000000e7500000, 0x00000000e7500000, 0x00000000e7600000|  0%| F|  |TAMS 0x00000000e7500000, 0x00000000e7500000| Untracked 
| 118|0x00000000e7600000, 0x00000000e7600000, 0x00000000e7700000|  0%| F|  |TAMS 0x00000000e7600000, 0x00000000e7600000| Untracked 
| 119|0x00000000e7700000, 0x00000000e7800000, 0x00000000e7800000|100%| O|  |TAMS 0x00000000e7800000, 0x00000000e7700000| Untracked 
| 120|0x00000000e7800000, 0x00000000e7900000, 0x00000000e7900000|100%| O|  |TAMS 0x00000000e7900000, 0x00000000e7800000| Untracked 
| 121|0x00000000e7900000, 0x00000000e7a00000, 0x00000000e7a00000|100%| O|  |TAMS 0x00000000e7a00000, 0x00000000e7900000| Untracked 
| 122|0x00000000e7a00000, 0x00000000e7b00000, 0x00000000e7b00000|100%| O|  |TAMS 0x00000000e7b00000, 0x00000000e7a00000| Untracked 
| 123|0x00000000e7b00000, 0x00000000e7b00000, 0x00000000e7c00000|  0%| F|  |TAMS 0x00000000e7b00000, 0x00000000e7b00000| Untracked 
| 124|0x00000000e7c00000, 0x00000000e7d00000, 0x00000000e7d00000|100%| O|  |TAMS 0x00000000e7d00000, 0x00000000e7c00000| Untracked 
| 125|0x00000000e7d00000, 0x00000000e7e00000, 0x00000000e7e00000|100%| O|  |TAMS 0x00000000e7e00000, 0x00000000e7d00000| Untracked 
| 126|0x00000000e7e00000, 0x00000000e7f00000, 0x00000000e7f00000|100%| O|  |TAMS 0x00000000e7f00000, 0x00000000e7e00000| Untracked 
| 127|0x00000000e7f00000, 0x00000000e8000000, 0x00000000e8000000|100%| O|  |TAMS 0x00000000e8000000, 0x00000000e7f00000| Untracked 
| 128|0x00000000e8000000, 0x00000000e8100000, 0x00000000e8100000|100%| O|  |TAMS 0x00000000e8100000, 0x00000000e8000000| Untracked 
| 129|0x00000000e8100000, 0x00000000e8200000, 0x00000000e8200000|100%| O|  |TAMS 0x00000000e8200000, 0x00000000e8100000| Untracked 
| 130|0x00000000e8200000, 0x00000000e8300000, 0x00000000e8300000|100%| O|  |TAMS 0x00000000e8300000, 0x00000000e8200000| Untracked 
| 131|0x00000000e8300000, 0x00000000e8400000, 0x00000000e8400000|100%| O|  |TAMS 0x00000000e8400000, 0x00000000e8300000| Untracked 
| 132|0x00000000e8400000, 0x00000000e8500000, 0x00000000e8500000|100%| O|  |TAMS 0x00000000e8500000, 0x00000000e8400000| Untracked 
| 133|0x00000000e8500000, 0x00000000e8600000, 0x00000000e8600000|100%| O|  |TAMS 0x00000000e8600000, 0x00000000e8500000| Untracked 
| 134|0x00000000e8600000, 0x00000000e8700000, 0x00000000e8700000|100%| O|  |TAMS 0x00000000e8700000, 0x00000000e8600000| Untracked 
| 135|0x00000000e8700000, 0x00000000e8800000, 0x00000000e8800000|100%| O|  |TAMS 0x00000000e8800000, 0x00000000e8700000| Untracked 
| 136|0x00000000e8800000, 0x00000000e8900000, 0x00000000e8900000|100%| O|  |TAMS 0x00000000e8900000, 0x00000000e8800000| Untracked 
| 137|0x00000000e8900000, 0x00000000e8a00000, 0x00000000e8a00000|100%| O|  |TAMS 0x00000000e8a00000, 0x00000000e8900000| Untracked 
| 138|0x00000000e8a00000, 0x00000000e8b00000, 0x00000000e8b00000|100%| O|  |TAMS 0x00000000e8b00000, 0x00000000e8a00000| Untracked 
| 139|0x00000000e8b00000, 0x00000000e8c00000, 0x00000000e8c00000|100%| O|  |TAMS 0x00000000e8c00000, 0x00000000e8b00000| Untracked 
| 140|0x00000000e8c00000, 0x00000000e8d00000, 0x00000000e8d00000|100%| O|  |TAMS 0x00000000e8d00000, 0x00000000e8c00000| Untracked 
| 141|0x00000000e8d00000, 0x00000000e8e00000, 0x00000000e8e00000|100%| O|  |TAMS 0x00000000e8e00000, 0x00000000e8d00000| Untracked 
| 142|0x00000000e8e00000, 0x00000000e8f00000, 0x00000000e8f00000|100%| O|  |TAMS 0x00000000e8f00000, 0x00000000e8e00000| Untracked 
| 143|0x00000000e8f00000, 0x00000000e9000000, 0x00000000e9000000|100%| O|  |TAMS 0x00000000e9000000, 0x00000000e8f00000| Untracked 
| 144|0x00000000e9000000, 0x00000000e9100000, 0x00000000e9100000|100%| O|  |TAMS 0x00000000e9100000, 0x00000000e9000000| Untracked 
| 145|0x00000000e9100000, 0x00000000e9200000, 0x00000000e9200000|100%| O|  |TAMS 0x00000000e9200000, 0x00000000e9100000| Untracked 
| 146|0x00000000e9200000, 0x00000000e9300000, 0x00000000e9300000|100%| O|  |TAMS 0x00000000e9300000, 0x00000000e9200000| Untracked 
| 147|0x00000000e9300000, 0x00000000e9400000, 0x00000000e9400000|100%| O|  |TAMS 0x00000000e9400000, 0x00000000e9300000| Untracked 
| 148|0x00000000e9400000, 0x00000000e9500000, 0x00000000e9500000|100%| O|  |TAMS 0x00000000e9500000, 0x00000000e9400000| Untracked 
| 149|0x00000000e9500000, 0x00000000e9600000, 0x00000000e9600000|100%| O|  |TAMS 0x00000000e9600000, 0x00000000e9500000| Untracked 
| 150|0x00000000e9600000, 0x00000000e9700000, 0x00000000e9700000|100%| O|  |TAMS 0x00000000e9700000, 0x00000000e9600000| Untracked 
| 151|0x00000000e9700000, 0x00000000e9800000, 0x00000000e9800000|100%|HS|  |TAMS 0x00000000e9800000, 0x00000000e9700000| Complete 
| 152|0x00000000e9800000, 0x00000000e9900000, 0x00000000e9900000|100%| O|  |TAMS 0x00000000e9900000, 0x00000000e9800000| Untracked 
| 153|0x00000000e9900000, 0x00000000e9a00000, 0x00000000e9a00000|100%| O|  |TAMS 0x00000000e9a00000, 0x00000000e9900000| Untracked 
| 154|0x00000000e9a00000, 0x00000000e9b00000, 0x00000000e9b00000|100%| O|  |TAMS 0x00000000e9b00000, 0x00000000e9a00000| Untracked 
| 155|0x00000000e9b00000, 0x00000000e9c00000, 0x00000000e9c00000|100%| O|  |TAMS 0x00000000e9c00000, 0x00000000e9b00000| Untracked 
| 156|0x00000000e9c00000, 0x00000000e9d00000, 0x00000000e9d00000|100%| O|  |TAMS 0x00000000e9c00000, 0x00000000e9c00000| Untracked 
| 157|0x00000000e9d00000, 0x00000000e9e00000, 0x00000000e9e00000|100%| O|  |TAMS 0x00000000e9e00000, 0x00000000e9d00000| Untracked 
| 158|0x00000000e9e00000, 0x00000000e9f00000, 0x00000000e9f00000|100%| O|  |TAMS 0x00000000e9f00000, 0x00000000e9e00000| Untracked 
| 159|0x00000000e9f00000, 0x00000000ea000000, 0x00000000ea000000|100%| O|  |TAMS 0x00000000ea000000, 0x00000000e9f00000| Untracked 
| 160|0x00000000ea000000, 0x00000000ea100000, 0x00000000ea100000|100%| O|  |TAMS 0x00000000ea100000, 0x00000000ea000000| Untracked 
| 161|0x00000000ea100000, 0x00000000ea100000, 0x00000000ea200000|  0%| F|  |TAMS 0x00000000ea100000, 0x00000000ea100000| Untracked 
| 162|0x00000000ea200000, 0x00000000ea300000, 0x00000000ea300000|100%| O|  |TAMS 0x00000000ea300000, 0x00000000ea200000| Untracked 
| 163|0x00000000ea300000, 0x00000000ea400000, 0x00000000ea400000|100%| O|  |TAMS 0x00000000ea400000, 0x00000000ea300000| Untracked 
| 164|0x00000000ea400000, 0x00000000ea500000, 0x00000000ea500000|100%| O|  |TAMS 0x00000000ea500000, 0x00000000ea400000| Untracked 
| 165|0x00000000ea500000, 0x00000000ea600000, 0x00000000ea600000|100%|HS|  |TAMS 0x00000000ea600000, 0x00000000ea500000| Complete 
| 166|0x00000000ea600000, 0x00000000ea700000, 0x00000000ea700000|100%|HC|  |TAMS 0x00000000ea700000, 0x00000000ea600000| Complete 
| 167|0x00000000ea700000, 0x00000000ea800000, 0x00000000ea800000|100%| O|  |TAMS 0x00000000ea800000, 0x00000000ea700000| Untracked 
| 168|0x00000000ea800000, 0x00000000ea900000, 0x00000000ea900000|100%| O|  |TAMS 0x00000000ea900000, 0x00000000ea800000| Untracked 
| 169|0x00000000ea900000, 0x00000000eaa00000, 0x00000000eaa00000|100%| O|  |TAMS 0x00000000eaa00000, 0x00000000ea900000| Untracked 
| 170|0x00000000eaa00000, 0x00000000eab00000, 0x00000000eab00000|100%| O|  |TAMS 0x00000000eab00000, 0x00000000eaa00000| Untracked 
| 171|0x00000000eab00000, 0x00000000eac00000, 0x00000000eac00000|100%| O|  |TAMS 0x00000000eac00000, 0x00000000eab00000| Untracked 
| 172|0x00000000eac00000, 0x00000000ead00000, 0x00000000ead00000|100%| O|  |TAMS 0x00000000ead00000, 0x00000000eac00000| Untracked 
| 173|0x00000000ead00000, 0x00000000eae00000, 0x00000000eae00000|100%| O|  |TAMS 0x00000000eae00000, 0x00000000ead00000| Untracked 
| 174|0x00000000eae00000, 0x00000000eaf00000, 0x00000000eaf00000|100%| O|  |TAMS 0x00000000eaf00000, 0x00000000eae00000| Untracked 
| 175|0x00000000eaf00000, 0x00000000eb000000, 0x00000000eb000000|100%| O|  |TAMS 0x00000000eb000000, 0x00000000eaf00000| Untracked 
| 176|0x00000000eb000000, 0x00000000eb100000, 0x00000000eb100000|100%| O|  |TAMS 0x00000000eb100000, 0x00000000eb000000| Untracked 
| 177|0x00000000eb100000, 0x00000000eb200000, 0x00000000eb200000|100%| O|  |TAMS 0x00000000eb200000, 0x00000000eb100000| Untracked 
| 178|0x00000000eb200000, 0x00000000eb300000, 0x00000000eb300000|100%| O|  |TAMS 0x00000000eb300000, 0x00000000eb200000| Untracked 
| 179|0x00000000eb300000, 0x00000000eb400000, 0x00000000eb400000|100%| O|  |TAMS 0x00000000eb400000, 0x00000000eb300000| Untracked 
| 180|0x00000000eb400000, 0x00000000eb500000, 0x00000000eb500000|100%| O|  |TAMS 0x00000000eb500000, 0x00000000eb400000| Untracked 
| 181|0x00000000eb500000, 0x00000000eb600000, 0x00000000eb600000|100%| O|  |TAMS 0x00000000eb600000, 0x00000000eb500000| Untracked 
| 182|0x00000000eb600000, 0x00000000eb700000, 0x00000000eb700000|100%| O|  |TAMS 0x00000000eb700000, 0x00000000eb600000| Untracked 
| 183|0x00000000eb700000, 0x00000000eb800000, 0x00000000eb800000|100%| O|  |TAMS 0x00000000eb800000, 0x00000000eb700000| Untracked 
| 184|0x00000000eb800000, 0x00000000eb800000, 0x00000000eb900000|  0%| F|  |TAMS 0x00000000eb800000, 0x00000000eb800000| Untracked 
| 185|0x00000000eb900000, 0x00000000eba00000, 0x00000000eba00000|100%|HS|  |TAMS 0x00000000eba00000, 0x00000000eb900000| Complete 
| 186|0x00000000eba00000, 0x00000000ebb00000, 0x00000000ebb00000|100%|HC|  |TAMS 0x00000000ebb00000, 0x00000000eba00000| Complete 
| 187|0x00000000ebb00000, 0x00000000ebc00000, 0x00000000ebc00000|100%|HC|  |TAMS 0x00000000ebc00000, 0x00000000ebb00000| Complete 
| 188|0x00000000ebc00000, 0x00000000ebd00000, 0x00000000ebd00000|100%| O|  |TAMS 0x00000000ebd00000, 0x00000000ebc00000| Untracked 
| 189|0x00000000ebd00000, 0x00000000ebd00000, 0x00000000ebe00000|  0%| F|  |TAMS 0x00000000ebd00000, 0x00000000ebd00000| Untracked 
| 190|0x00000000ebe00000, 0x00000000ebe00000, 0x00000000ebf00000|  0%| F|  |TAMS 0x00000000ebe00000, 0x00000000ebe00000| Untracked 
| 191|0x00000000ebf00000, 0x00000000ec000000, 0x00000000ec000000|100%|HS|  |TAMS 0x00000000ec000000, 0x00000000ebf00000| Complete 
| 192|0x00000000ec000000, 0x00000000ec100000, 0x00000000ec100000|100%|HC|  |TAMS 0x00000000ec100000, 0x00000000ec000000| Complete 
| 193|0x00000000ec100000, 0x00000000ec200000, 0x00000000ec200000|100%|HC|  |TAMS 0x00000000ec200000, 0x00000000ec100000| Complete 
| 194|0x00000000ec200000, 0x00000000ec200000, 0x00000000ec300000|  0%| F|  |TAMS 0x00000000ec200000, 0x00000000ec200000| Untracked 
| 195|0x00000000ec300000, 0x00000000ec300000, 0x00000000ec400000|  0%| F|  |TAMS 0x00000000ec300000, 0x00000000ec300000| Untracked 
| 196|0x00000000ec400000, 0x00000000ec400000, 0x00000000ec500000|  0%| F|  |TAMS 0x00000000ec400000, 0x00000000ec400000| Untracked 
| 197|0x00000000ec500000, 0x00000000ec600000, 0x00000000ec600000|100%| O|  |TAMS 0x00000000ec600000, 0x00000000ec500000| Untracked 
| 198|0x00000000ec600000, 0x00000000ec700000, 0x00000000ec700000|100%| O|  |TAMS 0x00000000ec700000, 0x00000000ec600000| Untracked 
| 199|0x00000000ec700000, 0x00000000ec800000, 0x00000000ec800000|100%| O|  |TAMS 0x00000000ec800000, 0x00000000ec700000| Untracked 
| 200|0x00000000ec800000, 0x00000000ec800000, 0x00000000ec900000|  0%| F|  |TAMS 0x00000000ec800000, 0x00000000ec800000| Untracked 
| 201|0x00000000ec900000, 0x00000000eca00000, 0x00000000eca00000|100%| O|  |TAMS 0x00000000eca00000, 0x00000000ec900000| Untracked 
| 202|0x00000000eca00000, 0x00000000eca00000, 0x00000000ecb00000|  0%| F|  |TAMS 0x00000000eca00000, 0x00000000eca00000| Untracked 
| 203|0x00000000ecb00000, 0x00000000ecb00000, 0x00000000ecc00000|  0%| F|  |TAMS 0x00000000ecb00000, 0x00000000ecb00000| Untracked 
| 204|0x00000000ecc00000, 0x00000000ecc00000, 0x00000000ecd00000|  0%| F|  |TAMS 0x00000000ecc00000, 0x00000000ecc00000| Untracked 
| 205|0x00000000ecd00000, 0x00000000ece00000, 0x00000000ece00000|100%| O|  |TAMS 0x00000000ece00000, 0x00000000ecd00000| Untracked 
| 206|0x00000000ece00000, 0x00000000ecf00000, 0x00000000ecf00000|100%| O|  |TAMS 0x00000000ecf00000, 0x00000000ece00000| Untracked 
| 207|0x00000000ecf00000, 0x00000000ed000000, 0x00000000ed000000|100%| O|  |TAMS 0x00000000ed000000, 0x00000000ecf00000| Untracked 
| 208|0x00000000ed000000, 0x00000000ed100000, 0x00000000ed100000|100%| O|  |TAMS 0x00000000ed100000, 0x00000000ed000000| Untracked 
| 209|0x00000000ed100000, 0x00000000ed200000, 0x00000000ed200000|100%| O|  |TAMS 0x00000000ed200000, 0x00000000ed100000| Untracked 
| 210|0x00000000ed200000, 0x00000000ed300000, 0x00000000ed300000|100%| O|  |TAMS 0x00000000ed300000, 0x00000000ed200000| Untracked 
| 211|0x00000000ed300000, 0x00000000ed400000, 0x00000000ed400000|100%| O|  |TAMS 0x00000000ed400000, 0x00000000ed300000| Untracked 
| 212|0x00000000ed400000, 0x00000000ed500000, 0x00000000ed500000|100%| O|  |TAMS 0x00000000ed500000, 0x00000000ed400000| Untracked 
| 213|0x00000000ed500000, 0x00000000ed600000, 0x00000000ed600000|100%| O|  |TAMS 0x00000000ed600000, 0x00000000ed500000| Untracked 
| 214|0x00000000ed600000, 0x00000000ed700000, 0x00000000ed700000|100%| O|  |TAMS 0x00000000ed700000, 0x00000000ed600000| Untracked 
| 215|0x00000000ed700000, 0x00000000ed800000, 0x00000000ed800000|100%| O|  |TAMS 0x00000000ed800000, 0x00000000ed700000| Untracked 
| 216|0x00000000ed800000, 0x00000000ed900000, 0x00000000ed900000|100%| O|  |TAMS 0x00000000ed900000, 0x00000000ed800000| Untracked 
| 217|0x00000000ed900000, 0x00000000eda00000, 0x00000000eda00000|100%| O|  |TAMS 0x00000000eda00000, 0x00000000ed900000| Untracked 
| 218|0x00000000eda00000, 0x00000000edb00000, 0x00000000edb00000|100%| O|  |TAMS 0x00000000edb00000, 0x00000000eda00000| Untracked 
| 219|0x00000000edb00000, 0x00000000edc00000, 0x00000000edc00000|100%| O|  |TAMS 0x00000000edc00000, 0x00000000edb00000| Untracked 
| 220|0x00000000edc00000, 0x00000000edd00000, 0x00000000edd00000|100%| O|  |TAMS 0x00000000edd00000, 0x00000000edc00000| Untracked 
| 221|0x00000000edd00000, 0x00000000ede00000, 0x00000000ede00000|100%| O|  |TAMS 0x00000000ede00000, 0x00000000edd00000| Untracked 
| 222|0x00000000ede00000, 0x00000000ede00000, 0x00000000edf00000|  0%| F|  |TAMS 0x00000000ede00000, 0x00000000ede00000| Untracked 
| 223|0x00000000edf00000, 0x00000000ee000000, 0x00000000ee000000|100%| O|  |TAMS 0x00000000ee000000, 0x00000000edf00000| Untracked 
| 224|0x00000000ee000000, 0x00000000ee000000, 0x00000000ee100000|  0%| F|  |TAMS 0x00000000ee000000, 0x00000000ee000000| Untracked 
| 225|0x00000000ee100000, 0x00000000ee100000, 0x00000000ee200000|  0%| F|  |TAMS 0x00000000ee100000, 0x00000000ee100000| Untracked 
| 226|0x00000000ee200000, 0x00000000ee300000, 0x00000000ee300000|100%| O|  |TAMS 0x00000000ee300000, 0x00000000ee200000| Untracked 
| 227|0x00000000ee300000, 0x00000000ee400000, 0x00000000ee400000|100%| O|  |TAMS 0x00000000ee400000, 0x00000000ee300000| Untracked 
| 228|0x00000000ee400000, 0x00000000ee500000, 0x00000000ee500000|100%| O|  |TAMS 0x00000000ee500000, 0x00000000ee400000| Untracked 
| 229|0x00000000ee500000, 0x00000000ee600000, 0x00000000ee600000|100%| O|  |TAMS 0x00000000ee600000, 0x00000000ee500000| Untracked 
| 230|0x00000000ee600000, 0x00000000ee700000, 0x00000000ee700000|100%| O|  |TAMS 0x00000000ee600000, 0x00000000ee600000| Untracked 
| 231|0x00000000ee700000, 0x00000000ee800000, 0x00000000ee800000|100%| O|  |TAMS 0x00000000ee800000, 0x00000000ee700000| Untracked 
| 232|0x00000000ee800000, 0x00000000ee900000, 0x00000000ee900000|100%| O|  |TAMS 0x00000000ee900000, 0x00000000ee800000| Untracked 
| 233|0x00000000ee900000, 0x00000000eea00000, 0x00000000eea00000|100%| O|  |TAMS 0x00000000eea00000, 0x00000000ee900000| Untracked 
| 234|0x00000000eea00000, 0x00000000eeb00000, 0x00000000eeb00000|100%| O|  |TAMS 0x00000000eeb00000, 0x00000000eea00000| Untracked 
| 235|0x00000000eeb00000, 0x00000000eec00000, 0x00000000eec00000|100%| O|  |TAMS 0x00000000eebf8000, 0x00000000eeb00000| Untracked 
| 236|0x00000000eec00000, 0x00000000eed00000, 0x00000000eed00000|100%| O|  |TAMS 0x00000000eed00000, 0x00000000eec00000| Untracked 
| 237|0x00000000eed00000, 0x00000000eee00000, 0x00000000eee00000|100%| O|  |TAMS 0x00000000eee00000, 0x00000000eed00000| Untracked 
| 238|0x00000000eee00000, 0x00000000eef00000, 0x00000000eef00000|100%| O|  |TAMS 0x00000000eef00000, 0x00000000eee00000| Untracked 
| 239|0x00000000eef00000, 0x00000000eef00000, 0x00000000ef000000|  0%| F|  |TAMS 0x00000000eef00000, 0x00000000eef00000| Untracked 
| 240|0x00000000ef000000, 0x00000000ef100000, 0x00000000ef100000|100%| O|  |TAMS 0x00000000ef100000, 0x00000000ef000000| Untracked 
| 241|0x00000000ef100000, 0x00000000ef200000, 0x00000000ef200000|100%| O|  |TAMS 0x00000000ef100000, 0x00000000ef100000| Untracked 
| 242|0x00000000ef200000, 0x00000000ef300000, 0x00000000ef300000|100%| O|  |TAMS 0x00000000ef300000, 0x00000000ef200000| Untracked 
| 243|0x00000000ef300000, 0x00000000ef400000, 0x00000000ef400000|100%| O|  |TAMS 0x00000000ef400000, 0x00000000ef300000| Untracked 
| 244|0x00000000ef400000, 0x00000000ef500000, 0x00000000ef500000|100%| O|  |TAMS 0x00000000ef400000, 0x00000000ef400000| Untracked 
| 245|0x00000000ef500000, 0x00000000ef600000, 0x00000000ef600000|100%| O|  |TAMS 0x00000000ef500000, 0x00000000ef500000| Untracked 
| 246|0x00000000ef600000, 0x00000000ef700000, 0x00000000ef700000|100%| O|  |TAMS 0x00000000ef600000, 0x00000000ef600000| Untracked 
| 247|0x00000000ef700000, 0x00000000ef800000, 0x00000000ef800000|100%| O|  |TAMS 0x00000000ef700000, 0x00000000ef700000| Untracked 
| 248|0x00000000ef800000, 0x00000000ef900000, 0x00000000ef900000|100%| O|  |TAMS 0x00000000ef800000, 0x00000000ef800000| Untracked 
| 249|0x00000000ef900000, 0x00000000efa00000, 0x00000000efa00000|100%| O|  |TAMS 0x00000000efa00000, 0x00000000ef900000| Untracked 
| 250|0x00000000efa00000, 0x00000000efa00000, 0x00000000efb00000|  0%| F|  |TAMS 0x00000000efa00000, 0x00000000efa00000| Untracked 
| 251|0x00000000efb00000, 0x00000000efc00000, 0x00000000efc00000|100%| O|  |TAMS 0x00000000efb00000, 0x00000000efb00000| Untracked 
| 252|0x00000000efc00000, 0x00000000efd00000, 0x00000000efd00000|100%| O|  |TAMS 0x00000000efd00000, 0x00000000efc00000| Untracked 
| 253|0x00000000efd00000, 0x00000000efd00000, 0x00000000efe00000|  0%| F|  |TAMS 0x00000000efd00000, 0x00000000efd00000| Untracked 
| 254|0x00000000efe00000, 0x00000000eff00000, 0x00000000eff00000|100%| O|  |TAMS 0x00000000efe00000, 0x00000000efe00000| Untracked 
| 255|0x00000000eff00000, 0x00000000eff00000, 0x00000000f0000000|  0%| F|  |TAMS 0x00000000eff00000, 0x00000000eff00000| Untracked 
| 256|0x00000000f0000000, 0x00000000f0000000, 0x00000000f0100000|  0%| F|  |TAMS 0x00000000f0000000, 0x00000000f0000000| Untracked 
| 257|0x00000000f0100000, 0x00000000f0200000, 0x00000000f0200000|100%| O|  |TAMS 0x00000000f0200000, 0x00000000f0100000| Untracked 
| 258|0x00000000f0200000, 0x00000000f0300000, 0x00000000f0300000|100%| O|  |TAMS 0x00000000f0300000, 0x00000000f0200000| Untracked 
| 259|0x00000000f0300000, 0x00000000f0400000, 0x00000000f0400000|100%| O|  |TAMS 0x00000000f0400000, 0x00000000f0300000| Untracked 
| 260|0x00000000f0400000, 0x00000000f0500000, 0x00000000f0500000|100%| O|  |TAMS 0x00000000f0400000, 0x00000000f0400000| Untracked 
| 261|0x00000000f0500000, 0x00000000f0500000, 0x00000000f0600000|  0%| F|  |TAMS 0x00000000f0500000, 0x00000000f0500000| Untracked 
| 262|0x00000000f0600000, 0x00000000f0600000, 0x00000000f0700000|  0%| F|  |TAMS 0x00000000f0600000, 0x00000000f0600000| Untracked 
| 263|0x00000000f0700000, 0x00000000f0700000, 0x00000000f0800000|  0%| F|  |TAMS 0x00000000f0700000, 0x00000000f0700000| Untracked 
| 264|0x00000000f0800000, 0x00000000f0900000, 0x00000000f0900000|100%| O|  |TAMS 0x00000000f0900000, 0x00000000f0800000| Untracked 
| 265|0x00000000f0900000, 0x00000000f0900000, 0x00000000f0a00000|  0%| F|  |TAMS 0x00000000f0900000, 0x00000000f0900000| Untracked 
| 266|0x00000000f0a00000, 0x00000000f0b00000, 0x00000000f0b00000|100%| O|  |TAMS 0x00000000f0b00000, 0x00000000f0a00000| Untracked 
| 267|0x00000000f0b00000, 0x00000000f0c00000, 0x00000000f0c00000|100%| O|  |TAMS 0x00000000f0c00000, 0x00000000f0b00000| Untracked 
| 268|0x00000000f0c00000, 0x00000000f0c00000, 0x00000000f0d00000|  0%| F|  |TAMS 0x00000000f0c00000, 0x00000000f0c00000| Untracked 
| 269|0x00000000f0d00000, 0x00000000f0e00000, 0x00000000f0e00000|100%| O|  |TAMS 0x00000000f0d00000, 0x00000000f0d00000| Untracked 
| 270|0x00000000f0e00000, 0x00000000f0e00000, 0x00000000f0f00000|  0%| F|  |TAMS 0x00000000f0e00000, 0x00000000f0e00000| Untracked 
| 271|0x00000000f0f00000, 0x00000000f1000000, 0x00000000f1000000|100%| O|  |TAMS 0x00000000f0f00000, 0x00000000f0f00000| Untracked 
| 272|0x00000000f1000000, 0x00000000f1000000, 0x00000000f1100000|  0%| F|  |TAMS 0x00000000f1000000, 0x00000000f1000000| Untracked 
| 273|0x00000000f1100000, 0x00000000f1200000, 0x00000000f1200000|100%| O|  |TAMS 0x00000000f1100000, 0x00000000f1100000| Untracked 
| 274|0x00000000f1200000, 0x00000000f1300000, 0x00000000f1300000|100%| O|  |TAMS 0x00000000f1200000, 0x00000000f1200000| Untracked 
| 275|0x00000000f1300000, 0x00000000f1300000, 0x00000000f1400000|  0%| F|  |TAMS 0x00000000f1300000, 0x00000000f1300000| Untracked 
| 276|0x00000000f1400000, 0x00000000f1400000, 0x00000000f1500000|  0%| F|  |TAMS 0x00000000f1400000, 0x00000000f1400000| Untracked 
| 277|0x00000000f1500000, 0x00000000f1500000, 0x00000000f1600000|  0%| F|  |TAMS 0x00000000f1500000, 0x00000000f1500000| Untracked 
| 278|0x00000000f1600000, 0x00000000f1700000, 0x00000000f1700000|100%| O|  |TAMS 0x00000000f1700000, 0x00000000f1600000| Untracked 
| 279|0x00000000f1700000, 0x00000000f1800000, 0x00000000f1800000|100%| O|  |TAMS 0x00000000f1800000, 0x00000000f1700000| Untracked 
| 280|0x00000000f1800000, 0x00000000f1900000, 0x00000000f1900000|100%| O|  |TAMS 0x00000000f1800000, 0x00000000f1800000| Untracked 
| 281|0x00000000f1900000, 0x00000000f1a00000, 0x00000000f1a00000|100%| O|  |TAMS 0x00000000f1900000, 0x00000000f1900000| Untracked 
| 282|0x00000000f1a00000, 0x00000000f1a00000, 0x00000000f1b00000|  0%| F|  |TAMS 0x00000000f1a00000, 0x00000000f1a00000| Untracked 
| 283|0x00000000f1b00000, 0x00000000f1c00000, 0x00000000f1c00000|100%| O|  |TAMS 0x00000000f1b00000, 0x00000000f1b00000| Untracked 
| 284|0x00000000f1c00000, 0x00000000f1c00000, 0x00000000f1d00000|  0%| F|  |TAMS 0x00000000f1c00000, 0x00000000f1c00000| Untracked 
| 285|0x00000000f1d00000, 0x00000000f1d00000, 0x00000000f1e00000|  0%| F|  |TAMS 0x00000000f1d00000, 0x00000000f1d00000| Untracked 
| 286|0x00000000f1e00000, 0x00000000f1e00000, 0x00000000f1f00000|  0%| F|  |TAMS 0x00000000f1e00000, 0x00000000f1e00000| Untracked 
| 287|0x00000000f1f00000, 0x00000000f1f00000, 0x00000000f2000000|  0%| F|  |TAMS 0x00000000f1f00000, 0x00000000f1f00000| Untracked 
| 288|0x00000000f2000000, 0x00000000f2000000, 0x00000000f2100000|  0%| F|  |TAMS 0x00000000f2000000, 0x00000000f2000000| Untracked 
| 289|0x00000000f2100000, 0x00000000f2100000, 0x00000000f2200000|  0%| F|  |TAMS 0x00000000f2100000, 0x00000000f2100000| Untracked 
| 290|0x00000000f2200000, 0x00000000f2200000, 0x00000000f2300000|  0%| F|  |TAMS 0x00000000f2200000, 0x00000000f2200000| Untracked 
| 291|0x00000000f2300000, 0x00000000f2300000, 0x00000000f2400000|  0%| F|  |TAMS 0x00000000f2300000, 0x00000000f2300000| Untracked 
| 292|0x00000000f2400000, 0x00000000f2500000, 0x00000000f2500000|100%| O|  |TAMS 0x00000000f2400000, 0x00000000f2400000| Untracked 
| 293|0x00000000f2500000, 0x00000000f2600000, 0x00000000f2600000|100%| O|  |TAMS 0x00000000f2500000, 0x00000000f2500000| Untracked 
| 294|0x00000000f2600000, 0x00000000f2600000, 0x00000000f2700000|  0%| F|  |TAMS 0x00000000f2600000, 0x00000000f2600000| Untracked 
| 295|0x00000000f2700000, 0x00000000f2700000, 0x00000000f2800000|  0%| F|  |TAMS 0x00000000f2700000, 0x00000000f2700000| Untracked 
| 296|0x00000000f2800000, 0x00000000f2900000, 0x00000000f2900000|100%| O|  |TAMS 0x00000000f2900000, 0x00000000f2800000| Untracked 
| 297|0x00000000f2900000, 0x00000000f2a00000, 0x00000000f2a00000|100%| O|  |TAMS 0x00000000f2a00000, 0x00000000f2900000| Untracked 
| 298|0x00000000f2a00000, 0x00000000f2b00000, 0x00000000f2b00000|100%| O|  |TAMS 0x00000000f2a00000, 0x00000000f2a00000| Untracked 
| 299|0x00000000f2b00000, 0x00000000f2c00000, 0x00000000f2c00000|100%| O|  |TAMS 0x00000000f2b00000, 0x00000000f2b00000| Untracked 
| 300|0x00000000f2c00000, 0x00000000f2d00000, 0x00000000f2d00000|100%| O|  |TAMS 0x00000000f2c00000, 0x00000000f2c00000| Untracked 
| 301|0x00000000f2d00000, 0x00000000f2e00000, 0x00000000f2e00000|100%| O|  |TAMS 0x00000000f2d00000, 0x00000000f2d00000| Untracked 
| 302|0x00000000f2e00000, 0x00000000f2f00000, 0x00000000f2f00000|100%| O|  |TAMS 0x00000000f2e00000, 0x00000000f2e00000| Untracked 
| 303|0x00000000f2f00000, 0x00000000f3000000, 0x00000000f3000000|100%| O|  |TAMS 0x00000000f2f00000, 0x00000000f2f00000| Untracked 
| 304|0x00000000f3000000, 0x00000000f3000000, 0x00000000f3100000|  0%| F|  |TAMS 0x00000000f3000000, 0x00000000f3000000| Untracked 
| 305|0x00000000f3100000, 0x00000000f3100000, 0x00000000f3200000|  0%| F|  |TAMS 0x00000000f3100000, 0x00000000f3100000| Untracked 
| 306|0x00000000f3200000, 0x00000000f3200000, 0x00000000f3300000|  0%| F|  |TAMS 0x00000000f3200000, 0x00000000f3200000| Untracked 
| 307|0x00000000f3300000, 0x00000000f3300000, 0x00000000f3400000|  0%| F|  |TAMS 0x00000000f3300000, 0x00000000f3300000| Untracked 
| 308|0x00000000f3400000, 0x00000000f3400000, 0x00000000f3500000|  0%| F|  |TAMS 0x00000000f3400000, 0x00000000f3400000| Untracked 
| 309|0x00000000f3500000, 0x00000000f3500000, 0x00000000f3600000|  0%| F|  |TAMS 0x00000000f3500000, 0x00000000f3500000| Untracked 
| 310|0x00000000f3600000, 0x00000000f3600000, 0x00000000f3700000|  0%| F|  |TAMS 0x00000000f3600000, 0x00000000f3600000| Untracked 
| 311|0x00000000f3700000, 0x00000000f3700000, 0x00000000f3800000|  0%| F|  |TAMS 0x00000000f3700000, 0x00000000f3700000| Untracked 
| 312|0x00000000f3800000, 0x00000000f38cea90, 0x00000000f3900000| 80%| S|CS|TAMS 0x00000000f3800000, 0x00000000f3800000| Complete 
| 313|0x00000000f3900000, 0x00000000f3a00000, 0x00000000f3a00000|100%| S|CS|TAMS 0x00000000f3900000, 0x00000000f3900000| Complete 
| 314|0x00000000f3a00000, 0x00000000f3b00000, 0x00000000f3b00000|100%| S|CS|TAMS 0x00000000f3a00000, 0x00000000f3a00000| Complete 
| 315|0x00000000f3b00000, 0x00000000f3c00000, 0x00000000f3c00000|100%| S|CS|TAMS 0x00000000f3b00000, 0x00000000f3b00000| Complete 
| 316|0x00000000f3c00000, 0x00000000f3d00000, 0x00000000f3d00000|100%| S|CS|TAMS 0x00000000f3c00000, 0x00000000f3c00000| Complete 
| 317|0x00000000f3d00000, 0x00000000f3d00000, 0x00000000f3e00000|  0%| F|  |TAMS 0x00000000f3d00000, 0x00000000f3d00000| Untracked 
| 318|0x00000000f3e00000, 0x00000000f3e00000, 0x00000000f3f00000|  0%| F|  |TAMS 0x00000000f3e00000, 0x00000000f3e00000| Untracked 
| 319|0x00000000f3f00000, 0x00000000f3f00000, 0x00000000f4000000|  0%| F|  |TAMS 0x00000000f3f00000, 0x00000000f3f00000| Untracked 
| 320|0x00000000f4000000, 0x00000000f4000000, 0x00000000f4100000|  0%| F|  |TAMS 0x00000000f4000000, 0x00000000f4000000| Untracked 
| 321|0x00000000f4100000, 0x00000000f4200000, 0x00000000f4200000|100%| S|CS|TAMS 0x00000000f4100000, 0x00000000f4100000| Complete 
| 322|0x00000000f4200000, 0x00000000f4300000, 0x00000000f4300000|100%| S|CS|TAMS 0x00000000f4200000, 0x00000000f4200000| Complete 
| 323|0x00000000f4300000, 0x00000000f4400000, 0x00000000f4400000|100%| S|CS|TAMS 0x00000000f4300000, 0x00000000f4300000| Complete 
| 324|0x00000000f4400000, 0x00000000f4500000, 0x00000000f4500000|100%| O|  |TAMS 0x00000000f4500000, 0x00000000f4400000| Untracked 
| 325|0x00000000f4500000, 0x00000000f4500000, 0x00000000f4600000|  0%| F|  |TAMS 0x00000000f4500000, 0x00000000f4500000| Untracked 
| 326|0x00000000f4600000, 0x00000000f4600000, 0x00000000f4700000|  0%| F|  |TAMS 0x00000000f4600000, 0x00000000f4600000| Untracked 
| 327|0x00000000f4700000, 0x00000000f4700000, 0x00000000f4800000|  0%| F|  |TAMS 0x00000000f4700000, 0x00000000f4700000| Untracked 
| 328|0x00000000f4800000, 0x00000000f4900000, 0x00000000f4900000|100%| O|  |TAMS 0x00000000f4900000, 0x00000000f4800000| Untracked 
| 329|0x00000000f4900000, 0x00000000f4900000, 0x00000000f4a00000|  0%| F|  |TAMS 0x00000000f4900000, 0x00000000f4900000| Untracked 
| 330|0x00000000f4a00000, 0x00000000f4a00000, 0x00000000f4b00000|  0%| F|  |TAMS 0x00000000f4a00000, 0x00000000f4a00000| Untracked 
| 331|0x00000000f4b00000, 0x00000000f4b00000, 0x00000000f4c00000|  0%| F|  |TAMS 0x00000000f4b00000, 0x00000000f4b00000| Untracked 
| 332|0x00000000f4c00000, 0x00000000f4c00000, 0x00000000f4d00000|  0%| F|  |TAMS 0x00000000f4c00000, 0x00000000f4c00000| Untracked 
| 333|0x00000000f4d00000, 0x00000000f4d00000, 0x00000000f4e00000|  0%| F|  |TAMS 0x00000000f4d00000, 0x00000000f4d00000| Untracked 
| 334|0x00000000f4e00000, 0x00000000f4e00000, 0x00000000f4f00000|  0%| F|  |TAMS 0x00000000f4e00000, 0x00000000f4e00000| Untracked 
| 335|0x00000000f4f00000, 0x00000000f4f00000, 0x00000000f5000000|  0%| F|  |TAMS 0x00000000f4f00000, 0x00000000f4f00000| Untracked 
| 336|0x00000000f5000000, 0x00000000f5000000, 0x00000000f5100000|  0%| F|  |TAMS 0x00000000f5000000, 0x00000000f5000000| Untracked 
| 337|0x00000000f5100000, 0x00000000f5100000, 0x00000000f5200000|  0%| F|  |TAMS 0x00000000f5100000, 0x00000000f5100000| Untracked 
| 338|0x00000000f5200000, 0x00000000f5200000, 0x00000000f5300000|  0%| F|  |TAMS 0x00000000f5200000, 0x00000000f5200000| Untracked 
| 339|0x00000000f5300000, 0x00000000f5300000, 0x00000000f5400000|  0%| F|  |TAMS 0x00000000f5300000, 0x00000000f5300000| Untracked 
| 340|0x00000000f5400000, 0x00000000f5400000, 0x00000000f5500000|  0%| F|  |TAMS 0x00000000f5400000, 0x00000000f5400000| Untracked 
| 341|0x00000000f5500000, 0x00000000f5500000, 0x00000000f5600000|  0%| F|  |TAMS 0x00000000f5500000, 0x00000000f5500000| Untracked 
| 342|0x00000000f5600000, 0x00000000f5600000, 0x00000000f5700000|  0%| F|  |TAMS 0x00000000f5600000, 0x00000000f5600000| Untracked 
| 343|0x00000000f5700000, 0x00000000f5700000, 0x00000000f5800000|  0%| F|  |TAMS 0x00000000f5700000, 0x00000000f5700000| Untracked 
| 344|0x00000000f5800000, 0x00000000f5800000, 0x00000000f5900000|  0%| F|  |TAMS 0x00000000f5800000, 0x00000000f5800000| Untracked 
| 345|0x00000000f5900000, 0x00000000f5900000, 0x00000000f5a00000|  0%| F|  |TAMS 0x00000000f5900000, 0x00000000f5900000| Untracked 
| 346|0x00000000f5a00000, 0x00000000f5a00000, 0x00000000f5b00000|  0%| F|  |TAMS 0x00000000f5a00000, 0x00000000f5a00000| Untracked 
| 347|0x00000000f5b00000, 0x00000000f5b00000, 0x00000000f5c00000|  0%| F|  |TAMS 0x00000000f5b00000, 0x00000000f5b00000| Untracked 
| 348|0x00000000f5c00000, 0x00000000f5c00000, 0x00000000f5d00000|  0%| F|  |TAMS 0x00000000f5c00000, 0x00000000f5c00000| Untracked 
| 349|0x00000000f5d00000, 0x00000000f5d00000, 0x00000000f5e00000|  0%| F|  |TAMS 0x00000000f5d00000, 0x00000000f5d00000| Untracked 
| 350|0x00000000f5e00000, 0x00000000f5e00000, 0x00000000f5f00000|  0%| F|  |TAMS 0x00000000f5e00000, 0x00000000f5e00000| Untracked 
| 351|0x00000000f5f00000, 0x00000000f5f00000, 0x00000000f6000000|  0%| F|  |TAMS 0x00000000f5f00000, 0x00000000f5f00000| Untracked 
| 352|0x00000000f6000000, 0x00000000f6000000, 0x00000000f6100000|  0%| F|  |TAMS 0x00000000f6000000, 0x00000000f6000000| Untracked 
| 353|0x00000000f6100000, 0x00000000f6100000, 0x00000000f6200000|  0%| F|  |TAMS 0x00000000f6100000, 0x00000000f6100000| Untracked 
| 354|0x00000000f6200000, 0x00000000f6200000, 0x00000000f6300000|  0%| F|  |TAMS 0x00000000f6200000, 0x00000000f6200000| Untracked 
| 355|0x00000000f6300000, 0x00000000f6300000, 0x00000000f6400000|  0%| F|  |TAMS 0x00000000f6300000, 0x00000000f6300000| Untracked 
| 356|0x00000000f6400000, 0x00000000f6400000, 0x00000000f6500000|  0%| F|  |TAMS 0x00000000f6400000, 0x00000000f6400000| Untracked 
| 357|0x00000000f6500000, 0x00000000f6500000, 0x00000000f6600000|  0%| F|  |TAMS 0x00000000f6500000, 0x00000000f6500000| Untracked 
| 358|0x00000000f6600000, 0x00000000f6600000, 0x00000000f6700000|  0%| F|  |TAMS 0x00000000f6600000, 0x00000000f6600000| Untracked 
| 359|0x00000000f6700000, 0x00000000f6700000, 0x00000000f6800000|  0%| F|  |TAMS 0x00000000f6700000, 0x00000000f6700000| Untracked 
| 360|0x00000000f6800000, 0x00000000f6800000, 0x00000000f6900000|  0%| F|  |TAMS 0x00000000f6800000, 0x00000000f6800000| Untracked 
| 361|0x00000000f6900000, 0x00000000f6900000, 0x00000000f6a00000|  0%| F|  |TAMS 0x00000000f6900000, 0x00000000f6900000| Untracked 
| 362|0x00000000f6a00000, 0x00000000f6a00000, 0x00000000f6b00000|  0%| F|  |TAMS 0x00000000f6a00000, 0x00000000f6a00000| Untracked 
| 363|0x00000000f6b00000, 0x00000000f6b00000, 0x00000000f6c00000|  0%| F|  |TAMS 0x00000000f6b00000, 0x00000000f6b00000| Untracked 
| 364|0x00000000f6c00000, 0x00000000f6c00000, 0x00000000f6d00000|  0%| F|  |TAMS 0x00000000f6c00000, 0x00000000f6c00000| Untracked 
| 365|0x00000000f6d00000, 0x00000000f6d00000, 0x00000000f6e00000|  0%| F|  |TAMS 0x00000000f6d00000, 0x00000000f6d00000| Untracked 
| 366|0x00000000f6e00000, 0x00000000f6e00000, 0x00000000f6f00000|  0%| F|  |TAMS 0x00000000f6e00000, 0x00000000f6e00000| Untracked 
| 367|0x00000000f6f00000, 0x00000000f6f00000, 0x00000000f7000000|  0%| F|  |TAMS 0x00000000f6f00000, 0x00000000f6f00000| Untracked 
| 368|0x00000000f7000000, 0x00000000f7000000, 0x00000000f7100000|  0%| F|  |TAMS 0x00000000f7000000, 0x00000000f7000000| Untracked 
| 369|0x00000000f7100000, 0x00000000f7100000, 0x00000000f7200000|  0%| F|  |TAMS 0x00000000f7100000, 0x00000000f7100000| Untracked 
| 370|0x00000000f7200000, 0x00000000f7200000, 0x00000000f7300000|  0%| F|  |TAMS 0x00000000f7200000, 0x00000000f7200000| Untracked 
| 371|0x00000000f7300000, 0x00000000f7300000, 0x00000000f7400000|  0%| F|  |TAMS 0x00000000f7300000, 0x00000000f7300000| Untracked 
| 372|0x00000000f7400000, 0x00000000f7400000, 0x00000000f7500000|  0%| F|  |TAMS 0x00000000f7400000, 0x00000000f7400000| Untracked 
| 373|0x00000000f7500000, 0x00000000f7500000, 0x00000000f7600000|  0%| F|  |TAMS 0x00000000f7500000, 0x00000000f7500000| Untracked 
| 374|0x00000000f7600000, 0x00000000f7600000, 0x00000000f7700000|  0%| F|  |TAMS 0x00000000f7600000, 0x00000000f7600000| Untracked 
| 375|0x00000000f7700000, 0x00000000f7700000, 0x00000000f7800000|  0%| F|  |TAMS 0x00000000f7700000, 0x00000000f7700000| Untracked 
| 376|0x00000000f7800000, 0x00000000f7800000, 0x00000000f7900000|  0%| F|  |TAMS 0x00000000f7800000, 0x00000000f7800000| Untracked 
| 377|0x00000000f7900000, 0x00000000f7900000, 0x00000000f7a00000|  0%| F|  |TAMS 0x00000000f7900000, 0x00000000f7900000| Untracked 
| 378|0x00000000f7a00000, 0x00000000f7a00000, 0x00000000f7b00000|  0%| F|  |TAMS 0x00000000f7a00000, 0x00000000f7a00000| Untracked 
| 379|0x00000000f7b00000, 0x00000000f7b00000, 0x00000000f7c00000|  0%| F|  |TAMS 0x00000000f7b00000, 0x00000000f7b00000| Untracked 
| 380|0x00000000f7c00000, 0x00000000f7c00000, 0x00000000f7d00000|  0%| F|  |TAMS 0x00000000f7c00000, 0x00000000f7c00000| Untracked 
| 381|0x00000000f7d00000, 0x00000000f7d00000, 0x00000000f7e00000|  0%| F|  |TAMS 0x00000000f7d00000, 0x00000000f7d00000| Untracked 
| 382|0x00000000f7e00000, 0x00000000f7e00000, 0x00000000f7f00000|  0%| F|  |TAMS 0x00000000f7e00000, 0x00000000f7e00000| Untracked 
| 383|0x00000000f7f00000, 0x00000000f8000000, 0x00000000f8000000|100%| E|  |TAMS 0x00000000f7f00000, 0x00000000f7f00000| Complete 
| 384|0x00000000f8000000, 0x00000000f8100000, 0x00000000f8100000|100%| E|CS|TAMS 0x00000000f8000000, 0x00000000f8000000| Complete 
| 385|0x00000000f8100000, 0x00000000f8200000, 0x00000000f8200000|100%| E|CS|TAMS 0x00000000f8100000, 0x00000000f8100000| Complete 
| 386|0x00000000f8200000, 0x00000000f8300000, 0x00000000f8300000|100%| E|CS|TAMS 0x00000000f8200000, 0x00000000f8200000| Complete 
| 387|0x00000000f8300000, 0x00000000f8400000, 0x00000000f8400000|100%| E|CS|TAMS 0x00000000f8300000, 0x00000000f8300000| Complete 
| 388|0x00000000f8400000, 0x00000000f8500000, 0x00000000f8500000|100%| E|CS|TAMS 0x00000000f8400000, 0x00000000f8400000| Complete 
| 389|0x00000000f8500000, 0x00000000f8600000, 0x00000000f8600000|100%| E|CS|TAMS 0x00000000f8500000, 0x00000000f8500000| Complete 
| 390|0x00000000f8600000, 0x00000000f8700000, 0x00000000f8700000|100%| E|CS|TAMS 0x00000000f8600000, 0x00000000f8600000| Complete 
| 391|0x00000000f8700000, 0x00000000f8800000, 0x00000000f8800000|100%| E|CS|TAMS 0x00000000f8700000, 0x00000000f8700000| Complete 
| 392|0x00000000f8800000, 0x00000000f8900000, 0x00000000f8900000|100%| E|CS|TAMS 0x00000000f8800000, 0x00000000f8800000| Complete 
| 393|0x00000000f8900000, 0x00000000f8a00000, 0x00000000f8a00000|100%| E|CS|TAMS 0x00000000f8900000, 0x00000000f8900000| Complete 
| 394|0x00000000f8a00000, 0x00000000f8b00000, 0x00000000f8b00000|100%| E|CS|TAMS 0x00000000f8a00000, 0x00000000f8a00000| Complete 
| 395|0x00000000f8b00000, 0x00000000f8c00000, 0x00000000f8c00000|100%| E|CS|TAMS 0x00000000f8b00000, 0x00000000f8b00000| Complete 
| 396|0x00000000f8c00000, 0x00000000f8d00000, 0x00000000f8d00000|100%| E|CS|TAMS 0x00000000f8c00000, 0x00000000f8c00000| Complete 
| 397|0x00000000f8d00000, 0x00000000f8e00000, 0x00000000f8e00000|100%| E|CS|TAMS 0x00000000f8d00000, 0x00000000f8d00000| Complete 
| 398|0x00000000f8e00000, 0x00000000f8f00000, 0x00000000f8f00000|100%| E|CS|TAMS 0x00000000f8e00000, 0x00000000f8e00000| Complete 
| 399|0x00000000f8f00000, 0x00000000f9000000, 0x00000000f9000000|100%| E|CS|TAMS 0x00000000f8f00000, 0x00000000f8f00000| Complete 
| 400|0x00000000f9000000, 0x00000000f9100000, 0x00000000f9100000|100%| E|CS|TAMS 0x00000000f9000000, 0x00000000f9000000| Complete 
| 401|0x00000000f9100000, 0x00000000f9200000, 0x00000000f9200000|100%| E|CS|TAMS 0x00000000f9100000, 0x00000000f9100000| Complete 
| 402|0x00000000f9200000, 0x00000000f9300000, 0x00000000f9300000|100%| E|CS|TAMS 0x00000000f9200000, 0x00000000f9200000| Complete 
| 403|0x00000000f9300000, 0x00000000f9400000, 0x00000000f9400000|100%| E|CS|TAMS 0x00000000f9300000, 0x00000000f9300000| Complete 

Card table byte_map: [0x00000268d56f0000,0x00000268d57f0000] _byte_map_base: 0x00000268d4ff0000

Marking Bits (Prev, Next): (CMBitMap*) 0x00000268c0cefba8, (CMBitMap*) 0x00000268c0cefbe0
 Prev Bits: [0x00000268d58f0000, 0x00000268d60f0000)
 Next Bits: [0x00000268d60f0000, 0x00000268d68f0000)

Polling page: 0x00000268c0b30000

Metaspace:

Usage:
  Non-class:    160.56 MB capacity,   157.25 MB ( 98%) used,     2.80 MB (  2%) free+waste,   523.88 KB ( <1%) overhead. 
      Class:     23.68 MB capacity,    21.84 MB ( 92%) used,     1.62 MB (  7%) free+waste,   227.69 KB ( <1%) overhead. 
       Both:    184.24 MB capacity,   179.09 MB ( 97%) used,     4.42 MB (  2%) free+waste,   751.56 KB ( <1%) overhead. 

Virtual space:
  Non-class space:      162.00 MB reserved,     160.67 MB (>99%) committed 
      Class space:      248.00 MB reserved,      23.70 MB ( 10%) committed 
             Both:      410.00 MB reserved,     184.37 MB ( 45%) committed 

Chunk freelists:
   Non-Class:  45.00 KB
       Class:  0 bytes
        Both:  45.00 KB

MaxMetaspaceSize: 256.00 MB
CompressedClassSpaceSize: 248.00 MB

CodeHeap 'non-profiled nmethods': size=120064Kb used=21114Kb max_used=21114Kb free=98949Kb
 bounds [0x00000268cda90000, 0x00000268cef60000, 0x00000268d4fd0000]
CodeHeap 'profiled nmethods': size=120000Kb used=58246Kb max_used=58428Kb free=61753Kb
 bounds [0x00000268c6560000, 0x00000268ca010000, 0x00000268cda90000]
CodeHeap 'non-nmethods': size=5696Kb used=2418Kb max_used=2502Kb free=3277Kb
 bounds [0x00000268c5fd0000, 0x00000268c6250000, 0x00000268c6560000]
 total_blobs=26302 nmethods=25232 adapters=977
 compilation: enabled
              stopped_count=0, restarted_count=0
 full_count=0

Compilation events (20 events):
Event: 553.953 Thread 0x00000268e012b000 nmethod 31121 0x00000268ce6ad510 code [0x00000268ce6ad700, 0x00000268ce6ae4d8]
Event: 553.954 Thread 0x00000268e012b000 31163       4       com.android.tools.r8.ir.regalloc.j::a (378 bytes)
Event: 554.092 Thread 0x00000268d8f1e000 31169       2       com.android.tools.r8.ir.optimize.k$f::b (62 bytes)
Event: 554.092 Thread 0x00000268d8f1e000 nmethod 31169 0x00000268c76f8890 code [0x00000268c76f8a40, 0x00000268c76f8b68]
Event: 554.167 Thread 0x00000268e012b000 nmethod 31163 0x00000268cef47590 code [0x00000268cef47900, 0x00000268cef49f28]
Event: 554.168 Thread 0x00000268e012b000 31170       4       com.android.tools.r8.v.b.X::F (243 bytes)
Event: 554.296 Thread 0x00000268e012b000 nmethod 31170 0x00000268cef4b310 code [0x00000268cef4b580, 0x00000268cef4cac8]
Event: 554.296 Thread 0x00000268e012b000 31166 %     4       java.util.IdentityHashMap$KeySet::toArray @ 49 (139 bytes)
Event: 554.311 Thread 0x00000268e012b000 nmethod 31166% 0x00000268ce639110 code [0x00000268ce6392c0, 0x00000268ce6396f8]
Event: 554.311 Thread 0x00000268e012b000 31165       4       com.android.tools.r8.ir.regalloc.j::a (63 bytes)
Event: 554.362 Thread 0x00000268e012b000 nmethod 31165 0x00000268ce710710 code [0x00000268ce710940, 0x00000268ce711588]
Event: 554.362 Thread 0x00000268e012b000 31164       4       java.util.stream.StreamSpliterators$WrappingSpliterator$$Lambda$517/0x000000010082d040::getAsBoolean (8 bytes)
Event: 554.395 Thread 0x00000268e012b000 nmethod 31164 0x00000268ce7d1210 code [0x00000268ce7d1440, 0x00000268ce7d1f58]
Event: 554.395 Thread 0x00000268e012b000 31161       4       com.android.tools.r8.s.a.a.b.K$a::size (8 bytes)
Event: 554.396 Thread 0x00000268e012b000 nmethod 31161 0x00000268ce606990 code [0x00000268ce606b20, 0x00000268ce606b98]
Event: 554.396 Thread 0x00000268e012b000 31049       4       com.android.tools.r8.C.a.a.f::a (37 bytes)
Event: 554.397 Thread 0x00000268e012b000 nmethod 31049 0x00000268ce2f3690 code [0x00000268ce2f3820, 0x00000268ce2f3898]
Event: 554.398 Thread 0x00000268e012b000 31171       4       java.util.LinkedList::linkBefore (63 bytes)
Event: 554.415 Thread 0x00000268e012b000 nmethod 31171 0x00000268ce64ca90 code [0x00000268ce64cc40, 0x00000268ce64d1b8]
Event: 554.415 Thread 0x00000268e012b000 31174       4       com.android.tools.r8.v.b.w1::h (140 bytes)

GC Heap History (20 events):
Event: 551.310 GC heap before
{Heap before GC invocations=411 (full 0):
 garbage-first heap   total 405504K, used 350842K [0x00000000e0000000, 0x0000000100000000)
  region size 1024K, 59 young (60416K), 8 survivors (8192K)
 Metaspace       used 183358K, capacity 188660K, committed 188792K, reserved 419840K
  class space    used 22361K, capacity 24250K, committed 24268K, reserved 253952K
}
Event: 551.340 GC heap after
{Heap after GC invocations=412 (full 0):
 garbage-first heap   total 405504K, used 302628K [0x00000000e0000000, 0x0000000100000000)
  region size 1024K, 6 young (6144K), 6 survivors (6144K)
 Metaspace       used 183358K, capacity 188660K, committed 188792K, reserved 419840K
  class space    used 22361K, capacity 24250K, committed 24268K, reserved 253952K
}
Event: 551.726 GC heap before
{Heap before GC invocations=412 (full 0):
 garbage-first heap   total 405504K, used 346660K [0x00000000e0000000, 0x0000000100000000)
  region size 1024K, 53 young (54272K), 6 survivors (6144K)
 Metaspace       used 183362K, capacity 188661K, committed 188792K, reserved 419840K
  class space    used 22361K, capacity 24250K, committed 24268K, reserved 253952K
}
Event: 551.753 GC heap after
{Heap after GC invocations=413 (full 0):
 garbage-first heap   total 405504K, used 304840K [0x00000000e0000000, 0x0000000100000000)
  region size 1024K, 6 young (6144K), 6 survivors (6144K)
 Metaspace       used 183362K, capacity 188661K, committed 188792K, reserved 419840K
  class space    used 22361K, capacity 24250K, committed 24268K, reserved 253952K
}
Event: 552.253 GC heap before
{Heap before GC invocations=413 (full 0):
 garbage-first heap   total 405504K, used 350920K [0x00000000e0000000, 0x0000000100000000)
  region size 1024K, 51 young (52224K), 6 survivors (6144K)
 Metaspace       used 183374K, capacity 188663K, committed 188792K, reserved 419840K
  class space    used 22361K, capacity 24250K, committed 24268K, reserved 253952K
}
Event: 552.279 GC heap after
{Heap after GC invocations=414 (full 0):
 garbage-first heap   total 413696K, used 307437K [0x00000000e0000000, 0x0000000100000000)
  region size 1024K, 3 young (3072K), 3 survivors (3072K)
 Metaspace       used 183374K, capacity 188663K, committed 188792K, reserved 419840K
  class space    used 22361K, capacity 24250K, committed 24268K, reserved 253952K
}
Event: 552.632 GC heap before
{Heap before GC invocations=415 (full 0):
 garbage-first heap   total 413696K, used 356589K [0x00000000e0000000, 0x0000000100000000)
  region size 1024K, 51 young (52224K), 3 survivors (3072K)
 Metaspace       used 183376K, capacity 188666K, committed 188792K, reserved 419840K
  class space    used 22362K, capacity 24251K, committed 24268K, reserved 253952K
}
Event: 552.649 GC heap after
{Heap after GC invocations=416 (full 0):
 garbage-first heap   total 413696K, used 308483K [0x00000000e0000000, 0x0000000100000000)
  region size 1024K, 4 young (4096K), 4 survivors (4096K)
 Metaspace       used 183376K, capacity 188666K, committed 188792K, reserved 419840K
  class space    used 22362K, capacity 24251K, committed 24268K, reserved 253952K
}
Event: 552.712 GC heap before
{Heap before GC invocations=416 (full 0):
 garbage-first heap   total 413696K, used 324867K [0x00000000e0000000, 0x0000000100000000)
  region size 1024K, 20 young (20480K), 4 survivors (4096K)
 Metaspace       used 183376K, capacity 188666K, committed 188792K, reserved 419840K
  class space    used 22362K, capacity 24251K, committed 24268K, reserved 253952K
}
Event: 552.736 GC heap after
{Heap after GC invocations=417 (full 0):
 garbage-first heap   total 413696K, used 272911K [0x00000000e0000000, 0x0000000100000000)
  region size 1024K, 1 young (1024K), 1 survivors (1024K)
 Metaspace       used 183376K, capacity 188666K, committed 188792K, reserved 419840K
  class space    used 22362K, capacity 24251K, committed 24268K, reserved 253952K
}
Event: 552.808 GC heap before
{Heap before GC invocations=417 (full 0):
 garbage-first heap   total 413696K, used 292367K [0x00000000e0000000, 0x0000000100000000)
  region size 1024K, 20 young (20480K), 1 survivors (1024K)
 Metaspace       used 183376K, capacity 188666K, committed 188792K, reserved 419840K
  class space    used 22362K, capacity 24251K, committed 24268K, reserved 253952K
}
Event: 552.830 GC heap after
{Heap after GC invocations=418 (full 0):
 garbage-first heap   total 413696K, used 262423K [0x00000000e0000000, 0x0000000100000000)
  region size 1024K, 1 young (1024K), 1 survivors (1024K)
 Metaspace       used 183376K, capacity 188666K, committed 188792K, reserved 419840K
  class space    used 22362K, capacity 24251K, committed 24268K, reserved 253952K
}
Event: 553.085 GC heap before
{Heap before GC invocations=418 (full 0):
 garbage-first heap   total 413696K, used 335127K [0x00000000e0000000, 0x0000000100000000)
  region size 1024K, 72 young (73728K), 1 survivors (1024K)
 Metaspace       used 183379K, capacity 188666K, committed 188792K, reserved 419840K
  class space    used 22362K, capacity 24251K, committed 24268K, reserved 253952K
}
Event: 553.099 GC heap after
{Heap after GC invocations=419 (full 0):
 garbage-first heap   total 413696K, used 265012K [0x00000000e0000000, 0x0000000100000000)
  region size 1024K, 4 young (4096K), 4 survivors (4096K)
 Metaspace       used 183379K, capacity 188666K, committed 188792K, reserved 419840K
  class space    used 22362K, capacity 24251K, committed 24268K, reserved 253952K
}
Event: 553.369 GC heap before
{Heap before GC invocations=419 (full 0):
 garbage-first heap   total 413696K, used 338740K [0x00000000e0000000, 0x0000000100000000)
  region size 1024K, 76 young (77824K), 4 survivors (4096K)
 Metaspace       used 183381K, capacity 188666K, committed 188792K, reserved 419840K
  class space    used 22362K, capacity 24251K, committed 24268K, reserved 253952K
}
Event: 553.383 GC heap after
{Heap after GC invocations=420 (full 0):
 garbage-first heap   total 413696K, used 266548K [0x00000000e0000000, 0x0000000100000000)
  region size 1024K, 5 young (5120K), 5 survivors (5120K)
 Metaspace       used 183381K, capacity 188666K, committed 188792K, reserved 419840K
  class space    used 22362K, capacity 24251K, committed 24268K, reserved 253952K
}
Event: 553.798 GC heap before
{Heap before GC invocations=420 (full 0):
 garbage-first heap   total 413696K, used 343348K [0x00000000e0000000, 0x0000000100000000)
  region size 1024K, 79 young (80896K), 5 survivors (5120K)
 Metaspace       used 183386K, capacity 188666K, committed 188792K, reserved 419840K
  class space    used 22362K, capacity 24251K, committed 24268K, reserved 253952K
}
Event: 553.815 GC heap after
{Heap after GC invocations=421 (full 0):
 garbage-first heap   total 413696K, used 267572K [0x00000000e0000000, 0x0000000100000000)
  region size 1024K, 6 young (6144K), 6 survivors (6144K)
 Metaspace       used 183386K, capacity 188666K, committed 188792K, reserved 419840K
  class space    used 22362K, capacity 24251K, committed 24268K, reserved 253952K
}
Event: 554.466 GC heap before
{Heap before GC invocations=421 (full 0):
 garbage-first heap   total 413696K, used 345396K [0x00000000e0000000, 0x0000000100000000)
  region size 1024K, 82 young (83968K), 6 survivors (6144K)
 Metaspace       used 183386K, capacity 188666K, committed 188792K, reserved 419840K
  class space    used 22362K, capacity 24251K, committed 24268K, reserved 253952K
}
Event: 554.488 GC heap after
{Heap after GC invocations=422 (full 0):
 garbage-first heap   total 413696K, used 270023K [0x00000000e0000000, 0x0000000100000000)
  region size 1024K, 8 young (8192K), 8 survivors (8192K)
 Metaspace       used 183386K, capacity 188666K, committed 188792K, reserved 419840K
  class space    used 22362K, capacity 24251K, committed 24268K, reserved 253952K
}

Deoptimization events (20 events):
Event: 553.613 Thread 0x00000268dc366800 DEOPT PACKING pc=0x00000268c99a1a03 sp=0x0000009bcedfa2e0
Event: 553.613 Thread 0x00000268dc366800 DEOPT UNPACKING pc=0x00000268c5ff764e sp=0x0000009bcedf97e8 mode 0
Event: 553.640 Thread 0x00000268dc366800 Uncommon trap: trap_request=0xffffffd6 fr.pc=0x00000268ce959e5c relative=0x000000000000153c
Event: 553.640 Thread 0x00000268dc366800 Uncommon trap: reason=array_check action=maybe_recompile pc=0x00000268ce959e5c method=java.util.TimSort.mergeLo(IIII)V @ 81 c2
Event: 553.640 Thread 0x00000268dc366800 DEOPT PACKING pc=0x00000268ce959e5c sp=0x0000009bcedfa3a0
Event: 553.640 Thread 0x00000268dc366800 DEOPT UNPACKING pc=0x00000268c5ff782f sp=0x0000009bcedfa350 mode 2
Event: 553.647 Thread 0x00000268dc364000 DEOPT PACKING pc=0x00000268c9ff4908 sp=0x0000009bcebf9b60
Event: 553.647 Thread 0x00000268dc364000 DEOPT UNPACKING pc=0x00000268c5ff764e sp=0x0000009bcebf92e8 mode 0
Event: 553.834 Thread 0x00000268dc364000 DEOPT PACKING pc=0x00000268c9542900 sp=0x0000009bcebf9880
Event: 553.834 Thread 0x00000268dc364000 DEOPT UNPACKING pc=0x00000268c5ff764e sp=0x0000009bcebf9048 mode 0
Event: 553.866 Thread 0x00000268dc364000 DEOPT PACKING pc=0x00000268c9f97fb6 sp=0x0000009bcebf9e00
Event: 553.866 Thread 0x00000268dc364000 DEOPT UNPACKING pc=0x00000268c5ff764e sp=0x0000009bcebf93d8 mode 0
Event: 553.940 Thread 0x00000268dc364000 DEOPT PACKING pc=0x00000268c9ff2777 sp=0x0000009bcebf9b60
Event: 553.940 Thread 0x00000268dc364000 DEOPT UNPACKING pc=0x00000268c5ff764e sp=0x0000009bcebf92f0 mode 0
Event: 554.249 Thread 0x00000268dc364000 DEOPT PACKING pc=0x00000268c9ff4908 sp=0x0000009bcebf9b60
Event: 554.249 Thread 0x00000268dc364000 DEOPT UNPACKING pc=0x00000268c5ff764e sp=0x0000009bcebf92e8 mode 0
Event: 554.451 Thread 0x00000268dc364000 DEOPT PACKING pc=0x00000268c9ff27fb sp=0x0000009bcebf9b60
Event: 554.451 Thread 0x00000268dc364000 DEOPT UNPACKING pc=0x00000268c5ff764e sp=0x0000009bcebf92f0 mode 0
Event: 554.494 Thread 0x00000268dc364000 DEOPT PACKING pc=0x00000268c9f97fb6 sp=0x0000009bcebf9e00
Event: 554.494 Thread 0x00000268dc364000 DEOPT UNPACKING pc=0x00000268c5ff764e sp=0x0000009bcebf93d8 mode 0

Classes redefined (0 events):
No events

Internal exceptions (20 events):
Event: 545.369 Thread 0x00000268dc366800 Exception <a 'sun/nio/fs/WindowsException'{0x00000000f681cb00}> (0x00000000f681cb00) thrown at [./src/hotspot/share/prims/jni.cpp, line 615]
Event: 545.383 Thread 0x00000268dc364000 Exception <a 'sun/nio/fs/WindowsException'{0x00000000f687c5c0}> (0x00000000f687c5c0) thrown at [./src/hotspot/share/prims/jni.cpp, line 615]
Event: 545.468 Thread 0x00000268dc366000 Exception <a 'sun/nio/fs/WindowsException'{0x00000000f53c3d00}> (0x00000000f53c3d00) thrown at [./src/hotspot/share/prims/jni.cpp, line 615]
Event: 545.852 Thread 0x00000268dc364000 Exception <a 'sun/nio/fs/WindowsException'{0x00000000f6bd4048}> (0x00000000f6bd4048) thrown at [./src/hotspot/share/prims/jni.cpp, line 615]
Event: 545.961 Thread 0x00000268dc366800 Exception <a 'sun/nio/fs/WindowsException'{0x00000000f7c959d8}> (0x00000000f7c959d8) thrown at [./src/hotspot/share/prims/jni.cpp, line 615]
Event: 546.676 Thread 0x00000268dc366000 Exception <a 'sun/nio/fs/WindowsException'{0x00000000f7c237a8}> (0x00000000f7c237a8) thrown at [./src/hotspot/share/prims/jni.cpp, line 615]
Event: 548.429 Thread 0x00000268dc364000 Exception <a 'sun/nio/fs/WindowsException'{0x00000000f7cb4f50}> (0x00000000f7cb4f50) thrown at [./src/hotspot/share/prims/jni.cpp, line 615]
Event: 548.430 Thread 0x00000268dc365000 Exception <a 'sun/nio/fs/WindowsException'{0x00000000f7cde590}> (0x00000000f7cde590) thrown at [./src/hotspot/share/prims/jni.cpp, line 615]
Event: 548.593 Thread 0x00000268dc366800 Exception <a 'sun/nio/fs/WindowsException'{0x00000000f77a7ee0}> (0x00000000f77a7ee0) thrown at [./src/hotspot/share/prims/jni.cpp, line 615]
Event: 548.609 Thread 0x00000268dc364000 Exception <a 'sun/nio/fs/WindowsException'{0x00000000f7341090}> (0x00000000f7341090) thrown at [./src/hotspot/share/prims/jni.cpp, line 615]
Event: 548.774 Thread 0x00000268dc365000 Exception <a 'sun/nio/fs/WindowsException'{0x00000000f7f3fe68}> (0x00000000f7f3fe68) thrown at [./src/hotspot/share/prims/jni.cpp, line 615]
Event: 548.857 Thread 0x00000268dc366800 Implicit null exception at 0x00000268ce89995f to 0x00000268ce89ce84
Event: 549.144 Thread 0x00000268dc365000 Exception <a 'sun/nio/fs/WindowsException'{0x00000000f6ce9010}> (0x00000000f6ce9010) thrown at [./src/hotspot/share/prims/jni.cpp, line 615]
Event: 549.266 Thread 0x00000268dc365000 Exception <a 'sun/nio/fs/WindowsException'{0x00000000f57f1430}> (0x00000000f57f1430) thrown at [./src/hotspot/share/prims/jni.cpp, line 615]
Event: 549.338 Thread 0x00000268dc364000 Exception <a 'sun/nio/fs/WindowsException'{0x00000000f832a608}> (0x00000000f832a608) thrown at [./src/hotspot/share/prims/jni.cpp, line 615]
Event: 549.587 Thread 0x00000268dc364000 Implicit null exception at 0x00000268ce66dc43 to 0x00000268ce670f4c
Event: 549.968 Thread 0x00000268dc364000 Exception <a 'sun/nio/fs/WindowsException'{0x00000000f59ad568}> (0x00000000f59ad568) thrown at [./src/hotspot/share/prims/jni.cpp, line 615]
Event: 550.973 Thread 0x00000268dc364000 Exception <a 'sun/nio/fs/WindowsException'{0x00000000f85cbf88}> (0x00000000f85cbf88) thrown at [./src/hotspot/share/prims/jni.cpp, line 615]
Event: 552.214 Thread 0x00000268dc365000 Exception <a 'sun/nio/fs/WindowsException'{0x00000000f635d898}> (0x00000000f635d898) thrown at [./src/hotspot/share/prims/jni.cpp, line 615]
Event: 553.696 Thread 0x00000268dc366800 Exception <a 'sun/nio/fs/WindowsException'{0x00000000f4c5cfb8}> (0x00000000f4c5cfb8) thrown at [./src/hotspot/share/prims/jni.cpp, line 615]

Events (20 events):
Event: 552.251 Executing VM operation: G1CollectForAllocation
Event: 552.279 Executing VM operation: G1CollectForAllocation done
Event: 552.310 loading class com/android/tools/r8/graph/q0
Event: 552.310 loading class com/android/tools/r8/graph/q0 done
Event: 552.363 Executing VM operation: CGC_Operation
Event: 552.391 Executing VM operation: CGC_Operation done
Event: 552.631 Executing VM operation: G1CollectForAllocation
Event: 552.649 Executing VM operation: G1CollectForAllocation done
Event: 552.712 Executing VM operation: G1CollectForAllocation
Event: 552.736 Executing VM operation: G1CollectForAllocation done
Event: 552.807 Executing VM operation: G1CollectForAllocation
Event: 552.830 Executing VM operation: G1CollectForAllocation done
Event: 553.085 Executing VM operation: G1CollectForAllocation
Event: 553.099 Executing VM operation: G1CollectForAllocation done
Event: 553.369 Executing VM operation: G1CollectForAllocation
Event: 553.384 Executing VM operation: G1CollectForAllocation done
Event: 553.798 Executing VM operation: G1CollectForAllocation
Event: 553.815 Executing VM operation: G1CollectForAllocation done
Event: 554.466 Executing VM operation: G1CollectForAllocation
Event: 554.488 Executing VM operation: G1CollectForAllocation done


Dynamic libraries:
0x00007ff7c95a0000 - 0x00007ff7c95aa000 	C:\Program Files\Android\Android Studio\jre\bin\java.exe
0x00007ffc27a10000 - 0x00007ffc27c04000 	C:\WINDOWS\SYSTEM32\ntdll.dll
0x00007ffc26150000 - 0x00007ffc2620d000 	C:\WINDOWS\System32\KERNEL32.DLL
0x00007ffc25150000 - 0x00007ffc25417000 	C:\WINDOWS\System32\KERNELBASE.dll
0x00007ffc25970000 - 0x00007ffc25a70000 	C:\WINDOWS\System32\ucrtbase.dll
0x00007ffc22680000 - 0x00007ffc22699000 	C:\Program Files\Android\Android Studio\jre\bin\jli.dll
0x00007ffc1aee0000 - 0x00007ffc1aef7000 	C:\Program Files\Android\Android Studio\jre\bin\VCRUNTIME140.dll
0x00007ffc26760000 - 0x00007ffc26900000 	C:\WINDOWS\System32\USER32.dll
0x00007ffc25630000 - 0x00007ffc25652000 	C:\WINDOWS\System32\win32u.dll
0x00007ffc26510000 - 0x00007ffc2653a000 	C:\WINDOWS\System32\GDI32.dll
0x00007ffc153a0000 - 0x00007ffc1563a000 	C:\WINDOWS\WinSxS\amd64_microsoft.windows.common-controls_6595b64144ccf1df_6.0.19041.1_none_b555e41d4684ddec\COMCTL32.dll
0x00007ffc25520000 - 0x00007ffc2562a000 	C:\WINDOWS\System32\gdi32full.dll
0x00007ffc27640000 - 0x00007ffc276de000 	C:\WINDOWS\System32\msvcrt.dll
0x00007ffc25480000 - 0x00007ffc2551d000 	C:\WINDOWS\System32\msvcp_win.dll
0x00007ffc26540000 - 0x00007ffc26570000 	C:\WINDOWS\System32\IMM32.DLL
0x00007ffc00060000 - 0x00007ffc000fd000 	C:\Program Files\Android\Android Studio\jre\bin\msvcp140.dll
0x00007ffbe3310000 - 0x00007ffbe3ddf000 	C:\Program Files\Android\Android Studio\jre\bin\server\jvm.dll
0x00007ffc26210000 - 0x00007ffc262ba000 	C:\WINDOWS\System32\ADVAPI32.dll
0x00007ffc26340000 - 0x00007ffc263db000 	C:\WINDOWS\System32\sechost.dll
0x00007ffc26630000 - 0x00007ffc26753000 	C:\WINDOWS\System32\RPCRT4.dll
0x00007ffc26620000 - 0x00007ffc26628000 	C:\WINDOWS\System32\PSAPI.DLL
0x00007ffc20b10000 - 0x00007ffc20b19000 	C:\WINDOWS\SYSTEM32\WSOCK32.dll
0x00007ffc23960000 - 0x00007ffc2396a000 	C:\WINDOWS\SYSTEM32\VERSION.dll
0x00007ffc14440000 - 0x00007ffc14467000 	C:\WINDOWS\SYSTEM32\WINMM.dll
0x00007ffc260e0000 - 0x00007ffc2614b000 	C:\WINDOWS\System32\WS2_32.dll
0x00007ffc23ab0000 - 0x00007ffc23ac3000 	C:\WINDOWS\SYSTEM32\kernel.appcore.dll
0x00007ffc0f8e0000 - 0x00007ffc0f8f1000 	C:\Program Files\Android\Android Studio\jre\bin\verify.dll
0x00007ffc1c6e0000 - 0x00007ffc1c8c4000 	C:\WINDOWS\SYSTEM32\DBGHELP.DLL
0x00007ffc1c650000 - 0x00007ffc1c67c000 	C:\WINDOWS\SYSTEM32\dbgcore.DLL
0x00007ffc25760000 - 0x00007ffc257df000 	C:\WINDOWS\System32\bcryptPrimitives.dll
0x00007ffc0cf90000 - 0x00007ffc0cfb9000 	C:\Program Files\Android\Android Studio\jre\bin\java.dll
0x00007ffc1ce20000 - 0x00007ffc1ce2b000 	C:\Program Files\Android\Android Studio\jre\bin\jimage.dll
0x00007ffc0dc50000 - 0x00007ffc0dc68000 	C:\Program Files\Android\Android Studio\jre\bin\zip.dll
0x00007ffc26de0000 - 0x00007ffc27511000 	C:\WINDOWS\System32\SHELL32.dll
0x00007ffc23120000 - 0x00007ffc238aa000 	C:\WINDOWS\SYSTEM32\windows.storage.dll
0x00007ffc26960000 - 0x00007ffc26cb4000 	C:\WINDOWS\System32\combase.dll
0x00007ffc24b00000 - 0x00007ffc24b2b000 	C:\WINDOWS\SYSTEM32\Wldp.dll
0x00007ffc26570000 - 0x00007ffc2661e000 	C:\WINDOWS\System32\SHCORE.dll
0x00007ffc27970000 - 0x00007ffc279c5000 	C:\WINDOWS\System32\shlwapi.dll
0x00007ffc25090000 - 0x00007ffc250af000 	C:\WINDOWS\SYSTEM32\profapi.dll
0x00007ffc0cb70000 - 0x00007ffc0cb8a000 	C:\Program Files\Android\Android Studio\jre\bin\net.dll
0x00007ffc17ab0000 - 0x00007ffc17bb2000 	C:\WINDOWS\SYSTEM32\WINHTTP.dll
0x00007ffc24880000 - 0x00007ffc248ea000 	C:\WINDOWS\system32\mswsock.dll
0x00007ffc0c930000 - 0x00007ffc0c944000 	C:\Program Files\Android\Android Studio\jre\bin\nio.dll
0x00007ffc19f50000 - 0x00007ffc19f77000 	C:\Users\pc\.gradle\native\49d0259a56938c7f99b2704e745ce422c4f750a7a20b539a32ccef96729676b1\windows-amd64\native-platform.dll
0x00007ffbe13c0000 - 0x00007ffbe1556000 	C:\Users\pc\.gradle\native\12488b8bf47d2d4c9fbf2f6322a914ad602e24e48041cd04a747c6da556b65c4\windows-amd64\native-platform-file-events.dll
0x00007ffc1b900000 - 0x00007ffc1b90a000 	C:\Program Files\Android\Android Studio\jre\bin\management.dll
0x00007ffc1b830000 - 0x00007ffc1b83c000 	C:\Program Files\Android\Android Studio\jre\bin\management_ext.dll
0x00007ffc24a50000 - 0x00007ffc24a68000 	C:\WINDOWS\SYSTEM32\CRYPTSP.dll
0x00007ffc24210000 - 0x00007ffc24244000 	C:\WINDOWS\system32\rsaenh.dll
0x00007ffc257e0000 - 0x00007ffc25807000 	C:\WINDOWS\System32\bcrypt.dll
0x00007ffc25050000 - 0x00007ffc2507e000 	C:\WINDOWS\SYSTEM32\USERENV.dll
0x00007ffc24a70000 - 0x00007ffc24a7c000 	C:\WINDOWS\SYSTEM32\CRYPTBASE.dll
0x00007ffc24570000 - 0x00007ffc245ab000 	C:\WINDOWS\SYSTEM32\IPHLPAPI.DLL
0x00007ffc25c00000 - 0x00007ffc25c09000 	C:\WINDOWS\System32\NSI.dll
0x00007ffc1d000000 - 0x00007ffc1d017000 	C:\WINDOWS\SYSTEM32\dhcpcsvc6.DLL
0x00007ffc1e0f0000 - 0x00007ffc1e10d000 	C:\WINDOWS\SYSTEM32\dhcpcsvc.DLL
0x00007ffc245b0000 - 0x00007ffc2467a000 	C:\WINDOWS\SYSTEM32\DNSAPI.dll
0x00007ffc1fbf0000 - 0x00007ffc1fc0e000 	C:\Users\pc\AppData\Local\Temp\native-platform9652272401698316783dir\native-platform.dll
0x00007ffc22f60000 - 0x00007ffc22f68000 	C:\Program Files\Android\Android Studio\jre\bin\rmi.dll
0x00007ffc23ec0000 - 0x00007ffc23ef3000 	C:\WINDOWS\SYSTEM32\ntmarta.dll

dbghelp: loaded successfully - version: 4.0.5 - missing functions: none
symbol engine: initialized successfully - sym options: 0x614 - pdb path: .;C:\Program Files\Android\Android Studio\jre\bin;C:\WINDOWS\SYSTEM32;C:\WINDOWS\WinSxS\amd64_microsoft.windows.common-controls_6595b64144ccf1df_6.0.19041.1_none_b555e41d4684ddec;C:\Program Files\Android\Android Studio\jre\bin\server;C:\Users\pc\.gradle\native\49d0259a56938c7f99b2704e745ce422c4f750a7a20b539a32ccef96729676b1\windows-amd64;C:\Users\pc\.gradle\native\12488b8bf47d2d4c9fbf2f6322a914ad602e24e48041cd04a747c6da556b65c4\windows-amd64;C:\Users\pc\AppData\Local\Temp\native-platform9652272401698316783dir

VM Arguments:
jvm_args: --add-opens=java.base/java.util=ALL-UNNAMED --add-opens=java.base/java.lang=ALL-UNNAMED --add-opens=java.base/java.lang.invoke=ALL-UNNAMED --add-opens=java.prefs/java.util.prefs=ALL-UNNAMED -XX:MaxMetaspaceSize=256m -XX:+HeapDumpOnOutOfMemoryError -Xms256m -Xmx512m -Dfile.encoding=windows-1252 -Duser.country=IN -Duser.language=en -Duser.variant 
java_command: org.gradle.launcher.daemon.bootstrap.GradleDaemon 6.9
java_class_path (initial): C:\Users\pc\.gradle\wrapper\dists\gradle-6.9-all\dooywd8nv05k16orzxge2b1bs\gradle-6.9\lib\gradle-launcher-6.9.jar
Launcher Type: SUN_STANDARD

[Global flags]
     intx CICompilerCount                          = 3                                         {product} {ergonomic}
   size_t CompressedClassSpaceSize                 = 260046848                                 {product} {ergonomic}
     uint ConcGCThreads                            = 1                                         {product} {ergonomic}
     uint G1ConcRefinementThreads                  = 4                                         {product} {ergonomic}
   size_t G1HeapRegionSize                         = 1048576                                   {product} {ergonomic}
    uintx GCDrainStackTargetSize                   = 64                                        {product} {ergonomic}
     bool HeapDumpOnOutOfMemoryError               = true                                   {manageable} {command line}
   size_t InitialHeapSize                          = 268435456                                 {product} {command line}
   size_t MarkStackSize                            = 4194304                                   {product} {ergonomic}
   size_t MaxHeapSize                              = 536870912                                 {product} {command line}
   size_t MaxMetaspaceSize                         = 268435456                                 {product} {command line}
   size_t MaxNewSize                               = 321912832                                 {product} {ergonomic}
   size_t MinHeapDeltaBytes                        = 1048576                                   {product} {ergonomic}
    uintx NonNMethodCodeHeapSize                   = 5830732                                {pd product} {ergonomic}
    uintx NonProfiledCodeHeapSize                  = 122913754                              {pd product} {ergonomic}
    uintx ProfiledCodeHeapSize                     = 122913754                              {pd product} {ergonomic}
    uintx ReservedCodeCacheSize                    = 251658240                              {pd product} {ergonomic}
     bool SegmentedCodeCache                       = true                                      {product} {ergonomic}
     bool UseCompressedClassPointers               = true                                 {lp64_product} {ergonomic}
     bool UseCompressedOops                        = true                                 {lp64_product} {ergonomic}
     bool UseG1GC                                  = true                                      {product} {ergonomic}
     bool UseLargePagesIndividualAllocation        = false                                  {pd product} {ergonomic}

Logging:
Log output configuration:
 #0: stdout all=warning uptime,level,tags
 #1: stderr all=off uptime,level,tags

Environment Variables:
JAVA_HOME=C:\Program Files\Java\jdk1.8.0_211
PATH=C:\Program Files (x86)\Common Files\Oracle\Java\javapath;C:\WINDOWS\system32;C:\WINDOWS;C:\WINDOWS\System32\Wbem;C:\WINDOWS\System32\WindowsPowerShell\v1.0\;C:\WINDOWS\System32\OpenSSH\;C:\Users\pc\AppData\Local\Android\Sdk\platform-tools;C:\Program Files\nodejs\;C:\Program Files\Git\cmd;C:\Users\pc\AppData\Local\Microsoft\WindowsApps;C:\Users\pc\AppData\Roaming\npm;C:\Users\pc\AppData\Local\Programs\Microsoft VS Code\bin;
USERNAME=pc
OS=Windows_NT
PROCESSOR_IDENTIFIER=Intel64 Family 6 Model 42 Stepping 7, GenuineIntel



---------------  S Y S T E M  ---------------

OS: Windows 10 , 64 bit Build 19041 (10.0.19041.1)
OS uptime: 4 days 9:02 hours

CPU:total 4 (initial active 4) (2 cores per cpu, 2 threads per core) family 6 model 42 stepping 7 microcode 0x2f, cmov, cx8, fxsr, mmx, sse, sse2, sse3, ssse3, sse4.1, sse4.2, popcnt, avx, clmul, ht, tsc, tscinvbit

Memory: 4k page, system-wide physical 7765M (393M free)
TotalPageFile size 14015M (AvailPageFile size 6M)
current process WorkingSet (physical memory assigned to process): 932M, peak: 934M
current process commit charge ("private bytes"): 967M, peak: 970M

vm_info: OpenJDK 64-Bit Server VM (11.0.10+0-b96-7249189) for windows-amd64 JRE (11.0.10+0-b96-7249189), built on Mar 31 2021 21:44:00 by "builder" with MS VC++ 14.0 (VS2015)

END.
