#
# There is insufficient memory for the Java Runtime Environment to continue.
# Native memory allocation (mmap) failed to map 34603008 bytes for Failed to commit area from 0x0000000090000000 to 0x0000000092100000 of length 34603008.
# Possible reasons:
#   The system is out of physical RAM or swap space
#   The process is running with CompressedOops enabled, and the Java Heap may be blocking the growth of the native heap
# Possible solutions:
#   Reduce memory load on the system
#   Increase physical memory or swap space
#   Check if swap backing store is full
#   Decrease Java heap size (-Xmx/-Xms)
#   Decrease number of Java threads
#   Decrease Java thread stack sizes (-Xss)
#   Set larger code cache with -XX:ReservedCodeCacheSize=
#   JVM is running with Unscaled Compressed Oops mode in which the Java heap is
#     placed in the first 4GB address space. The Java Heap base address is the
#     maximum limit for the native heap growth. Please use -XX:HeapBaseMinAddress
#     to set the Java Heap base and to place the Java Heap above 4GB virtual address.
# This output file may be truncated or incomplete.
#
#  Out of Memory Error (./src/hotspot/os/windows/os_windows.cpp:3301), pid=9180, tid=7944
#
# JRE version: OpenJDK Runtime Environment (11.0.10) (build 11.0.10+0-b96-7249189)
# Java VM: OpenJDK 64-Bit Server VM (11.0.10+0-b96-7249189, mixed mode, tiered, compressed oops, g1 gc, windows-amd64)
# No core dump will be written. Minidumps are not enabled by default on client versions of Windows
#

---------------  S U M M A R Y ------------

Command Line: org.jetbrains.kotlin.cli.jvm.K2JVMCompiler @D:\New folder\MainICICI\node_modules\react-native-gesture-handler\android\build\20220209_6133960554187635067.compiler.options

Host: Intel(R) Core(TM) i3-2328M CPU @ 2.20GHz, 4 cores, 7G,  Windows 10 , 64 bit Build 19041 (10.0.19041.1)
Time: Wed Feb  9 02:23:26 2022 India Standard Time elapsed time: 21.088029 seconds (0d 0h 0m 21s)

---------------  T H R E A D  ---------------

Current thread (0x0000015875a9b800):  VMThread "VM Thread" [stack: 0x0000002056700000,0x0000002056800000] [id=7944]

Stack: [0x0000002056700000,0x0000002056800000]
[error occurred during error reporting (printing stack bounds), id 0xc0000005, EXCEPTION_ACCESS_VIOLATION (0xc0000005) at pc=0x000001585f680f2d]

Native frames: (J=compiled Java code, j=interpreted, Vv=VM code, C=native code)
V  [jvm.dll+0x5ecfaa]
V  [jvm.dll+0x722bd5]
V  [jvm.dll+0x72412d]
V  [jvm.dll+0x724745]
V  [jvm.dll+0x7246fb]
V  [jvm.dll+0x5ec348]
V  [jvm.dll+0x5ecad8]
C  [ntdll.dll+0xa010f]
C  [ntdll.dll+0x4b4e4]
C  [ntdll.dll+0x9ec3e]
C  0x000001585f680f2d

VM_Operation (0x00000020561f9d80): G1CollectForAllocation, mode: safepoint, requested by thread 0x000001585bb89000


---------------  P R O C E S S  ---------------

Threads class SMR info:
_java_thread_list=0x00000158767156b0, length=11, elements={
0x000001585bb89000, 0x0000015875a9e000, 0x0000015875ac5000, 0x0000015875ada800,
0x0000015875adc800, 0x0000015875add800, 0x0000015875ae0800, 0x0000015875ae5000,
0x0000015875af2000, 0x00000158765a6000, 0x0000015878593000
}

Java Threads: ( => current thread )
  0x000001585bb89000 JavaThread "main" [_thread_blocked, id=13936, stack(0x0000002056100000,0x0000002056200000)]
  0x0000015875a9e000 JavaThread "Reference Handler" daemon [_thread_blocked, id=1172, stack(0x0000002056800000,0x0000002056900000)]
  0x0000015875ac5000 JavaThread "Finalizer" daemon [_thread_blocked, id=11296, stack(0x0000002056900000,0x0000002056a00000)]
  0x0000015875ada800 JavaThread "Signal Dispatcher" daemon [_thread_blocked, id=14984, stack(0x0000002056a00000,0x0000002056b00000)]
  0x0000015875adc800 JavaThread "Attach Listener" daemon [_thread_blocked, id=14792, stack(0x0000002056b00000,0x0000002056c00000)]
  0x0000015875add800 JavaThread "Service Thread" daemon [_thread_blocked, id=13956, stack(0x0000002056c00000,0x0000002056d00000)]
  0x0000015875ae0800 JavaThread "C2 CompilerThread0" daemon [_thread_blocked, id=9136, stack(0x0000002056d00000,0x0000002056e00000)]
  0x0000015875ae5000 JavaThread "C1 CompilerThread0" daemon [_thread_blocked, id=7700, stack(0x0000002056e00000,0x0000002056f00000)]
  0x0000015875af2000 JavaThread "Sweeper thread" daemon [_thread_blocked, id=7668, stack(0x0000002056f00000,0x0000002057000000)]
  0x00000158765a6000 JavaThread "Common-Cleaner" daemon [_thread_blocked, id=3776, stack(0x0000002057100000,0x0000002057200000)]
  0x0000015878593000 JavaThread "C2 CompilerThread1" daemon [_thread_in_native, id=12064, stack(0x0000002057200000,0x0000002057300000)]

Other Threads:
=>0x0000015875a9b800 VMThread "VM Thread" [stack: 0x0000002056700000,0x0000002056800000] [id=7944]
  0x000001587659d000 WatcherThread [stack: 0x0000002057000000,0x0000002057100000] [id=7948]
  0x000001585bba1000 GCTaskThread "GC Thread#0" [stack: 0x0000002056200000,0x0000002056300000] [id=14352]
  0x0000015876a4c000 GCTaskThread "GC Thread#1" [stack: 0x0000002057300000,0x0000002057400000] [id=740]
  0x0000015877ec7800 GCTaskThread "GC Thread#2" [stack: 0x0000002057400000,0x0000002057500000] [id=6876]
  0x000001585bbcf000 ConcurrentGCThread "G1 Main Marker" [stack: 0x0000002056300000,0x0000002056400000] [id=14272]
  0x000001585bbd1000 ConcurrentGCThread "G1 Conc#0" [stack: 0x0000002056400000,0x0000002056500000] [id=5128]
  0x000001585bc53800 ConcurrentGCThread "G1 Refine#0" [stack: 0x0000002056500000,0x0000002056600000] [id=448]
  0x0000015878296000 ConcurrentGCThread "G1 Refine#1" [stack: 0x0000002057500000,0x0000002057600000] [id=14740]
  0x000001585bc54800 ConcurrentGCThread "G1 Young RemSet Sampling" [stack: 0x0000002056600000,0x0000002056700000] [id=12552]

Threads with active compile tasks:
C2 CompilerThread0  21107 10719       4       org.jetbrains.kotlin.resolve.calls.tower.PSICallResolver$ASTScopeTower::getImplicitReceiver (100 bytes)
C2 CompilerThread1  21107 10733       4       org.jetbrains.kotlin.resolve.calls.tower.TowerResolver$Task::process (50 bytes)

VM state:at safepoint (normal execution)

VM Mutex/Monitor currently owned by a thread:  ([mutex/lock_event])
[0x000001585bb85fd0] Threads_lock - owner thread: 0x0000015875a9b800
[0x000001585bb869f0] Heap_lock - owner thread: 0x000001585bb89000

Heap address: 0x0000000086a00000, size: 1942 MB, Compressed Oops mode: 32-bit
Narrow klass base: 0x0000000000000000, Narrow klass shift: 3
Compressed class space size: 1073741824 Address: 0x0000000100000000

Heap:
 garbage-first heap   total 187392K, used 68096K [0x0000000086a00000, 0x0000000100000000)
  region size 1024K, 6 young (6144K), 6 survivors (6144K)
 Metaspace       used 61027K, capacity 61706K, committed 61820K, reserved 1103872K
  class space    used 6519K, capacity 6759K, committed 6784K, reserved 1048576K
Heap Regions: E=young(eden), S=young(survivor), O=old, HS=humongous(starts), HC=humongous(continues), CS=collection set, F=free, A=archive, TAMS=top-at-mark-start (previous, next)
|   0|0x0000000086a00000, 0x0000000086b00000, 0x0000000086b00000|100%|HS|  |TAMS 0x0000000086b00000, 0x0000000086a00000| Complete 
|   1|0x0000000086b00000, 0x0000000086c00000, 0x0000000086c00000|100%|HC|  |TAMS 0x0000000086c00000, 0x0000000086b00000| Complete 
|   2|0x0000000086c00000, 0x0000000086d00000, 0x0000000086d00000|100%|HC|  |TAMS 0x0000000086d00000, 0x0000000086c00000| Complete 
|   3|0x0000000086d00000, 0x0000000086e00000, 0x0000000086e00000|100%| O|  |TAMS 0x0000000086e00000, 0x0000000086d00000| Untracked 
|   4|0x0000000086e00000, 0x0000000086f00000, 0x0000000086f00000|100%| O|  |TAMS 0x0000000086f00000, 0x0000000086e00000| Untracked 
|   5|0x0000000086f00000, 0x0000000087000000, 0x0000000087000000|100%|HS|  |TAMS 0x0000000087000000, 0x0000000086f00000| Complete 
|   6|0x0000000087000000, 0x0000000087100000, 0x0000000087100000|100%|HC|  |TAMS 0x0000000087100000, 0x0000000087000000| Complete 
|   7|0x0000000087100000, 0x0000000087200000, 0x0000000087200000|100%|HC|  |TAMS 0x0000000087200000, 0x0000000087100000| Complete 
|   8|0x0000000087200000, 0x0000000087300000, 0x0000000087300000|100%|HS|  |TAMS 0x0000000087300000, 0x0000000087200000| Complete 
|   9|0x0000000087300000, 0x0000000087400000, 0x0000000087400000|100%|HC|  |TAMS 0x0000000087400000, 0x0000000087300000| Complete 
|  10|0x0000000087400000, 0x0000000087500000, 0x0000000087500000|100%|HC|  |TAMS 0x0000000087500000, 0x0000000087400000| Complete 
|  11|0x0000000087500000, 0x0000000087600000, 0x0000000087600000|100%| O|  |TAMS 0x0000000087600000, 0x0000000087500000| Untracked 
|  12|0x0000000087600000, 0x0000000087700000, 0x0000000087700000|100%| O|  |TAMS 0x0000000087700000, 0x0000000087600000| Untracked 
|  13|0x0000000087700000, 0x0000000087800000, 0x0000000087800000|100%| O|  |TAMS 0x0000000087800000, 0x0000000087700000| Untracked 
|  14|0x0000000087800000, 0x0000000087900000, 0x0000000087900000|100%| O|  |TAMS 0x0000000087900000, 0x0000000087800000| Untracked 
|  15|0x0000000087900000, 0x0000000087a00000, 0x0000000087a00000|100%|HS|  |TAMS 0x0000000087a00000, 0x0000000087900000| Complete 
|  16|0x0000000087a00000, 0x0000000087b00000, 0x0000000087b00000|100%|HC|  |TAMS 0x0000000087b00000, 0x0000000087a00000| Complete 
|  17|0x0000000087b00000, 0x0000000087c00000, 0x0000000087c00000|100%| O|  |TAMS 0x0000000087c00000, 0x0000000087b00000| Untracked 
|  18|0x0000000087c00000, 0x0000000087d00000, 0x0000000087d00000|100%| O|  |TAMS 0x0000000087d00000, 0x0000000087c00000| Untracked 
|  19|0x0000000087d00000, 0x0000000087e00000, 0x0000000087e00000|100%| O|  |TAMS 0x0000000087e00000, 0x0000000087d00000| Untracked 
|  20|0x0000000087e00000, 0x0000000087f00000, 0x0000000087f00000|100%| O|  |TAMS 0x0000000087f00000, 0x0000000087e00000| Untracked 
|  21|0x0000000087f00000, 0x0000000088000000, 0x0000000088000000|100%| O|  |TAMS 0x0000000088000000, 0x0000000087f00000| Untracked 
|  22|0x0000000088000000, 0x0000000088100000, 0x0000000088100000|100%| O|  |TAMS 0x0000000088100000, 0x0000000088000000| Untracked 
|  23|0x0000000088100000, 0x0000000088200000, 0x0000000088200000|100%| O|  |TAMS 0x0000000088200000, 0x0000000088100000| Untracked 
|  24|0x0000000088200000, 0x0000000088300000, 0x0000000088300000|100%| O|  |TAMS 0x0000000088300000, 0x0000000088200000| Untracked 
|  25|0x0000000088300000, 0x0000000088400000, 0x0000000088400000|100%| O|  |TAMS 0x0000000088400000, 0x0000000088300000| Untracked 
|  26|0x0000000088400000, 0x0000000088500000, 0x0000000088500000|100%| O|  |TAMS 0x0000000088500000, 0x0000000088400000| Untracked 
|  27|0x0000000088500000, 0x0000000088600000, 0x0000000088600000|100%| O|  |TAMS 0x0000000088600000, 0x0000000088500000| Untracked 
|  28|0x0000000088600000, 0x0000000088700000, 0x0000000088700000|100%| O|  |TAMS 0x0000000088700000, 0x0000000088600000| Untracked 
|  29|0x0000000088700000, 0x0000000088800000, 0x0000000088800000|100%| O|  |TAMS 0x0000000088800000, 0x0000000088700000| Untracked 
|  30|0x0000000088800000, 0x0000000088900000, 0x0000000088900000|100%| O|  |TAMS 0x0000000088900000, 0x0000000088800000| Untracked 
|  31|0x0000000088900000, 0x0000000088a00000, 0x0000000088a00000|100%| O|  |TAMS 0x0000000088a00000, 0x0000000088900000| Untracked 
|  32|0x0000000088a00000, 0x0000000088b00000, 0x0000000088b00000|100%| O|  |TAMS 0x0000000088b00000, 0x0000000088a00000| Untracked 
|  33|0x0000000088b00000, 0x0000000088c00000, 0x0000000088c00000|100%| O|  |TAMS 0x0000000088c00000, 0x0000000088b00000| Untracked 
|  34|0x0000000088c00000, 0x0000000088d00000, 0x0000000088d00000|100%| O|  |TAMS 0x0000000088d00000, 0x0000000088c00000| Untracked 
|  35|0x0000000088d00000, 0x0000000088e00000, 0x0000000088e00000|100%| O|  |TAMS 0x0000000088e00000, 0x0000000088d00000| Untracked 
|  36|0x0000000088e00000, 0x0000000088f00000, 0x0000000088f00000|100%| O|  |TAMS 0x0000000088ecb200, 0x0000000088e00000| Untracked 
|  37|0x0000000088f00000, 0x0000000089000000, 0x0000000089000000|100%| O|  |TAMS 0x0000000088f00000, 0x0000000088f00000| Untracked 
|  38|0x0000000089000000, 0x0000000089100000, 0x0000000089100000|100%| O|  |TAMS 0x0000000089000000, 0x0000000089000000| Untracked 
|  39|0x0000000089100000, 0x0000000089200000, 0x0000000089200000|100%| O|  |TAMS 0x0000000089100000, 0x0000000089100000| Untracked 
|  40|0x0000000089200000, 0x0000000089300000, 0x0000000089300000|100%| O|  |TAMS 0x0000000089200000, 0x0000000089200000| Untracked 
|  41|0x0000000089300000, 0x0000000089400000, 0x0000000089400000|100%| O|  |TAMS 0x0000000089300000, 0x0000000089300000| Untracked 
|  42|0x0000000089400000, 0x0000000089500000, 0x0000000089500000|100%| O|  |TAMS 0x0000000089400000, 0x0000000089400000| Untracked 
|  43|0x0000000089500000, 0x0000000089600000, 0x0000000089600000|100%| O|  |TAMS 0x0000000089500000, 0x0000000089500000| Untracked 
|  44|0x0000000089600000, 0x0000000089700000, 0x0000000089700000|100%| O|  |TAMS 0x0000000089600000, 0x0000000089600000| Untracked 
|  45|0x0000000089700000, 0x0000000089800000, 0x0000000089800000|100%| O|  |TAMS 0x0000000089700000, 0x0000000089700000| Untracked 
|  46|0x0000000089800000, 0x0000000089900000, 0x0000000089900000|100%| O|  |TAMS 0x0000000089800000, 0x0000000089800000| Untracked 
|  47|0x0000000089900000, 0x0000000089a00000, 0x0000000089a00000|100%| O|  |TAMS 0x0000000089900000, 0x0000000089900000| Untracked 
|  48|0x0000000089a00000, 0x0000000089b00000, 0x0000000089b00000|100%| O|  |TAMS 0x0000000089a00000, 0x0000000089a00000| Untracked 
|  49|0x0000000089b00000, 0x0000000089c00000, 0x0000000089c00000|100%| O|  |TAMS 0x0000000089b00000, 0x0000000089b00000| Untracked 
|  50|0x0000000089c00000, 0x0000000089d00000, 0x0000000089d00000|100%| O|  |TAMS 0x0000000089c00000, 0x0000000089c00000| Untracked 
|  51|0x0000000089d00000, 0x0000000089e00000, 0x0000000089e00000|100%| O|  |TAMS 0x0000000089d00000, 0x0000000089d00000| Untracked 
|  52|0x0000000089e00000, 0x0000000089e00000, 0x0000000089f00000|  0%| F|  |TAMS 0x0000000089e00000, 0x0000000089e00000| Untracked 
|  53|0x0000000089f00000, 0x000000008a000000, 0x000000008a000000|100%|HS|  |TAMS 0x0000000089f00000, 0x0000000089f00000| Complete 
|  54|0x000000008a000000, 0x000000008a100000, 0x000000008a100000|100%|HC|  |TAMS 0x000000008a000000, 0x000000008a000000| Complete 
|  55|0x000000008a100000, 0x000000008a200000, 0x000000008a200000|100%| O|  |TAMS 0x000000008a100000, 0x000000008a100000| Untracked 
|  56|0x000000008a200000, 0x000000008a300000, 0x000000008a300000|100%| O|  |TAMS 0x000000008a200000, 0x000000008a200000| Untracked 
|  57|0x000000008a300000, 0x000000008a400000, 0x000000008a400000|100%| O|  |TAMS 0x000000008a300000, 0x000000008a300000| Untracked 
|  58|0x000000008a400000, 0x000000008a500000, 0x000000008a500000|100%| O|  |TAMS 0x000000008a400000, 0x000000008a400000| Untracked 
|  59|0x000000008a500000, 0x000000008a600000, 0x000000008a600000|100%| O|  |TAMS 0x000000008a500000, 0x000000008a500000| Untracked 
|  60|0x000000008a600000, 0x000000008a700000, 0x000000008a700000|100%| O|  |TAMS 0x000000008a600000, 0x000000008a600000| Untracked 
|  61|0x000000008a700000, 0x000000008a780000, 0x000000008a800000| 50%| O|  |TAMS 0x000000008a700000, 0x000000008a700000| Untracked 
|  62|0x000000008a800000, 0x000000008a800000, 0x000000008a900000|  0%| F|  |TAMS 0x000000008a800000, 0x000000008a800000| Untracked 
|  63|0x000000008a900000, 0x000000008a900000, 0x000000008aa00000|  0%| F|  |TAMS 0x000000008a900000, 0x000000008a900000| Untracked 
|  64|0x000000008aa00000, 0x000000008aa00000, 0x000000008ab00000|  0%| F|  |TAMS 0x000000008aa00000, 0x000000008aa00000| Untracked 
|  65|0x000000008ab00000, 0x000000008ab00000, 0x000000008ac00000|  0%| F|  |TAMS 0x000000008ab00000, 0x000000008ab00000| Untracked 
|  66|0x000000008ac00000, 0x000000008ac00000, 0x000000008ad00000|  0%| F|  |TAMS 0x000000008ac00000, 0x000000008ac00000| Untracked 
|  67|0x000000008ad00000, 0x000000008ad00000, 0x000000008ae00000|  0%| F|  |TAMS 0x000000008ad00000, 0x000000008ad00000| Untracked 
|  68|0x000000008ae00000, 0x000000008ae00000, 0x000000008af00000|  0%| F|  |TAMS 0x000000008ae00000, 0x000000008ae00000| Untracked 
|  69|0x000000008af00000, 0x000000008af00000, 0x000000008b000000|  0%| F|  |TAMS 0x000000008af00000, 0x000000008af00000| Untracked 
|  70|0x000000008b000000, 0x000000008b000000, 0x000000008b100000|  0%| F|  |TAMS 0x000000008b000000, 0x000000008b000000| Untracked 
|  71|0x000000008b100000, 0x000000008b100000, 0x000000008b200000|  0%| F|  |TAMS 0x000000008b100000, 0x000000008b100000| Untracked 
|  72|0x000000008b200000, 0x000000008b200000, 0x000000008b300000|  0%| F|  |TAMS 0x000000008b200000, 0x000000008b200000| Untracked 
|  73|0x000000008b300000, 0x000000008b300000, 0x000000008b400000|  0%| F|  |TAMS 0x000000008b300000, 0x000000008b300000| Untracked 
|  74|0x000000008b400000, 0x000000008b400000, 0x000000008b500000|  0%| F|  |TAMS 0x000000008b400000, 0x000000008b400000| Untracked 
|  75|0x000000008b500000, 0x000000008b500000, 0x000000008b600000|  0%| F|  |TAMS 0x000000008b500000, 0x000000008b500000| Untracked 
|  76|0x000000008b600000, 0x000000008b600000, 0x000000008b700000|  0%| F|  |TAMS 0x000000008b600000, 0x000000008b600000| Untracked 
|  77|0x000000008b700000, 0x000000008b700000, 0x000000008b800000|  0%| F|  |TAMS 0x000000008b700000, 0x000000008b700000| Untracked 
|  78|0x000000008b800000, 0x000000008b800000, 0x000000008b900000|  0%| F|  |TAMS 0x000000008b800000, 0x000000008b800000| Untracked 
|  79|0x000000008b900000, 0x000000008b900000, 0x000000008ba00000|  0%| F|  |TAMS 0x000000008b900000, 0x000000008b900000| Untracked 
|  80|0x000000008ba00000, 0x000000008ba00000, 0x000000008bb00000|  0%| F|  |TAMS 0x000000008ba00000, 0x000000008ba00000| Untracked 
|  81|0x000000008bb00000, 0x000000008bb00000, 0x000000008bc00000|  0%| F|  |TAMS 0x000000008bb00000, 0x000000008bb00000| Untracked 
|  82|0x000000008bc00000, 0x000000008bc00000, 0x000000008bd00000|  0%| F|  |TAMS 0x000000008bc00000, 0x000000008bc00000| Untracked 
|  83|0x000000008bd00000, 0x000000008be00000, 0x000000008be00000|100%| S|CS|TAMS 0x000000008bd00000, 0x000000008bd00000| Complete 
|  84|0x000000008be00000, 0x000000008bf00000, 0x000000008bf00000|100%| S|CS|TAMS 0x000000008be00000, 0x000000008be00000| Complete 
|  85|0x000000008bf00000, 0x000000008c000000, 0x000000008c000000|100%| S|CS|TAMS 0x000000008bf00000, 0x000000008bf00000| Complete 
|  86|0x000000008c000000, 0x000000008c100000, 0x000000008c100000|100%| S|CS|TAMS 0x000000008c000000, 0x000000008c000000| Complete 
|  87|0x000000008c100000, 0x000000008c100000, 0x000000008c200000|  0%| F|  |TAMS 0x000000008c100000, 0x000000008c100000| Untracked 
|  88|0x000000008c200000, 0x000000008c200000, 0x000000008c300000|  0%| F|  |TAMS 0x000000008c200000, 0x000000008c200000| Untracked 
|  89|0x000000008c300000, 0x000000008c300000, 0x000000008c400000|  0%| F|  |TAMS 0x000000008c300000, 0x000000008c300000| Untracked 
|  90|0x000000008c400000, 0x000000008c400000, 0x000000008c500000|  0%| F|  |TAMS 0x000000008c400000, 0x000000008c400000| Untracked 
|  91|0x000000008c500000, 0x000000008c500000, 0x000000008c600000|  0%| F|  |TAMS 0x000000008c500000, 0x000000008c500000| Untracked 
|  92|0x000000008c600000, 0x000000008c600000, 0x000000008c700000|  0%| F|  |TAMS 0x000000008c600000, 0x000000008c600000| Untracked 
|  93|0x000000008c700000, 0x000000008c800000, 0x000000008c800000|100%| S|CS|TAMS 0x000000008c700000, 0x000000008c700000| Complete 
|  94|0x000000008c800000, 0x000000008c900000, 0x000000008c900000|100%| S|CS|TAMS 0x000000008c800000, 0x000000008c800000| Complete 
|  95|0x000000008c900000, 0x000000008c900000, 0x000000008ca00000|  0%| F|  |TAMS 0x000000008c900000, 0x000000008c900000| Untracked 
|  96|0x000000008ca00000, 0x000000008ca00000, 0x000000008cb00000|  0%| F|  |TAMS 0x000000008ca00000, 0x000000008ca00000| Untracked 
|  97|0x000000008cb00000, 0x000000008cb00000, 0x000000008cc00000|  0%| F|  |TAMS 0x000000008cb00000, 0x000000008cb00000| Untracked 
|  98|0x000000008cc00000, 0x000000008cc00000, 0x000000008cd00000|  0%| F|  |TAMS 0x000000008cc00000, 0x000000008cc00000| Untracked 
|  99|0x000000008cd00000, 0x000000008cd00000, 0x000000008ce00000|  0%| F|  |TAMS 0x000000008cd00000, 0x000000008cd00000| Untracked 
| 100|0x000000008ce00000, 0x000000008ce00000, 0x000000008cf00000|  0%| F|  |TAMS 0x000000008ce00000, 0x000000008ce00000| Untracked 
| 101|0x000000008cf00000, 0x000000008cf00000, 0x000000008d000000|  0%| F|  |TAMS 0x000000008cf00000, 0x000000008cf00000| Untracked 
| 102|0x000000008d000000, 0x000000008d000000, 0x000000008d100000|  0%| F|  |TAMS 0x000000008d000000, 0x000000008d000000| Untracked 
| 103|0x000000008d100000, 0x000000008d100000, 0x000000008d200000|  0%| F|  |TAMS 0x000000008d100000, 0x000000008d100000| Untracked 
| 104|0x000000008d200000, 0x000000008d200000, 0x000000008d300000|  0%| F|  |TAMS 0x000000008d200000, 0x000000008d200000| Untracked 
| 105|0x000000008d300000, 0x000000008d300000, 0x000000008d400000|  0%| F|  |TAMS 0x000000008d300000, 0x000000008d300000| Untracked 
| 106|0x000000008d400000, 0x000000008d400000, 0x000000008d500000|  0%| F|  |TAMS 0x000000008d400000, 0x000000008d400000| Untracked 
| 107|0x000000008d500000, 0x000000008d500000, 0x000000008d600000|  0%| F|  |TAMS 0x000000008d500000, 0x000000008d500000| Untracked 
| 108|0x000000008d600000, 0x000000008d600000, 0x000000008d700000|  0%| F|  |TAMS 0x000000008d600000, 0x000000008d600000| Untracked 
| 109|0x000000008d700000, 0x000000008d700000, 0x000000008d800000|  0%| F|  |TAMS 0x000000008d700000, 0x000000008d700000| Untracked 
| 110|0x000000008d800000, 0x000000008d800000, 0x000000008d900000|  0%| F|  |TAMS 0x000000008d800000, 0x000000008d800000| Untracked 
| 111|0x000000008d900000, 0x000000008d900000, 0x000000008da00000|  0%| F|  |TAMS 0x000000008d900000, 0x000000008d900000| Untracked 
| 112|0x000000008da00000, 0x000000008da00000, 0x000000008db00000|  0%| F|  |TAMS 0x000000008da00000, 0x000000008da00000| Untracked 
| 113|0x000000008db00000, 0x000000008db00000, 0x000000008dc00000|  0%| F|  |TAMS 0x000000008db00000, 0x000000008db00000| Untracked 
| 114|0x000000008dc00000, 0x000000008dc00000, 0x000000008dd00000|  0%| F|  |TAMS 0x000000008dc00000, 0x000000008dc00000| Untracked 
| 115|0x000000008dd00000, 0x000000008dd00000, 0x000000008de00000|  0%| F|  |TAMS 0x000000008dd00000, 0x000000008dd00000| Untracked 
| 116|0x000000008de00000, 0x000000008de00000, 0x000000008df00000|  0%| F|  |TAMS 0x000000008de00000, 0x000000008de00000| Untracked 
| 117|0x000000008df00000, 0x000000008df00000, 0x000000008e000000|  0%| F|  |TAMS 0x000000008df00000, 0x000000008df00000| Untracked 
| 118|0x000000008e000000, 0x000000008e000000, 0x000000008e100000|  0%| F|  |TAMS 0x000000008e000000, 0x000000008e000000| Untracked 
| 119|0x000000008e100000, 0x000000008e100000, 0x000000008e200000|  0%| F|  |TAMS 0x000000008e100000, 0x000000008e100000| Untracked 
| 120|0x000000008e200000, 0x000000008e200000, 0x000000008e300000|  0%| F|  |TAMS 0x000000008e200000, 0x000000008e200000| Untracked 
| 121|0x000000008e300000, 0x000000008e300000, 0x000000008e400000|  0%| F|  |TAMS 0x000000008e300000, 0x000000008e300000| Untracked 
| 122|0x000000008e400000, 0x000000008e400000, 0x000000008e500000|  0%| F|  |TAMS 0x000000008e400000, 0x000000008e400000| Untracked 
| 123|0x000000008e500000, 0x000000008e500000, 0x000000008e600000|  0%| F|  |TAMS 0x000000008e500000, 0x000000008e500000| Untracked 
| 124|0x000000008e600000, 0x000000008e600000, 0x000000008e700000|  0%| F|  |TAMS 0x000000008e600000, 0x000000008e600000| Untracked 
| 125|0x000000008e700000, 0x000000008e700000, 0x000000008e800000|  0%| F|  |TAMS 0x000000008e700000, 0x000000008e700000| Untracked 
| 126|0x000000008e800000, 0x000000008e800000, 0x000000008e900000|  0%| F|  |TAMS 0x000000008e800000, 0x000000008e800000| Untracked 
| 127|0x000000008e900000, 0x000000008e900000, 0x000000008ea00000|  0%| F|  |TAMS 0x000000008e900000, 0x000000008e900000| Untracked 
| 128|0x000000008ea00000, 0x000000008ea00000, 0x000000008eb00000|  0%| F|  |TAMS 0x000000008ea00000, 0x000000008ea00000| Untracked 
| 129|0x000000008eb00000, 0x000000008eb00000, 0x000000008ec00000|  0%| F|  |TAMS 0x000000008eb00000, 0x000000008eb00000| Untracked 
| 130|0x000000008ec00000, 0x000000008ec00000, 0x000000008ed00000|  0%| F|  |TAMS 0x000000008ec00000, 0x000000008ec00000| Untracked 
| 131|0x000000008ed00000, 0x000000008ed00000, 0x000000008ee00000|  0%| F|  |TAMS 0x000000008ed00000, 0x000000008ed00000| Untracked 
| 132|0x000000008ee00000, 0x000000008ee00000, 0x000000008ef00000|  0%| F|  |TAMS 0x000000008ee00000, 0x000000008ee00000| Untracked 
| 133|0x000000008ef00000, 0x000000008ef00000, 0x000000008f000000|  0%| F|  |TAMS 0x000000008ef00000, 0x000000008ef00000| Untracked 
| 134|0x000000008f000000, 0x000000008f000000, 0x000000008f100000|  0%| F|  |TAMS 0x000000008f000000, 0x000000008f000000| Untracked 
| 135|0x000000008f100000, 0x000000008f100000, 0x000000008f200000|  0%| F|  |TAMS 0x000000008f100000, 0x000000008f100000| Untracked 
| 136|0x000000008f200000, 0x000000008f200000, 0x000000008f300000|  0%| F|  |TAMS 0x000000008f200000, 0x000000008f200000| Untracked 
| 137|0x000000008f300000, 0x000000008f300000, 0x000000008f400000|  0%| F|  |TAMS 0x000000008f300000, 0x000000008f300000| Untracked 
| 138|0x000000008f400000, 0x000000008f400000, 0x000000008f500000|  0%| F|  |TAMS 0x000000008f400000, 0x000000008f400000| Untracked 
| 139|0x000000008f500000, 0x000000008f500000, 0x000000008f600000|  0%| F|  |TAMS 0x000000008f500000, 0x000000008f500000| Untracked 
| 140|0x000000008f600000, 0x000000008f600000, 0x000000008f700000|  0%| F|  |TAMS 0x000000008f600000, 0x000000008f600000| Untracked 
| 141|0x000000008f700000, 0x000000008f700000, 0x000000008f800000|  0%| F|  |TAMS 0x000000008f700000, 0x000000008f700000| Untracked 
| 142|0x000000008f800000, 0x000000008f800000, 0x000000008f900000|  0%| F|  |TAMS 0x000000008f800000, 0x000000008f800000| Untracked 
| 143|0x000000008f900000, 0x000000008f900000, 0x000000008fa00000|  0%| F|  |TAMS 0x000000008f900000, 0x000000008f900000| Untracked 
| 144|0x000000008fa00000, 0x000000008fa00000, 0x000000008fb00000|  0%| F|  |TAMS 0x000000008fa00000, 0x000000008fa00000| Untracked 
| 145|0x000000008fb00000, 0x000000008fb00000, 0x000000008fc00000|  0%| F|  |TAMS 0x000000008fb00000, 0x000000008fb00000| Untracked 
| 146|0x000000008fc00000, 0x000000008fc00000, 0x000000008fd00000|  0%| F|  |TAMS 0x000000008fc00000, 0x000000008fc00000| Untracked 
| 147|0x000000008fd00000, 0x000000008fd00000, 0x000000008fe00000|  0%| F|  |TAMS 0x000000008fd00000, 0x000000008fd00000| Untracked 
| 148|0x000000008fe00000, 0x000000008fe00000, 0x000000008ff00000|  0%| F|  |TAMS 0x000000008fe00000, 0x000000008fe00000| Untracked 
| 149|0x000000008ff00000, 0x000000008ff00000, 0x0000000090000000|  0%| F|  |TAMS 0x000000008ff00000, 0x000000008ff00000| Untracked 

Card table byte_map: [0x000001586f080000,0x000001586f450000] _byte_map_base: 0x000001586ec4b000

Marking Bits (Prev, Next): (CMBitMap*) 0x000001585bbc6940, (CMBitMap*) 0x000001585bbc6908
 Prev Bits: [0x0000015871680000, 0x00000158734d8000)
 Next Bits: [0x000001586f820000, 0x0000015871678000)

Polling page: 0x000001585a200000

Metaspace:

Usage:
  Non-class:     53.66 MB capacity,    53.23 MB (>99%) used,   343.49 KB ( <1%) free+waste,    95.00 KB ( <1%) overhead. 
      Class:      6.60 MB capacity,     6.37 MB ( 96%) used,   202.36 KB (  3%) free+waste,    37.38 KB ( <1%) overhead. 
       Both:     60.26 MB capacity,    59.60 MB ( 99%) used,   545.85 KB ( <1%) free+waste,   132.38 KB ( <1%) overhead. 

Virtual space:
  Non-class space:       54.00 MB reserved,      53.75 MB (>99%) committed 
      Class space:        1.00 GB reserved,       6.63 MB ( <1%) committed 
             Both:        1.05 GB reserved,      60.37 MB (  6%) committed 

Chunk freelists:
   Non-Class:  25.00 KB
       Class:  25.00 KB
        Both:  50.00 KB

MaxMetaspaceSize: 17179869184.00 GB
CompressedClassSpaceSize: 1.00 GB

CodeHeap 'non-profiled nmethods': size=120064Kb used=5153Kb max_used=5153Kb free=114910Kb
 bounds [0x0000015867140000, 0x0000015867650000, 0x000001586e680000]
CodeHeap 'profiled nmethods': size=120000Kb used=32624Kb max_used=32624Kb free=87375Kb
 bounds [0x000001585fc10000, 0x0000015861bf0000, 0x0000015867140000]
CodeHeap 'non-nmethods': size=5696Kb used=1213Kb max_used=1267Kb free=4482Kb
 bounds [0x000001585f680000, 0x000001585f8f0000, 0x000001585fc10000]
 total_blobs=11313 nmethods=10749 adapters=473
 compilation: enabled
              stopped_count=0, restarted_count=0
 full_count=0

Compilation events (20 events):
Event: 20.986 Thread 0x0000015875ae5000 10849       3       org.jetbrains.kotlin.resolve.calls.smartcasts.IdentifierInfo$PackageOrClass::equals (39 bytes)
Event: 20.987 Thread 0x0000015875ae5000 nmethod 10849 0x0000015861be3290 code [0x0000015861be3480, 0x0000015861be3a28]
Event: 20.988 Thread 0x0000015875ae5000 10850       3       org.jetbrains.kotlin.resolve.calls.tower.KotlinToResolvedCallTransformerKt::hasInferredReturnType (57 bytes)
Event: 20.990 Thread 0x0000015875ae5000 nmethod 10850 0x0000015861be3b90 code [0x0000015861be3f60, 0x0000015861be54a8]
Event: 20.994 Thread 0x0000015875ae5000 10851       3       org.jetbrains.kotlin.contracts.model.structure.ESVariable::accept (14 bytes)
Event: 20.995 Thread 0x0000015875ae5000 nmethod 10851 0x0000015861be5c90 code [0x0000015861be5ec0, 0x0000015861be6508]
Event: 20.995 Thread 0x0000015875ae5000 10852       3       javaslang.collection.LinkedHashSet::toJavaSet (5 bytes)
Event: 20.996 Thread 0x0000015875ae5000 nmethod 10852 0x0000015861be6790 code [0x0000015861be6a00, 0x0000015861be7418]
Event: 20.996 Thread 0x0000015875ae5000 10853       3       javaslang.collection.LinkedHashSet::toJavaSet (13 bytes)
Event: 20.997 Thread 0x0000015875ae5000 nmethod 10853 0x0000015861be7790 code [0x0000015861be7a00, 0x0000015861be83b8]
Event: 21.008 Thread 0x0000015875ae5000 10854       3       org.jetbrains.kotlin.resolve.calls.CallExpressionResolver$elementChain$1::invoke (12 bytes)
Event: 21.009 Thread 0x0000015875ae5000 nmethod 10854 0x0000015861be8710 code [0x0000015861be88e0, 0x0000015861be8be8]
Event: 21.009 Thread 0x0000015875ae5000 10855       3       org.jetbrains.kotlin.resolve.calls.CallExpressionResolver$elementChain$1::invoke (171 bytes)
Event: 21.012 Thread 0x0000015875ae5000 nmethod 10855 0x0000015861be8d10 code [0x0000015861be9120, 0x0000015861beabb8]
Event: 21.012 Thread 0x0000015875ae5000 10856       3       org.jetbrains.kotlin.resolve.calls.CallExpressionResolver::access$resolveSimpleName (8 bytes)
Event: 21.012 Thread 0x0000015875ae5000 nmethod 10856 0x0000015861beb590 code [0x0000015861beb740, 0x0000015861beb848]
Event: 21.019 Thread 0x0000015875ae5000 10857       3       org.jetbrains.kotlin.resolve.calls.util.FakeCallableDescriptorForObject::hashCode (8 bytes)
Event: 21.020 Thread 0x0000015875ae5000 nmethod 10857 0x0000015861beb910 code [0x0000015861bebac0, 0x0000015861bebc88]
Event: 21.023 Thread 0x0000015875ae5000 10858       3       org.jetbrains.kotlin.resolve.calls.smartcasts.IdentifierInfo$NO::getKind (5 bytes)
Event: 21.024 Thread 0x0000015875ae5000 nmethod 10858 0x0000015861bebd90 code [0x0000015861bebf40, 0x0000015861bec118]

GC Heap History (17 events):
Event: 0.752 GC heap before
{Heap before GC invocations=0 (full 0):
 garbage-first heap   total 124928K, used 17408K [0x0000000086a00000, 0x0000000100000000)
  region size 1024K, 14 young (14336K), 0 survivors (0K)
 Metaspace       used 9766K, capacity 9871K, committed 10112K, reserved 1058816K
  class space    used 828K, capacity 884K, committed 896K, reserved 1048576K
}
Event: 0.756 GC heap after
{Heap after GC invocations=1 (full 0):
 garbage-first heap   total 124928K, used 5212K [0x0000000086a00000, 0x0000000100000000)
  region size 1024K, 2 young (2048K), 2 survivors (2048K)
 Metaspace       used 9766K, capacity 9871K, committed 10112K, reserved 1058816K
  class space    used 828K, capacity 884K, committed 896K, reserved 1048576K
}
Event: 2.129 GC heap before
{Heap before GC invocations=1 (full 0):
 garbage-first heap   total 124928K, used 51292K [0x0000000086a00000, 0x0000000100000000)
  region size 1024K, 48 young (49152K), 2 survivors (2048K)
 Metaspace       used 20915K, capacity 21102K, committed 21248K, reserved 1069056K
  class space    used 2219K, capacity 2286K, committed 2304K, reserved 1048576K
}
Event: 2.148 GC heap after
{Heap after GC invocations=2 (full 0):
 garbage-first heap   total 124928K, used 9412K [0x0000000086a00000, 0x0000000100000000)
  region size 1024K, 7 young (7168K), 7 survivors (7168K)
 Metaspace       used 20915K, capacity 21102K, committed 21248K, reserved 1069056K
  class space    used 2219K, capacity 2286K, committed 2304K, reserved 1048576K
}
Event: 4.055 GC heap before
{Heap before GC invocations=3 (full 0):
 garbage-first heap   total 124928K, used 70852K [0x0000000086a00000, 0x0000000100000000)
  region size 1024K, 55 young (56320K), 7 survivors (7168K)
 Metaspace       used 30894K, capacity 31376K, committed 31484K, reserved 1077248K
  class space    used 3644K, capacity 3825K, committed 3840K, reserved 1048576K
}
Event: 4.096 GC heap after
{Heap after GC invocations=4 (full 0):
 garbage-first heap   total 124928K, used 23490K [0x0000000086a00000, 0x0000000100000000)
  region size 1024K, 6 young (6144K), 6 survivors (6144K)
 Metaspace       used 30894K, capacity 31376K, committed 31484K, reserved 1077248K
  class space    used 3644K, capacity 3825K, committed 3840K, reserved 1048576K
}
Event: 6.554 GC heap before
{Heap before GC invocations=5 (full 0):
 garbage-first heap   total 124928K, used 88002K [0x0000000086a00000, 0x0000000100000000)
  region size 1024K, 69 young (70656K), 6 survivors (6144K)
 Metaspace       used 44171K, capacity 44629K, committed 44796K, reserved 1089536K
  class space    used 5160K, capacity 5352K, committed 5376K, reserved 1048576K
}
Event: 6.594 GC heap after
{Heap after GC invocations=6 (full 0):
 garbage-first heap   total 124928K, used 27885K [0x0000000086a00000, 0x0000000100000000)
  region size 1024K, 7 young (7168K), 7 survivors (7168K)
 Metaspace       used 44171K, capacity 44629K, committed 44796K, reserved 1089536K
  class space    used 5160K, capacity 5352K, committed 5376K, reserved 1048576K
}
Event: 8.868 GC heap before
{Heap before GC invocations=6 (full 0):
 garbage-first heap   total 124928K, used 90349K [0x0000000086a00000, 0x0000000100000000)
  region size 1024K, 65 young (66560K), 7 survivors (7168K)
 Metaspace       used 51277K, capacity 51825K, committed 51964K, reserved 1095680K
  class space    used 5886K, capacity 6094K, committed 6144K, reserved 1048576K
}
Event: 8.912 GC heap after
{Heap after GC invocations=7 (full 0):
 garbage-first heap   total 153600K, used 38394K [0x0000000086a00000, 0x0000000100000000)
  region size 1024K, 8 young (8192K), 8 survivors (8192K)
 Metaspace       used 51277K, capacity 51825K, committed 51964K, reserved 1095680K
  class space    used 5886K, capacity 6094K, committed 6144K, reserved 1048576K
}
Event: 10.210 GC heap before
{Heap before GC invocations=7 (full 0):
 garbage-first heap   total 153600K, used 65018K [0x0000000086a00000, 0x0000000100000000)
  region size 1024K, 35 young (35840K), 8 survivors (8192K)
 Metaspace       used 52468K, capacity 52979K, committed 53116K, reserved 1095680K
  class space    used 5950K, capacity 6146K, committed 6272K, reserved 1048576K
}
Event: 10.249 GC heap after
{Heap after GC invocations=8 (full 0):
 garbage-first heap   total 153600K, used 42796K [0x0000000086a00000, 0x0000000100000000)
  region size 1024K, 5 young (5120K), 5 survivors (5120K)
 Metaspace       used 52468K, capacity 52979K, committed 53116K, reserved 1095680K
  class space    used 5950K, capacity 6146K, committed 6272K, reserved 1048576K
}
Event: 13.147 GC heap before
{Heap before GC invocations=9 (full 0):
 garbage-first heap   total 153600K, used 106284K [0x0000000086a00000, 0x0000000100000000)
  region size 1024K, 67 young (68608K), 5 survivors (5120K)
 Metaspace       used 55350K, capacity 55971K, committed 56188K, reserved 1099776K
  class space    used 6181K, capacity 6416K, committed 6528K, reserved 1048576K
}
Event: 13.194 GC heap after
{Heap after GC invocations=10 (full 0):
 garbage-first heap   total 153600K, used 52660K [0x0000000086a00000, 0x0000000100000000)
  region size 1024K, 9 young (9216K), 9 survivors (9216K)
 Metaspace       used 55350K, capacity 55971K, committed 56188K, reserved 1099776K
  class space    used 6181K, capacity 6416K, committed 6528K, reserved 1048576K
}
Event: 17.216 GC heap before
{Heap before GC invocations=10 (full 0):
 garbage-first heap   total 153600K, used 111028K [0x0000000086a00000, 0x0000000100000000)
  region size 1024K, 66 young (67584K), 9 survivors (9216K)
 Metaspace       used 59652K, capacity 60334K, committed 60540K, reserved 1103872K
  class space    used 6455K, capacity 6711K, committed 6784K, reserved 1048576K
}
Event: 17.272 GC heap after
{Heap after GC invocations=11 (full 0):
 garbage-first heap   total 153600K, used 59392K [0x0000000086a00000, 0x0000000100000000)
  region size 1024K, 6 young (6144K), 6 survivors (6144K)
 Metaspace       used 59652K, capacity 60334K, committed 60540K, reserved 1103872K
  class space    used 6455K, capacity 6711K, committed 6784K, reserved 1048576K
}
Event: 21.042 GC heap before
{Heap before GC invocations=11 (full 0):
 garbage-first heap   total 153600K, used 118784K [0x0000000086a00000, 0x0000000100000000)
  region size 1024K, 61 young (62464K), 6 survivors (6144K)
 Metaspace       used 61027K, capacity 61706K, committed 61820K, reserved 1103872K
  class space    used 6519K, capacity 6759K, committed 6784K, reserved 1048576K
}

Deoptimization events (20 events):
Event: 20.187 Thread 0x000001585bb89000 Uncommon trap: trap_request=0xffffffde fr.pc=0x00000158675ffb44 relative=0x00000000000002c4
Event: 20.187 Thread 0x000001585bb89000 Uncommon trap: reason=class_check action=maybe_recompile pc=0x00000158675ffb44 method=org.jetbrains.kotlin.resolve.calls.tower.ImplicitScopeTowerKt.getResultApplicabilityForCallDiagnostics(Ljava/util/Collection;)Lorg/jetbrains/kotlin/resolve/calls/tower/C
Event: 20.187 Thread 0x000001585bb89000 DEOPT PACKING pc=0x00000158675ffb44 sp=0x00000020561fb720
Event: 20.187 Thread 0x000001585bb89000 DEOPT UNPACKING pc=0x000001585f6a782f sp=0x00000020561fb688 mode 2
Event: 20.232 Thread 0x000001585bb89000 Uncommon trap: trap_request=0xffffff4d fr.pc=0x000001586760c8d0 relative=0x0000000000002430
Event: 20.232 Thread 0x000001585bb89000 Uncommon trap: reason=unstable_if action=reinterpret pc=0x000001586760c8d0 method=org.jetbrains.kotlin.types.TypeSubstitutor.unsafeSubstitute(Lorg/jetbrains/kotlin/types/TypeProjection;Lorg/jetbrains/kotlin/descriptors/TypeParameterDescriptor;I)Lorg/jetbr
Event: 20.232 Thread 0x000001585bb89000 DEOPT PACKING pc=0x000001586760c8d0 sp=0x00000020561fbcb0
Event: 20.232 Thread 0x000001585bb89000 DEOPT UNPACKING pc=0x000001585f6a782f sp=0x00000020561fbc78 mode 2
Event: 20.323 Thread 0x000001585bb89000 Uncommon trap: trap_request=0xffffff4d fr.pc=0x000001586757c700 relative=0x0000000000002f40
Event: 20.323 Thread 0x000001585bb89000 Uncommon trap: reason=unstable_if action=reinterpret pc=0x000001586757c700 method=org.jetbrains.kotlin.descriptors.impl.FunctionDescriptorImpl.doSubstitute(Lorg/jetbrains/kotlin/descriptors/impl/FunctionDescriptorImpl$CopyConfiguration;)Lorg/jetbrains/kot
Event: 20.323 Thread 0x000001585bb89000 DEOPT PACKING pc=0x000001586757c700 sp=0x00000020561f9690
Event: 20.323 Thread 0x000001585bb89000 DEOPT UNPACKING pc=0x000001585f6a782f sp=0x00000020561f9650 mode 2
Event: 20.468 Thread 0x000001585bb89000 Uncommon trap: trap_request=0xffffff4d fr.pc=0x0000015867398fbc relative=0x0000000000000a1c
Event: 20.468 Thread 0x000001585bb89000 Uncommon trap: reason=unstable_if action=reinterpret pc=0x0000015867398fbc method=java.util.concurrent.ConcurrentHashMap.get(Ljava/lang/Object;)Ljava/lang/Object; @ 152 c2
Event: 20.469 Thread 0x000001585bb89000 DEOPT PACKING pc=0x0000015867398fbc sp=0x00000020561f4cf0
Event: 20.469 Thread 0x000001585bb89000 DEOPT UNPACKING pc=0x000001585f6a782f sp=0x00000020561f4bf0 mode 2
Event: 20.469 Thread 0x000001585bb89000 Uncommon trap: trap_request=0xffffff4d fr.pc=0x00000158672821ac relative=0x000000000000026c
Event: 20.469 Thread 0x000001585bb89000 Uncommon trap: reason=unstable_if action=reinterpret pc=0x00000158672821ac method=java.util.concurrent.ConcurrentHashMap.get(Ljava/lang/Object;)Ljava/lang/Object; @ 152 c2
Event: 20.469 Thread 0x000001585bb89000 DEOPT PACKING pc=0x00000158672821ac sp=0x00000020561f4c70
Event: 20.469 Thread 0x000001585bb89000 DEOPT UNPACKING pc=0x000001585f6a782f sp=0x00000020561f4be8 mode 2

Classes redefined (0 events):
No events

Internal exceptions (20 events):
Event: 6.183 Thread 0x000001585bb89000 Exception <a 'java/lang/NoSuchMethodError'{0x000000008a629bf0}: 'java.lang.Object java.lang.invoke.DirectMethodHandle$Holder.invokeStatic(java.lang.Object, java.lang.Object, java.lang.Object, int)'> (0x000000008a629bf0) thrown at [./src/hotspot/share/interpreter/linkResolver.cpp, line 773]
Event: 6.184 Thread 0x000001585bb89000 Exception <a 'java/lang/NoSuchMethodError'{0x000000008a62d860}: 'java.lang.Object java.lang.invoke.DirectMethodHandle$Holder.invokeSpecial(java.lang.Object, java.lang.Object, java.lang.Object, java.lang.Object, int)'> (0x000000008a62d860) thrown at [./src/hotspot/share/interpreter/linkResolver.cpp, line 773]
Event: 6.184 Thread 0x000001585bb89000 Exception <a 'java/lang/NoSuchMethodError'{0x000000008a630b70}: 'java.lang.Object java.lang.invoke.Invokers$Holder.linkToTargetMethod(java.lang.Object, java.lang.Object, int, java.lang.Object)'> (0x000000008a630b70) thrown at [./src/hotspot/share/interpreter/linkResolver.cpp, line 773]
Event: 7.242 Thread 0x000001585bb89000 Exception <a 'java/lang/NoSuchMethodError'{0x000000008d6a7b68}: 'java.lang.Object java.lang.invoke.DirectMethodHandle$Holder.invokeSpecial(java.lang.Object, java.lang.Object, java.lang.Object, java.lang.Object, java.lang.Object, java.lang.Object, java.lang.Object, java.lang.Object, java.lang.Object)'> (0x000000008d6a7b68) thrown at [./src/hotspot/share/interpreter/linkResolver.cpp, line 773]
Event: 7.242 Thread 0x000001585bb89000 Exception <a 'java/lang/NoSuchMethodError'{0x000000008d6abd60}: 'java.lang.Object java.lang.invoke.Invokers$Holder.linkToTargetMethod(java.lang.Object, java.lang.Object, java.lang.Object, java.lang.Object, java.lang.Object, java.lang.Object, java.lang.Object, java.lang.Object)'> (0x000000008d6abd60) thrown at [./src/hotspot/share/interpreter/linkResolver.cpp, line 773]
Event: 7.369 Thread 0x000001585bb89000 Exception <a 'java/lang/NoSuchMethodError'{0x000000008d3dd5a0}: 'java.lang.Object java.lang.invoke.Invokers$Holder.linkToTargetMethod(java.lang.Object, java.lang.Object, java.lang.Object, java.lang.Object, java.lang.Object, java.lang.Object)'> (0x000000008d3dd5a0) thrown at [./src/hotspot/share/interpreter/linkResolver.cpp, line 773]
Event: 9.925 Thread 0x000001585bb89000 Implicit null exception at 0x0000015867361e75 to 0x00000158673620a0
Event: 10.193 Thread 0x000001585bb89000 Exception <a 'java/lang/NoSuchMethodError'{0x000000008e6ed6d0}: 'int java.lang.invoke.DirectMethodHandle$Holder.invokeStaticInit(java.lang.Object, int)'> (0x000000008e6ed6d0) thrown at [./src/hotspot/share/interpreter/linkResolver.cpp, line 773]
Event: 10.930 Thread 0x000001585bb89000 Exception <a 'java/lang/NoSuchMethodError'{0x000000008f68e048}: 'int java.lang.invoke.DirectMethodHandle$Holder.invokeInterface(java.lang.Object, java.lang.Object)'> (0x000000008f68e048) thrown at [./src/hotspot/share/interpreter/linkResolver.cpp, line 773]
Event: 11.100 Thread 0x000001585bb89000 Exception <a 'java/lang/NoSuchMethodError'{0x000000008f25a378}: 'java.lang.Object java.lang.invoke.DirectMethodHandle$Holder.invokeStaticInit(java.lang.Object, java.lang.Object, java.lang.Object)'> (0x000000008f25a378) thrown at [./src/hotspot/share/interpreter/linkResolver.cpp, line 773]
Event: 11.104 Thread 0x000001585bb89000 Exception <a 'java/lang/NoSuchMethodError'{0x000000008f269dc0}: 'java.lang.Object java.lang.invoke.DirectMethodHandle$Holder.invokeStatic(java.lang.Object, int, java.lang.Object, java.lang.Object)'> (0x000000008f269dc0) thrown at [./src/hotspot/share/interpreter/linkResolver.cpp, line 773]
Event: 13.255 Thread 0x000001585bb89000 Exception <a 'java/lang/NoSuchMethodError'{0x000000008fc14f60}: 'java.lang.Object java.lang.invoke.Invokers$Holder.linkToTargetMethod(java.lang.Object, java.lang.Object, java.lang.Object, java.lang.Object, java.lang.Object, java.lang.Object, java.lang.Object)'> (0x000000008fc14f60) thrown at [./src/hotspot/share/interpreter/linkResolver.cpp, line 773]
Event: 13.467 Thread 0x000001585bb89000 Exception <a 'java/lang/NoSuchMethodError'{0x000000008f51e790}: 'java.lang.Object java.lang.invoke.DirectMethodHandle$Holder.invokeInterface(java.lang.Object, java.lang.Object, java.lang.Object)'> (0x000000008f51e790) thrown at [./src/hotspot/share/interpreter/linkResolver.cpp, line 773]
Event: 13.489 Thread 0x000001585bb89000 Exception <a 'java/lang/IncompatibleClassChangeError'{0x000000008f565ed0}: Found class java.lang.Object, but interface was expected> (0x000000008f565ed0) thrown at [./src/hotspot/share/interpreter/linkResolver.cpp, line 839]
Event: 13.592 Thread 0x000001585bb89000 Implicit null exception at 0x0000015867437704 to 0x0000015867438b0c
Event: 13.970 Thread 0x000001585bb89000 Exception <a 'java/lang/NoSuchMethodError'{0x000000008ed16bc8}: 'java.lang.Object java.lang.invoke.Invokers$Holder.linkToTargetMethod(java.lang.Object, java.lang.Object, java.lang.Object, int, int, java.lang.Object)'> (0x000000008ed16bc8) thrown at [./src/hotspot/share/interpreter/linkResolver.cpp, line 773]
Event: 15.020 Thread 0x000001585bb89000 Implicit null exception at 0x0000015867199175 to 0x000001586719933c
Event: 16.307 Thread 0x000001585bb89000 Implicit null exception at 0x000001586750c5cc to 0x000001586750c694
Event: 17.099 Thread 0x000001585bb89000 Implicit null exception at 0x000001586750037b to 0x0000015867500631
Event: 17.294 Thread 0x000001585bb89000 Implicit null exception at 0x00000158674de7fc to 0x00000158674df408

Events (20 events):
Event: 20.201 loading class org/jetbrains/kotlin/types/expressions/PatternMatchingTypingVisitor$checkWhenCondition$1 done
Event: 20.205 loading class org/jetbrains/kotlin/types/expressions/PatternMatchingTypingVisitor$Subject$None
Event: 20.205 loading class org/jetbrains/kotlin/types/expressions/PatternMatchingTypingVisitor$Subject$None done
Event: 20.215 loading class org/jetbrains/kotlin/com/intellij/psi/impl/source/codeStyle/CodeEditUtil
Event: 20.215 loading class org/jetbrains/kotlin/com/intellij/psi/impl/source/codeStyle/CodeEditUtil done
Event: 20.225 loading class org/jetbrains/kotlin/types/expressions/PatternMatchingTypingVisitor$inferTypeForWhenExpression$resolvedCall$1
Event: 20.225 loading class org/jetbrains/kotlin/types/expressions/PatternMatchingTypingVisitor$inferTypeForWhenExpression$resolvedCall$1 done
Event: 20.225 loading class java/util/Collections$CopiesList
Event: 20.226 loading class java/util/Collections$CopiesList done
Event: 20.234 loading class org/jetbrains/kotlin/diagnostics/WhenMissingCase$Unknown
Event: 20.234 loading class org/jetbrains/kotlin/diagnostics/WhenMissingCase$Unknown done
Event: 20.235 loading class org/jetbrains/kotlin/diagnostics/WhenMissingCase
Event: 20.235 loading class org/jetbrains/kotlin/diagnostics/WhenMissingCase done
Event: 20.390 loading class org/jetbrains/kotlin/types/NotNullSimpleType
Event: 20.390 loading class org/jetbrains/kotlin/types/NotNullSimpleType done
Event: 20.471 loading class kotlin/jvm/internal/IntCompanionObject
Event: 20.471 loading class kotlin/jvm/internal/IntCompanionObject done
Event: 20.486 Executing VM operation: ICBufferFull
Event: 20.486 Executing VM operation: ICBufferFull done
Event: 21.041 Executing VM operation: G1CollectForAllocation


Dynamic libraries:
0x00007ff7c95a0000 - 0x00007ff7c95aa000 	C:\Program Files\Android\Android Studio\jre\bin\java.exe
0x00007ffc27a10000 - 0x00007ffc27c04000 	C:\WINDOWS\SYSTEM32\ntdll.dll
0x00007ffc26150000 - 0x00007ffc2620d000 	C:\WINDOWS\System32\KERNEL32.DLL
0x00007ffc25150000 - 0x00007ffc25417000 	C:\WINDOWS\System32\KERNELBASE.dll
0x00007ffc25970000 - 0x00007ffc25a70000 	C:\WINDOWS\System32\ucrtbase.dll
0x00007ffc1fb10000 - 0x00007ffc1fb29000 	C:\Program Files\Android\Android Studio\jre\bin\jli.dll
0x00007ffc22680000 - 0x00007ffc22697000 	C:\Program Files\Android\Android Studio\jre\bin\VCRUNTIME140.dll
0x00007ffc26760000 - 0x00007ffc26900000 	C:\WINDOWS\System32\USER32.dll
0x00007ffc25630000 - 0x00007ffc25652000 	C:\WINDOWS\System32\win32u.dll
0x00007ffc26510000 - 0x00007ffc2653a000 	C:\WINDOWS\System32\GDI32.dll
0x00007ffc153a0000 - 0x00007ffc1563a000 	C:\WINDOWS\WinSxS\amd64_microsoft.windows.common-controls_6595b64144ccf1df_6.0.19041.1_none_b555e41d4684ddec\COMCTL32.dll
0x00007ffc25520000 - 0x00007ffc2562a000 	C:\WINDOWS\System32\gdi32full.dll
0x00007ffc27640000 - 0x00007ffc276de000 	C:\WINDOWS\System32\msvcrt.dll
0x00007ffc25480000 - 0x00007ffc2551d000 	C:\WINDOWS\System32\msvcp_win.dll
0x00007ffc26540000 - 0x00007ffc26570000 	C:\WINDOWS\System32\IMM32.DLL
0x00007ffc038a0000 - 0x00007ffc0393d000 	C:\Program Files\Android\Android Studio\jre\bin\msvcp140.dll
0x00007ffbe3560000 - 0x00007ffbe402f000 	C:\Program Files\Android\Android Studio\jre\bin\server\jvm.dll
0x00007ffc26210000 - 0x00007ffc262ba000 	C:\WINDOWS\System32\ADVAPI32.dll
0x00007ffc26340000 - 0x00007ffc263db000 	C:\WINDOWS\System32\sechost.dll
0x00007ffc26630000 - 0x00007ffc26753000 	C:\WINDOWS\System32\RPCRT4.dll
0x00007ffc26620000 - 0x00007ffc26628000 	C:\WINDOWS\System32\PSAPI.DLL
0x00007ffc20b10000 - 0x00007ffc20b19000 	C:\WINDOWS\SYSTEM32\WSOCK32.dll
0x00007ffc14440000 - 0x00007ffc14467000 	C:\WINDOWS\SYSTEM32\WINMM.dll
0x00007ffc23960000 - 0x00007ffc2396a000 	C:\WINDOWS\SYSTEM32\VERSION.dll
0x00007ffc260e0000 - 0x00007ffc2614b000 	C:\WINDOWS\System32\WS2_32.dll
0x00007ffc23ab0000 - 0x00007ffc23ac3000 	C:\WINDOWS\SYSTEM32\kernel.appcore.dll
0x00007ffc1d610000 - 0x00007ffc1d621000 	C:\Program Files\Android\Android Studio\jre\bin\verify.dll
0x00007ffc1c6e0000 - 0x00007ffc1c8c4000 	C:\WINDOWS\SYSTEM32\DBGHELP.DLL
0x00007ffc1c650000 - 0x00007ffc1c67c000 	C:\WINDOWS\SYSTEM32\dbgcore.DLL
0x00007ffc25760000 - 0x00007ffc257df000 	C:\WINDOWS\System32\bcryptPrimitives.dll
0x00007ffc0c920000 - 0x00007ffc0c949000 	C:\Program Files\Android\Android Studio\jre\bin\java.dll
0x00007ffc22f50000 - 0x00007ffc22f5b000 	C:\Program Files\Android\Android Studio\jre\bin\jimage.dll
0x00007ffc0bc80000 - 0x00007ffc0bc98000 	C:\Program Files\Android\Android Studio\jre\bin\zip.dll
0x00007ffc26de0000 - 0x00007ffc27511000 	C:\WINDOWS\System32\SHELL32.dll
0x00007ffc23120000 - 0x00007ffc238aa000 	C:\WINDOWS\SYSTEM32\windows.storage.dll
0x00007ffc26960000 - 0x00007ffc26cb4000 	C:\WINDOWS\System32\combase.dll
0x00007ffc24b00000 - 0x00007ffc24b2b000 	C:\WINDOWS\SYSTEM32\Wldp.dll
0x00007ffc26570000 - 0x00007ffc2661e000 	C:\WINDOWS\System32\SHCORE.dll
0x00007ffc27970000 - 0x00007ffc279c5000 	C:\WINDOWS\System32\shlwapi.dll
0x00007ffc25090000 - 0x00007ffc250af000 	C:\WINDOWS\SYSTEM32\profapi.dll
0x00007ffc0ba10000 - 0x00007ffc0ba2a000 	C:\Program Files\Android\Android Studio\jre\bin\net.dll
0x00007ffc17ab0000 - 0x00007ffc17bb2000 	C:\WINDOWS\SYSTEM32\WINHTTP.dll
0x00007ffc24880000 - 0x00007ffc248ea000 	C:\WINDOWS\system32\mswsock.dll
0x00007ffc09cf0000 - 0x00007ffc09d04000 	C:\Program Files\Android\Android Studio\jre\bin\nio.dll

dbghelp: loaded successfully - version: 4.0.5 - missing functions: none
symbol engine: initialized successfully - sym options: 0x614 - pdb path: .;C:\Program Files\Android\Android Studio\jre\bin;C:\WINDOWS\SYSTEM32;C:\WINDOWS\WinSxS\amd64_microsoft.windows.common-controls_6595b64144ccf1df_6.0.19041.1_none_b555e41d4684ddec;C:\Program Files\Android\Android Studio\jre\bin\server

VM Arguments:
java_command: org.jetbrains.kotlin.cli.jvm.K2JVMCompiler @D:\New folder\MainICICI\node_modules\react-native-gesture-handler\android\build\20220209_6133960554187635067.compiler.options
java_class_path (initial): C:\Users\pc\.gradle\caches\modules-2\files-2.1\org.jetbrains.kotlin\kotlin-compiler-embeddable\1.5.20\1900e8b9aca0a9caffd45b99b36e3720a0a284f8\kotlin-compiler-embeddable-1.5.20.jar;C:\Users\pc\.gradle\caches\modules-2\files-2.1\org.jetbrains.kotlin\kotlin-reflect\1.5.20\63810951f09a27f7827977f1bc21094042a915e\kotlin-reflect-1.5.20.jar;C:\Users\pc\.gradle\caches\modules-2\files-2.1\org.jetbrains.kotlin\kotlin-stdlib\1.5.20\9de35cc611bcecec8edce1d56d8e659953806751\kotlin-stdlib-1.5.20.jar;C:\Users\pc\.gradle\caches\modules-2\files-2.1\org.jetbrains.kotlin\kotlin-script-runtime\1.5.20\4381bb58d37b84d4d1afe55ec35542dd9b77e101\kotlin-script-runtime-1.5.20.jar;C:\Users\pc\.gradle\caches\modules-2\files-2.1\org.jetbrains.kotlin\kotlin-daemon-embeddable\1.5.20\36c38cda019834dcd2959cc33a12768adcd94256\kotlin-daemon-embeddable-1.5.20.jar;C:\Users\pc\.gradle\caches\modules-2\files-2.1\org.jetbrains.intellij.deps\trove4j\1.0.20181211\216c2e14b070f334479d800987affe4054cd563f\trove4j-1.0.20181211.jar;C:\Users\pc\.gradle\caches\modules-2\files-2.1\org.jetbrains\annotations\13.0\919f0dfe192fb4e063e7dacadee7f8bb9a2672a9\annotations-13.0.jar;C:\Users\pc\.gradle\caches\modules-2\files-2.1\org.jetbrains.kotlin\kotlin-stdlib-common\1.5.20\3d79dbd48bf605f4aac1e7028981a1953e245cbb\kotlin-stdlib-common-1.5.20.jar
Launcher Type: SUN_STANDARD

[Global flags]
     intx CICompilerCount                          = 3                                         {product} {ergonomic}
     uint ConcGCThreads                            = 1                                         {product} {ergonomic}
     uint G1ConcRefinementThreads                  = 4                                         {product} {ergonomic}
   size_t G1HeapRegionSize                         = 1048576                                   {product} {ergonomic}
    uintx GCDrainStackTargetSize                   = 64                                        {product} {ergonomic}
   size_t InitialHeapSize                          = 127926272                                 {product} {ergonomic}
   size_t MarkStackSize                            = 4194304                                   {product} {ergonomic}
   size_t MaxHeapSize                              = 2036334592                                {product} {ergonomic}
   size_t MaxNewSize                               = 1221591040                                {product} {ergonomic}
   size_t MinHeapDeltaBytes                        = 1048576                                   {product} {ergonomic}
    uintx NonNMethodCodeHeapSize                   = 5830732                                {pd product} {ergonomic}
    uintx NonProfiledCodeHeapSize                  = 122913754                              {pd product} {ergonomic}
    uintx ProfiledCodeHeapSize                     = 122913754                              {pd product} {ergonomic}
    uintx ReservedCodeCacheSize                    = 251658240                              {pd product} {ergonomic}
     bool SegmentedCodeCache                       = true                                      {product} {ergonomic}
     bool UseCompressedClassPointers               = true                                 {lp64_product} {ergonomic}
     bool UseCompressedOops                        = true                                 {lp64_product} {ergonomic}
     bool UseG1GC                                  = true                                      {product} {ergonomic}
     bool UseLargePagesIndividualAllocation        = false                                  {pd product} {ergonomic}

Logging:
Log output configuration:
 #0: stdout all=warning uptime,level,tags
 #1: stderr all=off uptime,level,tags

Environment Variables:
JAVA_HOME=C:\Program Files\Java\jdk1.8.0_211
PATH=C:\Program Files (x86)\Common Files\Oracle\Java\javapath;C:\WINDOWS\system32;C:\WINDOWS;C:\WINDOWS\System32\Wbem;C:\WINDOWS\System32\WindowsPowerShell\v1.0\;C:\WINDOWS\System32\OpenSSH\;C:\Users\pc\AppData\Local\Android\Sdk\platform-tools;C:\Program Files\nodejs\;C:\Program Files\Git\cmd;C:\Users\pc\AppData\Local\Microsoft\WindowsApps;C:\Users\pc\AppData\Roaming\npm;C:\Users\pc\AppData\Local\Programs\Microsoft VS Code\bin;
USERNAME=pc
OS=Windows_NT
PROCESSOR_IDENTIFIER=Intel64 Family 6 Model 42 Stepping 7, GenuineIntel



---------------  S Y S T E M  ---------------

OS: Windows 10 , 64 bit Build 19041 (10.0.19041.1)
OS uptime: 4 days 8:46 hours

CPU:total 4 (initial active 4) (2 cores per cpu, 2 threads per core) family 6 model 42 stepping 7 microcode 0x2f, cmov, cx8, fxsr, mmx, sse, sse2, sse3, ssse3, sse4.1, sse4.2, popcnt, avx, clmul, ht, tsc, tscinvbit

Memory: 4k page, system-wide physical 7765M (802M free)
TotalPageFile size 14015M (AvailPageFile size 31M)
current process WorkingSet (physical memory assigned to process): 344M, peak: 346M
current process commit charge ("private bytes"): 374M, peak: 410M

vm_info: OpenJDK 64-Bit Server VM (11.0.10+0-b96-7249189) for windows-amd64 JRE (11.0.10+0-b96-7249189), built on Mar 31 2021 21:44:00 by "builder" with MS VC++ 14.0 (VS2015)

END.
